#
# A fatal error has been detected by the Java Runtime Environment:
#
#  SIGSEGV (0xb) at pc=0x0000000111bed027, pid=23575, tid=0x000000000000fc0b
#
# JRE version: Java(TM) SE Runtime Environment (8.0_171-b11) (build 1.8.0_171-b11)
# Java VM: Java HotSpot(TM) 64-Bit Server VM (25.171-b11 mixed mode bsd-amd64 compressed oops)
# Problematic frame:
# C  [libawt_lwawt.dylib+0x1c027]  OGLSD_SetScratchSurface+0x49
#
# Failed to write core dump. Core dumps have been disabled. To enable core dumping, try "ulimit -c unlimited" before starting Java again
#
# If you would like to submit a bug report, please visit:
#   http://bugreport.java.com/bugreport/crash.jsp
# The crash happened outside the Java Virtual Machine in native code.
# See problematic frame for where to report the bug.
#

---------------  T H R E A D  ---------------

Current thread (0x00007fd90716f000):  JavaThread "Java2D Queue Flusher" daemon [_thread_in_native, id=64523, stack(0x0000700005c48000,0x0000700005d48000)]

siginfo: si_signo: 11 (SIGSEGV), si_code: 1 (SEGV_MAPERR), si_addr: 0x0000000000000002

Registers:
RAX=0x0000000111c0e5ca, RBX=0x0000000000000002, RCX=0x0000000000000047, RDX=0x0000000111c0eb14
RSP=0x0000700005d47810, RBP=0x0000700005d47830, RSI=0x00007fd905c9dde0, RDI=0x00007fd90716f1f8
R8 =0x0000000000000020, R9 =0x0000000000000000, R10=0x00000001126573f8, R11=0x00000000d8008391
R12=0x0000000000000000, R13=0x00000006c0041d48, R14=0x00007fd90716f1f8, R15=0x00007fd90716f000
RIP=0x0000000111bed027, EFLAGS=0x0000000000010202, ERR=0x0000000000000004
  TRAPNO=0x000000000000000e

Top of Stack: (sp=0x0000700005d47810)
0x0000700005d47810:   00007fd905c9dde0 0000000000000000
0x0000700005d47820:   00007fd90714b410 00007fd90716f000
0x0000700005d47830:   0000700005d478b0 0000000111c0e5f2
0x0000700005d47840:   0000000000000064 00007fd905c39c68
0x0000700005d47850:   0000700005d478b0 000000010d950fd8
0x0000700005d47860:   0000000000000005 00007fd90716f000
0x0000700005d47870:   00000006c0041d01 00007fd90714b420
0x0000700005d47880:   0000700000d47800 00007fd90716f1f8
0x0000700005d47890:   0000000000000000 0000000000000000
0x0000700005d478a0:   0000700005d47908 00007fd90716f000
0x0000700005d478b0:   0000700005d47900 000000011265746a
0x0000700005d478c0:   00000006c0041c70 00000006c01ef498
0x0000700005d478d0:   0000000110613028 0000000000000000
0x0000700005d478e0:   0000000110612f48 0000000000000000
0x0000700005d478f0:   0000700005d47910 00000006c0041d48
0x0000700005d47900:   00000000d800838e 0000000112fc5b70
0x0000700005d47910:   00000006c0041c70 0000000000000000
0x0000700005d47920:   00000006c0041d48 0000000000000000
0x0000700005d47930:   00000006c0041d48 0000700005d479d0
0x0000700005d47940:   0000000000000001 0000000000000000
0x0000700005d47950:   0000700005d479d0 0000000111e2d7a7
0x0000700005d47960:   00000006c0051a80 00000006c0051a80
0x0000700005d47970:   0000700000001fa0 000000000000000a
0x0000700005d47980:   00007fd90716f000 0000000000000001
0x0000700005d47990:   0000000111e2d71f 0000000110562d48
0x0000700005d479a0:   0000700005d47a68 0000700005d47d00
0x0000700005d479b0:   000000010000000a 0000000110562d48
0x0000700005d479c0:   0000000111e40ae0 0000700005d47c70
0x0000700005d479d0:   0000700005d47b80 000000010d8ef1f6
0x0000700005d479e0:   0000700000000001 00007fd90716f000
0x0000700005d479f0:   00007fd90716f000 0000700005d47d00
0x0000700005d47a00:   00007fd905c39c60 0000000111e40ae0 

Instructions: (pc=0x0000000111bed027)
0x0000000111bed007:   c0 e9 82 00 00 00 48 8b 5e 10 48 85 db 75 0e bf
0x0000000111bed017:   01 00 00 00 48 8d 15 a8 96 03 00 eb d6 49 89 fe
0x0000000111bed027:   4c 8b 3b 30 c0 e8 ff bc 02 00 49 8b 3f 49 89 c4
0x0000000111bed037:   48 8b 35 02 29 06 00 30 c0 e8 4d be 02 00 48 85 

Register to memory mapping:

RAX=0x0000000111c0e5ca: Java_sun_java2d_opengl_OGLRenderQueue_flushBuffer+0x612 in /Library/Java/JavaVirtualMachines/jdk1.8.0_171.jdk/Contents/Home/jre/lib/libawt_lwawt.dylib at 0x0000000111bd1000
RBX=0x0000000000000002 is an unknown value
RCX=0x0000000000000047 is an unknown value
RDX=0x0000000111c0eb14: Java_sun_java2d_opengl_OGLRenderQueue_flushBuffer+0xb5c in /Library/Java/JavaVirtualMachines/jdk1.8.0_171.jdk/Contents/Home/jre/lib/libawt_lwawt.dylib at 0x0000000111bd1000
RSP=0x0000700005d47810 is pointing into the stack for thread: 0x00007fd90716f000
RBP=0x0000700005d47830 is pointing into the stack for thread: 0x00007fd90716f000
RSI=0x00007fd905c9dde0 is an unknown value
RDI=0x00007fd90716f1f8 is an unknown value
R8 =0x0000000000000020 is an unknown value
R9 =0x0000000000000000 is an unknown value
R10=0x00000001126573f8 is at entry_point+56 in (nmethod*)0x0000000112657250
R11=0x00000000d8008391 is an unknown value
R12=0x0000000000000000 is an unknown value
R13=0x00000006c0041d48 is an oop
sun.java2d.opengl.OGLRenderQueue$QueueFlusher 
 - klass: 'sun/java2d/opengl/OGLRenderQueue$QueueFlusher'
R14=0x00007fd90716f1f8 is an unknown value
R15=0x00007fd90716f000 is a thread


Stack: [0x0000700005c48000,0x0000700005d48000],  sp=0x0000700005d47810,  free space=1022k
Native frames: (J=compiled Java code, j=interpreted, Vv=VM code, C=native code)
C  [libawt_lwawt.dylib+0x1c027]  OGLSD_SetScratchSurface+0x49
C  [libawt_lwawt.dylib+0x3d5f2]  Java_sun_java2d_opengl_OGLRenderQueue_flushBuffer+0x63a
J 3766  sun.java2d.opengl.OGLRenderQueue.flushBuffer(JI)V (0 bytes) @ 0x000000011265746a [0x00000001126573c0+0xaa]
J 6346% C2 sun.java2d.opengl.OGLRenderQueue$QueueFlusher.run()V (234 bytes) @ 0x0000000112fc5b70 [0x0000000112fc5aa0+0xd0]
v  ~StubRoutines::call_stub
V  [libjvm.dylib+0x2ef1f6]  JavaCalls::call_helper(JavaValue*, methodHandle*, JavaCallArguments*, Thread*)+0x6ae
V  [libjvm.dylib+0x2ef99a]  JavaCalls::call_virtual(JavaValue*, KlassHandle, Symbol*, Symbol*, JavaCallArguments*, Thread*)+0x164
V  [libjvm.dylib+0x2efb46]  JavaCalls::call_virtual(JavaValue*, Handle, KlassHandle, Symbol*, Symbol*, Thread*)+0x4a
V  [libjvm.dylib+0x34a46d]  thread_entry(JavaThread*, Thread*)+0x7c
V  [libjvm.dylib+0x56eb0f]  JavaThread::thread_main_inner()+0x9b
V  [libjvm.dylib+0x57020a]  JavaThread::run()+0x1c2
V  [libjvm.dylib+0x48d4a6]  java_start(Thread*)+0xf6
C  [libsystem_pthread.dylib+0x393b]  _pthread_body+0xb4
C  [libsystem_pthread.dylib+0x3887]  _pthread_body+0x0
C  [libsystem_pthread.dylib+0x308d]  thread_start+0xd
C  0x0000000000000000

Java frames: (J=compiled Java code, j=interpreted, Vv=VM code)
J 3766  sun.java2d.opengl.OGLRenderQueue.flushBuffer(JI)V (0 bytes) @ 0x00000001126573f8 [0x00000001126573c0+0x38]
J 6346% C2 sun.java2d.opengl.OGLRenderQueue$QueueFlusher.run()V (234 bytes) @ 0x0000000112fc5b70 [0x0000000112fc5aa0+0xd0]
v  ~StubRoutines::call_stub

---------------  P R O C E S S  ---------------

Java Threads: ( => current thread )
  0x00007fd906273000 JavaThread "Thread-438254" [_thread_blocked, id=932411, stack(0x000070000718a000,0x000070000728a000)]
  0x00007fd907306800 JavaThread "pool-438246-thread-1" [_thread_blocked, id=971243, stack(0x00007000059bc000,0x0000700005abc000)]
  0x00007fd907d10800 JavaThread "pool-58-thread-5" [_thread_blocked, id=71747, stack(0x00007000063e0000,0x00007000064e0000)]
  0x00007fd907d10000 JavaThread "pool-58-thread-4" [_thread_in_native, id=71007, stack(0x00007000062dd000,0x00007000063dd000)]
  0x00007fd907d0f000 JavaThread "pool-58-thread-3" [_thread_blocked, id=73239, stack(0x00007000061da000,0x00007000062da000)]
  0x00007fd90d264800 JavaThread "pool-58-thread-2" [_thread_blocked, id=71255, stack(0x00007000060d7000,0x00007000061d7000)]
  0x00007fd906cba800 JavaThread "pool-58-thread-1" [_thread_blocked, id=71967, stack(0x0000700005e4e000,0x0000700005f4e000)]
  0x00007fd90c049000 JavaThread "com.cosylab.epics.caj.util.SearchTimer" [_thread_blocked, id=101899, stack(0x0000700007596000,0x0000700007696000)]
  0x00007fd907300000 JavaThread "Thread-16" [_thread_blocked, id=90627, stack(0x0000700007390000,0x0000700007490000)]
  0x00007fd907f0f800 JavaThread "pool-2-thread-1" [_thread_blocked, id=90115, stack(0x000070000728d000,0x000070000738d000)]
  0x00007fd906415000 JavaThread "Thread-14" [_thread_blocked, id=89091, stack(0x0000700007087000,0x0000700007187000)]
  0x00007fd907f0e800 JavaThread "pool-3-thread-1" [_thread_blocked, id=88335, stack(0x0000700006f84000,0x0000700007084000)]
  0x00007fd9072fe800 JavaThread "pool-9-thread-5" [_thread_blocked, id=88247, stack(0x0000700006e81000,0x0000700006f81000)]
  0x00007fd9072fd800 JavaThread "pool-9-thread-4" [_thread_blocked, id=5159, stack(0x0000700006d7e000,0x0000700006e7e000)]
  0x00007fd907cd3800 JavaThread "pool-9-thread-3" [_thread_blocked, id=83019, stack(0x0000700006c7b000,0x0000700006d7b000)]
  0x00007fd907cd3000 JavaThread "pool-9-thread-2" [_thread_in_native, id=84047, stack(0x0000700006b78000,0x0000700006c78000)]
  0x00007fd907cd0000 JavaThread "pool-9-thread-1" [_thread_blocked, id=80519, stack(0x000070000650e000,0x000070000660e000)]
  0x00007fd906c52000 JavaThread "DestroyJavaVM" [_thread_blocked, id=6915, stack(0x0000700004989000,0x0000700004a89000)]
  0x00007fd9072fa000 JavaThread "Thread-10" [_thread_in_native, id=85783, stack(0x0000700006a75000,0x0000700006b75000)]
  0x00007fd906236800 JavaThread "JmDNS(localhost.local.).State.Timer" daemon [_thread_blocked, id=81979, stack(0x0000700006972000,0x0000700006a72000)]
  0x00007fd9063eb800 JavaThread "JmDNS(localhost.local.).Timer" daemon [_thread_blocked, id=84419, stack(0x000070000686f000,0x000070000696f000)]
  0x00007fd907cb5000 JavaThread "SocketListener(localhost.local.)" daemon [_thread_in_native, id=81451, stack(0x000070000676c000,0x000070000686c000)]
  0x00007fd9063e8800 JavaThread "Thread-5" [_thread_blocked, id=79691, stack(0x0000700006669000,0x0000700006769000)]
  0x00007fd90718c800 JavaThread "TimerQueue" daemon [_thread_blocked, id=78135, stack(0x0000700005fd4000,0x00007000060d4000)]
  0x00007fd9061c4800 JavaThread "AWT-EventQueue-0" [_thread_blocked, id=15375, stack(0x00007000058b9000,0x00007000059b9000)]
  0x00007fd9060d3800 JavaThread "AWT-Shutdown" [_thread_blocked, id=30235, stack(0x0000700004883000,0x0000700004983000)]
  0x00007fd90715b000 JavaThread "Java2D Disposer" daemon [_thread_blocked, id=67111, stack(0x0000700005d4b000,0x0000700005e4b000)]
=>0x00007fd90716f000 JavaThread "Java2D Queue Flusher" daemon [_thread_in_native, id=64523, stack(0x0000700005c48000,0x0000700005d48000)]
  0x00007fd906143000 JavaThread "Timer-0" daemon [_thread_blocked, id=51727, stack(0x0000700005b45000,0x0000700005c45000)]
  0x00007fd906035800 JavaThread "AppKit Thread" daemon [_thread_in_native, id=775, stack(0x00007fff52775000,0x00007fff52f75000)]
  0x00007fd906075000 JavaThread "Service Thread" daemon [_thread_blocked, id=18691, stack(0x0000700005630000,0x0000700005730000)]
  0x00007fd907812800 JavaThread "C1 CompilerThread2" daemon [_thread_blocked, id=18179, stack(0x000070000552d000,0x000070000562d000)]
  0x00007fd906838000 JavaThread "C2 CompilerThread1" daemon [_thread_blocked, id=17667, stack(0x000070000542a000,0x000070000552a000)]
  0x00007fd907800000 JavaThread "C2 CompilerThread0" daemon [_thread_blocked, id=17155, stack(0x0000700005327000,0x0000700005427000)]
  0x00007fd90780d800 JavaThread "Signal Dispatcher" daemon [_thread_blocked, id=16643, stack(0x0000700005224000,0x0000700005324000)]
  0x00007fd90780c000 JavaThread "Finalizer" daemon [_thread_blocked, id=12291, stack(0x000070000509e000,0x000070000519e000)]
  0x00007fd906818800 JavaThread "Reference Handler" daemon [_thread_blocked, id=11779, stack(0x0000700004f9b000,0x000070000509b000)]

Other Threads:
  0x00007fd907035000 VMThread [stack: 0x0000700004e98000,0x0000700004f98000] [id=11267]
  0x00007fd90683b000 WatcherThread [stack: 0x0000700005733000,0x0000700005833000] [id=19203]

VM state:not at safepoint (normal execution)

VM Mutex/Monitor currently owned by a thread: None

Heap:
 PSYoungGen      total 41472K, used 16375K [0x000000076ab00000, 0x000000077b600000, 0x00000007c0000000)
  eden space 40960K, 39% used [0x000000076ab00000,0x000000076bafdfb0,0x000000076d300000)
  from space 512K, 0% used [0x000000077b500000,0x000000077b500000,0x000000077b580000)
  to   space 512K, 0% used [0x000000077b580000,0x000000077b580000,0x000000077b600000)
 ParOldGen       total 105984K, used 15809K [0x00000006c0000000, 0x00000006c6780000, 0x000000076ab00000)
  object space 105984K, 14% used [0x00000006c0000000,0x00000006c0f70638,0x00000006c6780000)
 Metaspace       used 27753K, capacity 28390K, committed 28544K, reserved 1075200K
  class space    used 3489K, capacity 3636K, committed 3712K, reserved 1048576K

Card table byte_map: [0x000000010e96e000,0x000000010f16f000] byte_map_base: 0x000000010b36e000

Marking Bits: (ParMarkBitMap*) 0x000000010def76e0
 Begin Bits: [0x0000000120e2d000, 0x0000000124e2d000)
 End Bits:   [0x0000000124e2d000, 0x0000000128e2d000)

Polling page: 0x000000010cd4c000

CodeCache: size=245760Kb used=18588Kb max_used=19005Kb free=227171Kb
 bounds [0x0000000111e2d000, 0x000000011310d000, 0x0000000120e2d000]
 total_blobs=5849 nmethods=5153 adapters=607
 compilation: enabled

Compilation events (10 events):
Event: 33016.837 Thread 0x00007fd907812800 6683       3       javax.jmdns.impl.DNSRecord$Service::getServiceInfo (29 bytes)
Event: 33016.838 Thread 0x00007fd907812800 nmethod 6683 0x0000000112fa4a50 code [0x0000000112fa4c00, 0x0000000112fa5198]
Event: 33779.723 Thread 0x00007fd907800000 6684 % !   4       java.lang.ref.Finalizer$FinalizerThread::run @ 33 (55 bytes)
Event: 33779.738 Thread 0x00007fd907800000 nmethod 6684% 0x0000000112ad6950 code [0x0000000112ad6b40, 0x0000000112ad77d0]
Event: 35294.722 Thread 0x00007fd906838000 6685       4       java.lang.ref.Finalizer::access$100 (6 bytes)
Event: 35294.728 Thread 0x00007fd906838000 nmethod 6685 0x0000000113069550 code [0x00000001130696e0, 0x0000000113069c98]
Event: 36018.756 Thread 0x00007fd907812800 6686       1       javax.jmdns.impl.JmDNSImpl::getName (5 bytes)
Event: 36018.756 Thread 0x00007fd907812800 nmethod 6686 0x0000000112ad6690 code [0x0000000112ad67e0, 0x0000000112ad68f0]
Event: 36235.036 Thread 0x00007fd907812800 6687       3       com.apple.laf.AquaButtonUI::layoutAndGetText (232 bytes)
Event: 36235.038 Thread 0x00007fd907812800 nmethod 6687 0x000000011306a210 code [0x000000011306a440, 0x000000011306b698]

GC Heap History (10 events):
Event: 36224.729 GC heap before
{Heap before GC invocations=15417 (full 13):
 PSYoungGen      total 34816K, used 34528K [0x000000076ab00000, 0x000000077b600000, 0x00000007c0000000)
  eden space 34304K, 100% used [0x000000076ab00000,0x000000076cc80000,0x000000076cc80000)
  from space 512K, 43% used [0x000000077b500000,0x000000077b538000,0x000000077b580000)
  to   space 512K, 0% used [0x000000077b580000,0x000000077b580000,0x000000077b600000)
 ParOldGen       total 156160K, used 141011K [0x00000006c0000000, 0x00000006c9880000, 0x000000076ab00000)
  object space 156160K, 90% used [0x00000006c0000000,0x00000006c89b4cb8,0x00000006c9880000)
 Metaspace       used 27753K, capacity 28390K, committed 28544K, reserved 1075200K
  class space    used 3489K, capacity 3636K, committed 3712K, reserved 1048576K
Event: 36224.732 GC heap after
Heap after GC invocations=15417 (full 13):
 PSYoungGen      total 34816K, used 384K [0x000000076ab00000, 0x000000077b600000, 0x00000007c0000000)
  eden space 34304K, 0% used [0x000000076ab00000,0x000000076ab00000,0x000000076cc80000)
  from space 512K, 75% used [0x000000077b580000,0x000000077b5e0000,0x000000077b600000)
  to   space 512K, 0% used [0x000000077b500000,0x000000077b500000,0x000000077b580000)
 ParOldGen       total 156160K, used 141011K [0x00000006c0000000, 0x00000006c9880000, 0x000000076ab00000)
  object space 156160K, 90% used [0x00000006c0000000,0x00000006c89b4cb8,0x00000006c9880000)
 Metaspace       used 27753K, capacity 28390K, committed 28544K, reserved 1075200K
  class space    used 3489K, capacity 3636K, committed 3712K, reserved 1048576K
}
Event: 36230.728 GC heap before
{Heap before GC invocations=15418 (full 13):
 PSYoungGen      total 34816K, used 34688K [0x000000076ab00000, 0x000000077b600000, 0x00000007c0000000)
  eden space 34304K, 100% used [0x000000076ab00000,0x000000076cc80000,0x000000076cc80000)
  from space 512K, 75% used [0x000000077b580000,0x000000077b5e0000,0x000000077b600000)
  to   space 512K, 0% used [0x000000077b500000,0x000000077b500000,0x000000077b580000)
 ParOldGen       total 156160K, used 141011K [0x00000006c0000000, 0x00000006c9880000, 0x000000076ab00000)
  object space 156160K, 90% used [0x00000006c0000000,0x00000006c89b4cb8,0x00000006c9880000)
 Metaspace       used 27753K, capacity 28390K, committed 28544K, reserved 1075200K
  class space    used 3489K, capacity 3636K, committed 3712K, reserved 1048576K
Event: 36230.733 GC heap after
Heap after GC invocations=15418 (full 13):
 PSYoungGen      total 34816K, used 320K [0x000000076ab00000, 0x000000077b600000, 0x00000007c0000000)
  eden space 34304K, 0% used [0x000000076ab00000,0x000000076ab00000,0x000000076cc80000)
  from space 512K, 62% used [0x000000077b500000,0x000000077b550000,0x000000077b580000)
  to   space 512K, 0% used [0x000000077b580000,0x000000077b580000,0x000000077b600000)
 ParOldGen       total 156160K, used 141011K [0x00000006c0000000, 0x00000006c9880000, 0x000000076ab00000)
  object space 156160K, 90% used [0x00000006c0000000,0x00000006c89b4cb8,0x00000006c9880000)
 Metaspace       used 27753K, capacity 28390K, committed 28544K, reserved 1075200K
  class space    used 3489K, capacity 3636K, committed 3712K, reserved 1048576K
}
Event: 36234.968 GC heap before
{Heap before GC invocations=15419 (full 13):
 PSYoungGen      total 34816K, used 34187K [0x000000076ab00000, 0x000000077b600000, 0x00000007c0000000)
  eden space 34304K, 98% used [0x000000076ab00000,0x000000076cc12f40,0x000000076cc80000)
  from space 512K, 62% used [0x000000077b500000,0x000000077b550000,0x000000077b580000)
  to   space 512K, 0% used [0x000000077b580000,0x000000077b580000,0x000000077b600000)
 ParOldGen       total 156160K, used 141011K [0x00000006c0000000, 0x00000006c9880000, 0x000000076ab00000)
  object space 156160K, 90% used [0x00000006c0000000,0x00000006c89b4cb8,0x00000006c9880000)
 Metaspace       used 27753K, capacity 28390K, committed 28544K, reserved 1075200K
  class space    used 3489K, capacity 3636K, committed 3712K, reserved 1048576K
Event: 36234.982 GC heap after
Heap after GC invocations=15419 (full 13):
 PSYoungGen      total 34816K, used 384K [0x000000076ab00000, 0x000000077b600000, 0x00000007c0000000)
  eden space 34304K, 0% used [0x000000076ab00000,0x000000076ab00000,0x000000076cc80000)
  from space 512K, 75% used [0x000000077b580000,0x000000077b5e0000,0x000000077b600000)
  to   space 512K, 0% used [0x000000077b500000,0x000000077b500000,0x000000077b580000)
 ParOldGen       total 156160K, used 150480K [0x00000006c0000000, 0x00000006c9880000, 0x000000076ab00000)
  object space 156160K, 96% used [0x00000006c0000000,0x00000006c92f4220,0x00000006c9880000)
 Metaspace       used 27753K, capacity 28390K, committed 28544K, reserved 1075200K
  class space    used 3489K, capacity 3636K, committed 3712K, reserved 1048576K
}
Event: 36235.398 GC heap before
{Heap before GC invocations=15420 (full 13):
 PSYoungGen      total 34816K, used 32294K [0x000000076ab00000, 0x000000077b600000, 0x00000007c0000000)
  eden space 34304K, 93% used [0x000000076ab00000,0x000000076ca29830,0x000000076cc80000)
  from space 512K, 75% used [0x000000077b580000,0x000000077b5e0000,0x000000077b600000)
  to   space 512K, 0% used [0x000000077b500000,0x000000077b500000,0x000000077b580000)
 ParOldGen       total 156160K, used 150480K [0x00000006c0000000, 0x00000006c9880000, 0x000000076ab00000)
  object space 156160K, 96% used [0x00000006c0000000,0x00000006c92f4220,0x00000006c9880000)
 Metaspace       used 27753K, capacity 28390K, committed 28544K, reserved 1075200K
  class space    used 3489K, capacity 3636K, committed 3712K, reserved 1048576K
Event: 36235.416 GC heap after
Heap after GC invocations=15420 (full 13):
 PSYoungGen      total 41472K, used 505K [0x000000076ab00000, 0x000000077b600000, 0x00000007c0000000)
  eden space 40960K, 0% used [0x000000076ab00000,0x000000076ab00000,0x000000076d300000)
  from space 512K, 98% used [0x000000077b500000,0x000000077b57e750,0x000000077b580000)
  to   space 512K, 0% used [0x000000077b580000,0x000000077b580000,0x000000077b600000)
 ParOldGen       total 159232K, used 158919K [0x00000006c0000000, 0x00000006c9b80000, 0x000000076ab00000)
  object space 159232K, 99% used [0x00000006c0000000,0x00000006c9b31f58,0x00000006c9b80000)
 Metaspace       used 27753K, capacity 28390K, committed 28544K, reserved 1075200K
  class space    used 3489K, capacity 3636K, committed 3712K, reserved 1048576K
}
Event: 36235.416 GC heap before
{Heap before GC invocations=15421 (full 14):
 PSYoungGen      total 41472K, used 505K [0x000000076ab00000, 0x000000077b600000, 0x00000007c0000000)
  eden space 40960K, 0% used [0x000000076ab00000,0x000000076ab00000,0x000000076d300000)
  from space 512K, 98% used [0x000000077b500000,0x000000077b57e750,0x000000077b580000)
  to   space 512K, 0% used [0x000000077b580000,0x000000077b580000,0x000000077b600000)
 ParOldGen       total 159232K, used 158919K [0x00000006c0000000, 0x00000006c9b80000, 0x000000076ab00000)
  object space 159232K, 99% used [0x00000006c0000000,0x00000006c9b31f58,0x00000006c9b80000)
 Metaspace       used 27753K, capacity 28390K, committed 28544K, reserved 1075200K
  class space    used 3489K, capacity 3636K, committed 3712K, reserved 1048576K
Event: 36235.596 GC heap after
Heap after GC invocations=15421 (full 14):
 PSYoungGen      total 41472K, used 0K [0x000000076ab00000, 0x000000077b600000, 0x00000007c0000000)
  eden space 40960K, 0% used [0x000000076ab00000,0x000000076ab00000,0x000000076d300000)
  from space 512K, 0% used [0x000000077b500000,0x000000077b500000,0x000000077b580000)
  to   space 512K, 0% used [0x000000077b580000,0x000000077b580000,0x000000077b600000)
 ParOldGen       total 105984K, used 15809K [0x00000006c0000000, 0x00000006c6780000, 0x000000076ab00000)
  object space 105984K, 14% used [0x00000006c0000000,0x00000006c0f70638,0x00000006c6780000)
 Metaspace       used 27753K, capacity 28390K, committed 28544K, reserved 1075200K
  class space    used 3489K, capacity 3636K, committed 3712K, reserved 1048576K
}

Deoptimization events (10 events):
Event: 15861.870 Thread 0x00007fd90d264800 Uncommon trap: reason=class_check action=maybe_recompile pc=0x0000000112f9aff0 method=java.util.concurrent.ThreadPoolExecutor.runWorker(Ljava/util/concurrent/ThreadPoolExecutor$Worker;)V @ 95
Event: 16786.639 Thread 0x00007fd9072fe800 Uncommon trap: reason=class_check action=maybe_recompile pc=0x0000000112f9aff0 method=java.util.concurrent.ThreadPoolExecutor.runWorker(Ljava/util/concurrent/ThreadPoolExecutor$Worker;)V @ 95
Event: 25729.205 Thread 0x00007fd90780c000 Uncommon trap: reason=unstable_if action=reinterpret pc=0x0000000112849578 method=java.lang.ref.Finalizer.remove()V @ 10
Event: 25729.205 Thread 0x00007fd90780c000 Uncommon trap: reason=unstable_if action=reinterpret pc=0x000000011218a4e8 method=java.lang.ref.Finalizer.remove()V @ 10
Event: 25729.205 Thread 0x00007fd90780c000 Uncommon trap: reason=unstable_if action=reinterpret pc=0x0000000113009354 method=java.lang.ref.Finalizer.remove()V @ 10
Event: 30753.515 Thread 0x00007fd9061c4800 Uncommon trap: reason=unstable_if action=reinterpret pc=0x0000000112c2089c method=sun.font.GlyphList.dispose()V @ 11
Event: 30753.515 Thread 0x00007fd9061c4800 Uncommon trap: reason=unstable_if action=reinterpret pc=0x00000001130074ac method=sun.font.GlyphList.dispose()V @ 11
Event: 30753.520 Thread 0x00007fd9061c4800 Uncommon trap: reason=unstable_if action=reinterpret pc=0x0000000112edf2c8 method=sun.font.GlyphList.dispose()V @ 11
Event: 32949.237 Thread 0x00007fd9061c4800 Uncommon trap: reason=unstable_if action=reinterpret pc=0x00000001129a5304 method=sun.awt.image.VolatileSurfaceManager.validate(Ljava/awt/GraphicsConfiguration;)I @ 137
Event: 36234.955 Thread 0x00007fd906035800 Uncommon trap: reason=unstable_if action=reinterpret pc=0x0000000112f89084 method=sun.awt.PostEventQueue.flush()V @ 23

Classes redefined (0 events):
No events

Internal exceptions (10 events):
Event: 3342.710 Thread 0x00007fd906035800 Implicit null exception at 0x00000001128f99cc to 0x00000001128f9b1d
Event: 3342.768 Thread 0x00007fd9061c4800 Implicit null exception at 0x0000000112c5a16c to 0x0000000112c5c621
Event: 3342.769 Thread 0x00007fd9061c4800 Implicit null exception at 0x00000001128ed642 to 0x00000001128ed809
Event: 3342.776 Thread 0x00007fd9061c4800 Implicit null exception at 0x00000001129af0c6 to 0x00000001129afc29
Event: 3342.777 Thread 0x00007fd9061c4800 Implicit null exception at 0x0000000112b3c59c to 0x0000000112b3f415
Event: 3346.016 Thread 0x00007fd9061c4800 Implicit null exception at 0x0000000112e02770 to 0x0000000112e04c61
Event: 3346.036 Thread 0x00007fd9061c4800 Implicit null exception at 0x0000000112157261 to 0x00000001121575c1
Event: 8742.614 Thread 0x00007fd9061c4800 Implicit null exception at 0x0000000112ecee25 to 0x0000000112ecfd41
Event: 9999.314 Thread 0x00007fd9061c4800 Implicit null exception at 0x0000000112d0a41c to 0x0000000112d0bffd
Event: 14021.289 Thread 0x00007fd9061c4800 Implicit null exception at 0x00000001125b6e7f to 0x00000001125b8069

Events (10 events):
Event: 36235.608 Thread 0x00007fd906b78000 Thread exited: 0x00007fd906b78000
Event: 36235.608 Thread 0x00007fd906cac000 Thread exited: 0x00007fd906cac000
Event: 36235.608 Thread 0x00007fd906e0d000 Thread exited: 0x00007fd906e0d000
Event: 36235.608 Thread 0x00007fd906c51000 Thread exited: 0x00007fd906c51000
Event: 36235.608 Thread 0x00007fd9060a1000 Thread exited: 0x00007fd9060a1000
Event: 36235.608 Thread 0x00007fd90749b000 Thread exited: 0x00007fd90749b000
Event: 36235.608 Thread 0x00007fd906dda800 Thread exited: 0x00007fd906dda800
Event: 36235.608 Thread 0x00007fd90748e000 Thread exited: 0x00007fd90748e000
Event: 36235.608 Thread 0x00007fd906313000 Thread exited: 0x00007fd906313000
Event: 36235.609 Thread 0x00007fd90ecc1800 Thread exited: 0x00007fd90ecc1800


Dynamic libraries:
0x0000000000a78000 	/System/Library/Frameworks/Cocoa.framework/Versions/A/Cocoa
0x0000000000a78000 	/System/Library/Frameworks/Security.framework/Versions/A/Security
0x0000000000a78000 	/System/Library/Frameworks/ApplicationServices.framework/Versions/A/ApplicationServices
0x0000000000a78000 	/usr/lib/libz.1.dylib
0x0000000000a78000 	/usr/lib/libSystem.B.dylib
0x0000000000a78000 	/usr/lib/libobjc.A.dylib
0x0000000000a78000 	/System/Library/Frameworks/CoreFoundation.framework/Versions/A/CoreFoundation
0x0000000000a78000 	/System/Library/Frameworks/Foundation.framework/Versions/C/Foundation
0x0000000000a78000 	/System/Library/Frameworks/AppKit.framework/Versions/C/AppKit
0x0000000000a78000 	/System/Library/Frameworks/CoreData.framework/Versions/A/CoreData
0x0000000000a78000 	/System/Library/PrivateFrameworks/RemoteViewServices.framework/Versions/A/RemoteViewServices
0x0000000000a78000 	/System/Library/PrivateFrameworks/UIFoundation.framework/Versions/A/UIFoundation
0x0000000000a78000 	/System/Library/PrivateFrameworks/DFRFoundation.framework/Versions/A/DFRFoundation
0x0000000000a78000 	/usr/lib/libenergytrace.dylib
0x0000000000a78000 	/System/Library/PrivateFrameworks/SkyLight.framework/Versions/A/SkyLight
0x0000000000a78000 	/System/Library/Frameworks/CoreGraphics.framework/Versions/A/CoreGraphics
0x0000000000a78000 	/usr/lib/libScreenReader.dylib
0x0000000000a78000 	/System/Library/Frameworks/Accelerate.framework/Versions/A/Accelerate
0x0000000000a78000 	/System/Library/Frameworks/IOSurface.framework/Versions/A/IOSurface
0x0000000000a78000 	/System/Library/Frameworks/AudioToolbox.framework/Versions/A/AudioToolbox
0x0000000000a78000 	/System/Library/Frameworks/AudioUnit.framework/Versions/A/AudioUnit
0x0000000000a78000 	/System/Library/PrivateFrameworks/DataDetectorsCore.framework/Versions/A/DataDetectorsCore
0x0000000000a78000 	/System/Library/PrivateFrameworks/DesktopServicesPriv.framework/Versions/A/DesktopServicesPriv
0x0000000000a78000 	/System/Library/Frameworks/Carbon.framework/Versions/A/Frameworks/HIToolbox.framework/Versions/A/HIToolbox
0x0000000000a78000 	/usr/lib/libicucore.A.dylib
0x0000000000a78000 	/System/Library/Frameworks/QuartzCore.framework/Versions/A/QuartzCore
0x0000000000a78000 	/System/Library/Frameworks/Carbon.framework/Versions/A/Frameworks/SpeechRecognition.framework/Versions/A/SpeechRecognition
0x0000000000a78000 	/usr/lib/libauto.dylib
0x0000000000a78000 	/usr/lib/libxml2.2.dylib
0x0000000000a78000 	/System/Library/PrivateFrameworks/CoreUI.framework/Versions/A/CoreUI
0x0000000000a78000 	/System/Library/Frameworks/CoreAudio.framework/Versions/A/CoreAudio
0x0000000000a78000 	/System/Library/Frameworks/DiskArbitration.framework/Versions/A/DiskArbitration
0x0000000000a78000 	/usr/lib/liblangid.dylib
0x0000000000a78000 	/System/Library/PrivateFrameworks/MultitouchSupport.framework/Versions/A/MultitouchSupport
0x0000000000a78000 	/System/Library/Frameworks/IOKit.framework/Versions/A/IOKit
0x0000000000a78000 	/usr/lib/libDiagnosticMessagesClient.dylib
0x0000000000a78000 	/System/Library/Frameworks/CoreServices.framework/Versions/A/CoreServices
0x0000000000a78000 	/System/Library/PrivateFrameworks/PerformanceAnalysis.framework/Versions/A/PerformanceAnalysis
0x0000000000a78000 	/System/Library/PrivateFrameworks/GenerationalStorage.framework/Versions/A/GenerationalStorage
0x0000000000a78000 	/System/Library/Frameworks/OpenGL.framework/Versions/A/OpenGL
0x0000000000a78000 	/System/Library/Frameworks/CoreImage.framework/Versions/A/CoreImage
0x0000000000a78000 	/System/Library/Frameworks/CoreText.framework/Versions/A/CoreText
0x0000000000a78000 	/System/Library/Frameworks/ImageIO.framework/Versions/A/ImageIO
0x0000000000a78000 	/System/Library/PrivateFrameworks/Backup.framework/Versions/A/Backup
0x0000000000a78000 	/usr/lib/libarchive.2.dylib
0x0000000000a78000 	/System/Library/Frameworks/CFNetwork.framework/Versions/A/CFNetwork
0x0000000000a78000 	/System/Library/Frameworks/SystemConfiguration.framework/Versions/A/SystemConfiguration
0x0000000000a78000 	/usr/lib/libCRFSuite.dylib
0x0000000000a78000 	/usr/lib/libc++.1.dylib
0x0000000000a78000 	/usr/lib/libc++abi.dylib
0x0000000000a78000 	/usr/lib/system/libcache.dylib
0x0000000000a78000 	/usr/lib/system/libcommonCrypto.dylib
0x0000000000a78000 	/usr/lib/system/libcompiler_rt.dylib
0x0000000000a78000 	/usr/lib/system/libcopyfile.dylib
0x0000000000a78000 	/usr/lib/system/libcorecrypto.dylib
0x0000000000a78000 	/usr/lib/system/libdispatch.dylib
0x0000000000a78000 	/usr/lib/system/libdyld.dylib
0x0000000000a78000 	/usr/lib/system/libkeymgr.dylib
0x0000000000a78000 	/usr/lib/system/liblaunch.dylib
0x0000000000a78000 	/usr/lib/system/libmacho.dylib
0x0000000000a78000 	/usr/lib/system/libquarantine.dylib
0x0000000000a78000 	/usr/lib/system/libremovefile.dylib
0x0000000000a78000 	/usr/lib/system/libsystem_asl.dylib
0x0000000000a78000 	/usr/lib/system/libsystem_blocks.dylib
0x0000000000a78000 	/usr/lib/system/libsystem_c.dylib
0x0000000000a78000 	/usr/lib/system/libsystem_configuration.dylib
0x0000000000a78000 	/usr/lib/system/libsystem_coreservices.dylib
0x0000000000a78000 	/usr/lib/system/libsystem_coretls.dylib
0x0000000000a78000 	/usr/lib/system/libsystem_dnssd.dylib
0x0000000000a78000 	/usr/lib/system/libsystem_info.dylib
0x0000000000a78000 	/usr/lib/system/libsystem_kernel.dylib
0x0000000000a78000 	/usr/lib/system/libsystem_m.dylib
0x0000000000a78000 	/usr/lib/system/libsystem_malloc.dylib
0x0000000000a78000 	/usr/lib/system/libsystem_network.dylib
0x0000000000a78000 	/usr/lib/system/libsystem_networkextension.dylib
0x0000000000a78000 	/usr/lib/system/libsystem_notify.dylib
0x0000000000a78000 	/usr/lib/system/libsystem_platform.dylib
0x0000000000a78000 	/usr/lib/system/libsystem_pthread.dylib
0x0000000000a78000 	/usr/lib/system/libsystem_sandbox.dylib
0x0000000000a78000 	/usr/lib/system/libsystem_secinit.dylib
0x0000000000a78000 	/usr/lib/system/libsystem_symptoms.dylib
0x0000000000a78000 	/usr/lib/system/libsystem_trace.dylib
0x0000000000a78000 	/usr/lib/system/libunwind.dylib
0x0000000000a78000 	/usr/lib/system/libxpc.dylib
0x0000000000a78000 	/usr/lib/libbsm.0.dylib
0x0000000000a78000 	/usr/lib/system/libkxld.dylib
0x0000000000a78000 	/usr/lib/libcoretls.dylib
0x0000000000a78000 	/usr/lib/libcoretls_cfhelpers.dylib
0x0000000000a78000 	/usr/lib/libOpenScriptingUtil.dylib
0x0000000000a78000 	/usr/lib/libpam.2.dylib
0x0000000000a78000 	/usr/lib/libsqlite3.dylib
0x0000000000a78000 	/usr/lib/libxar.1.dylib
0x0000000000a78000 	/usr/lib/libbz2.1.0.dylib
0x0000000000a78000 	/usr/lib/liblzma.5.dylib
0x0000000000a78000 	/usr/lib/libnetwork.dylib
0x0000000000a78000 	/usr/lib/libpcap.A.dylib
0x0000000000a78000 	/System/Library/Frameworks/CoreServices.framework/Versions/A/Frameworks/FSEvents.framework/Versions/A/FSEvents
0x0000000000a78000 	/System/Library/Frameworks/CoreServices.framework/Versions/A/Frameworks/CarbonCore.framework/Versions/A/CarbonCore
0x0000000000a78000 	/System/Library/Frameworks/CoreServices.framework/Versions/A/Frameworks/Metadata.framework/Versions/A/Metadata
0x0000000000a78000 	/System/Library/Frameworks/CoreServices.framework/Versions/A/Frameworks/OSServices.framework/Versions/A/OSServices
0x0000000000a78000 	/System/Library/Frameworks/CoreServices.framework/Versions/A/Frameworks/SearchKit.framework/Versions/A/SearchKit
0x0000000000a78000 	/System/Library/Frameworks/CoreServices.framework/Versions/A/Frameworks/AE.framework/Versions/A/AE
0x0000000000a78000 	/System/Library/Frameworks/CoreServices.framework/Versions/A/Frameworks/LaunchServices.framework/Versions/A/LaunchServices
0x0000000000a78000 	/System/Library/Frameworks/CoreServices.framework/Versions/A/Frameworks/DictionaryServices.framework/Versions/A/DictionaryServices
0x0000000000a78000 	/System/Library/Frameworks/CoreServices.framework/Versions/A/Frameworks/SharedFileList.framework/Versions/A/SharedFileList
0x0000000000a78000 	/System/Library/Frameworks/NetFS.framework/Versions/A/NetFS
0x0000000000a78000 	/System/Library/PrivateFrameworks/NetAuth.framework/Versions/A/NetAuth
0x0000000000a78000 	/System/Library/PrivateFrameworks/login.framework/Versions/A/Frameworks/loginsupport.framework/Versions/A/loginsupport
0x0000000000a78000 	/System/Library/PrivateFrameworks/TCC.framework/Versions/A/TCC
0x0000000000a78000 	/usr/lib/libmecabra.dylib
0x0000000000a78000 	/System/Library/Frameworks/ApplicationServices.framework/Versions/A/Frameworks/ATS.framework/Versions/A/ATS
0x0000000000a78000 	/System/Library/Frameworks/ApplicationServices.framework/Versions/A/Frameworks/ColorSync.framework/Versions/A/ColorSync
0x0000000000a78000 	/System/Library/Frameworks/ApplicationServices.framework/Versions/A/Frameworks/HIServices.framework/Versions/A/HIServices
0x0000000000a78000 	/System/Library/Frameworks/ApplicationServices.framework/Versions/A/Frameworks/LangAnalysis.framework/Versions/A/LangAnalysis
0x0000000000a78000 	/System/Library/Frameworks/ApplicationServices.framework/Versions/A/Frameworks/PrintCore.framework/Versions/A/PrintCore
0x0000000000a78000 	/System/Library/Frameworks/ApplicationServices.framework/Versions/A/Frameworks/QD.framework/Versions/A/QD
0x0000000000a78000 	/System/Library/Frameworks/ApplicationServices.framework/Versions/A/Frameworks/SpeechSynthesis.framework/Versions/A/SpeechSynthesis
0x0000000000a78000 	/System/Library/Frameworks/Accelerate.framework/Versions/A/Frameworks/vImage.framework/Versions/A/vImage
0x0000000000a78000 	/System/Library/Frameworks/Accelerate.framework/Versions/A/Frameworks/vecLib.framework/Versions/A/vecLib
0x0000000000a78000 	/System/Library/Frameworks/Accelerate.framework/Versions/A/Frameworks/vecLib.framework/Versions/A/libvDSP.dylib
0x0000000000a78000 	/System/Library/Frameworks/Accelerate.framework/Versions/A/Frameworks/vecLib.framework/Versions/A/libBNNS.dylib
0x0000000000a78000 	/System/Library/Frameworks/Accelerate.framework/Versions/A/Frameworks/vecLib.framework/Versions/A/libQuadrature.dylib
0x0000000000a78000 	/System/Library/Frameworks/Accelerate.framework/Versions/A/Frameworks/vecLib.framework/Versions/A/libvMisc.dylib
0x0000000000a78000 	/System/Library/Frameworks/Accelerate.framework/Versions/A/Frameworks/vecLib.framework/Versions/A/libLAPACK.dylib
0x0000000000a78000 	/System/Library/Frameworks/Accelerate.framework/Versions/A/Frameworks/vecLib.framework/Versions/A/libBLAS.dylib
0x0000000000a78000 	/System/Library/Frameworks/Accelerate.framework/Versions/A/Frameworks/vecLib.framework/Versions/A/libLinearAlgebra.dylib
0x0000000000a78000 	/System/Library/Frameworks/Accelerate.framework/Versions/A/Frameworks/vecLib.framework/Versions/A/libSparseBLAS.dylib
0x0000000000a78000 	/System/Library/Frameworks/ApplicationServices.framework/Versions/A/Frameworks/ATS.framework/Versions/A/Resources/libFontParser.dylib
0x0000000000a78000 	/System/Library/Frameworks/ApplicationServices.framework/Versions/A/Frameworks/ATS.framework/Versions/A/Resources/libFontRegistry.dylib
0x0000000000a78000 	/System/Library/Frameworks/ImageIO.framework/Versions/A/Resources/libJPEG.dylib
0x0000000000a78000 	/System/Library/Frameworks/ImageIO.framework/Versions/A/Resources/libTIFF.dylib
0x0000000000a78000 	/System/Library/Frameworks/ImageIO.framework/Versions/A/Resources/libPng.dylib
0x0000000000a78000 	/System/Library/Frameworks/ImageIO.framework/Versions/A/Resources/libGIF.dylib
0x0000000000a78000 	/System/Library/Frameworks/ImageIO.framework/Versions/A/Resources/libJP2.dylib
0x0000000000a78000 	/System/Library/Frameworks/ImageIO.framework/Versions/A/Resources/libRadiance.dylib
0x0000000000a78000 	/usr/lib/libcompression.dylib
0x0000000000a78000 	/System/Library/PrivateFrameworks/AppleJPEG.framework/Versions/A/AppleJPEG
0x0000000000a78000 	/usr/lib/libcups.2.dylib
0x0000000000a78000 	/System/Library/Frameworks/Kerberos.framework/Versions/A/Kerberos
0x0000000000a78000 	/System/Library/Frameworks/GSS.framework/Versions/A/GSS
0x0000000000a78000 	/usr/lib/libresolv.9.dylib
0x0000000000a78000 	/usr/lib/libiconv.2.dylib
0x0000000000a78000 	/System/Library/PrivateFrameworks/Heimdal.framework/Versions/A/Heimdal
0x0000000000a78000 	/usr/lib/libheimdal-asn1.dylib
0x0000000000a78000 	/System/Library/Frameworks/OpenDirectory.framework/Versions/A/OpenDirectory
0x0000000000a78000 	/System/Library/PrivateFrameworks/CommonAuth.framework/Versions/A/CommonAuth
0x0000000000a78000 	/System/Library/Frameworks/OpenDirectory.framework/Versions/A/Frameworks/CFOpenDirectory.framework/Versions/A/CFOpenDirectory
0x0000000000a78000 	/System/Library/Frameworks/SecurityFoundation.framework/Versions/A/SecurityFoundation
0x0000000000a78000 	/System/Library/PrivateFrameworks/LanguageModeling.framework/Versions/A/LanguageModeling
0x0000000000a78000 	/usr/lib/libmarisa.dylib
0x0000000000a78000 	/usr/lib/libChineseTokenizer.dylib
0x0000000000a78000 	/usr/lib/libcmph.dylib
0x0000000000a78000 	/System/Library/PrivateFrameworks/CoreEmoji.framework/Versions/A/CoreEmoji
0x0000000000a78000 	/System/Library/Frameworks/ServiceManagement.framework/Versions/A/ServiceManagement
0x0000000000a78000 	/usr/lib/libxslt.1.dylib
0x0000000000a78000 	/System/Library/Frameworks/Carbon.framework/Versions/A/Frameworks/Ink.framework/Versions/A/Ink
0x0000000000a78000 	/System/Library/PrivateFrameworks/TextureIO.framework/Versions/A/TextureIO
0x0000000000a78000 	/System/Library/Frameworks/Metal.framework/Versions/A/Metal
0x0000000000a78000 	/usr/lib/libate.dylib
0x0000000000a78000 	/System/Library/PrivateFrameworks/GPUCompiler.framework/libmetal_timestamp.dylib
0x0000000000a78000 	/System/Library/Frameworks/OpenGL.framework/Versions/A/Libraries/libCoreFSCache.dylib
0x0000000000a78000 	/System/Library/PrivateFrameworks/IOAccelerator.framework/Versions/A/IOAccelerator
0x0000000000a78000 	/System/Library/Frameworks/CoreVideo.framework/Versions/A/CoreVideo
0x0000000000a78000 	/usr/lib/libFosl_dynamic.dylib
0x0000000000a78000 	/System/Library/PrivateFrameworks/MetalPerformanceShaders.framework/Versions/A/MetalPerformanceShaders
0x0000000000a78000 	/System/Library/PrivateFrameworks/FaceCore.framework/Versions/A/FaceCore
0x0000000000a78000 	/System/Library/Frameworks/OpenCL.framework/Versions/A/OpenCL
0x0000000000a78000 	/System/Library/Frameworks/OpenGL.framework/Versions/A/Libraries/libGLU.dylib
0x0000000000a78000 	/System/Library/Frameworks/OpenGL.framework/Versions/A/Libraries/libGFXShared.dylib
0x0000000000a78000 	/System/Library/Frameworks/OpenGL.framework/Versions/A/Libraries/libGL.dylib
0x0000000000a78000 	/System/Library/Frameworks/OpenGL.framework/Versions/A/Libraries/libGLImage.dylib
0x0000000000a78000 	/System/Library/Frameworks/OpenGL.framework/Versions/A/Libraries/libCVMSPluginSupport.dylib
0x0000000000a78000 	/System/Library/Frameworks/OpenGL.framework/Versions/A/Libraries/libCoreVMClient.dylib
0x0000000000a78000 	/System/Library/PrivateFrameworks/CrashReporterSupport.framework/Versions/A/CrashReporterSupport
0x0000000000a78000 	/System/Library/PrivateFrameworks/Sharing.framework/Versions/A/Sharing
0x0000000000a78000 	/System/Library/PrivateFrameworks/IconServices.framework/Versions/A/IconServices
0x0000000000a78000 	/System/Library/PrivateFrameworks/ProtocolBuffer.framework/Versions/A/ProtocolBuffer
0x0000000000a78000 	/System/Library/PrivateFrameworks/Apple80211.framework/Versions/A/Apple80211
0x0000000000a78000 	/System/Library/Frameworks/CoreWLAN.framework/Versions/A/CoreWLAN
0x0000000000a78000 	/System/Library/PrivateFrameworks/CoreUtils.framework/Versions/A/CoreUtils
0x0000000000a78000 	/System/Library/Frameworks/IOBluetooth.framework/Versions/A/IOBluetooth
0x0000000000a78000 	/System/Library/PrivateFrameworks/CoreWiFi.framework/Versions/A/CoreWiFi
0x0000000000a78000 	/System/Library/Frameworks/CoreBluetooth.framework/Versions/A/CoreBluetooth
0x0000000000a78000 	/System/Library/Frameworks/CoreDisplay.framework/Versions/A/CoreDisplay
0x0000000000a78000 	/System/Library/PrivateFrameworks/IOPresentment.framework/Versions/A/IOPresentment
0x0000000000a78000 	/System/Library/PrivateFrameworks/DSExternalDisplay.framework/Versions/A/DSExternalDisplay
0x0000000000a78000 	/System/Library/PrivateFrameworks/DebugSymbols.framework/Versions/A/DebugSymbols
0x0000000000a78000 	/System/Library/PrivateFrameworks/CoreSymbolication.framework/Versions/A/CoreSymbolication
0x0000000000a78000 	/System/Library/PrivateFrameworks/Symbolication.framework/Versions/A/Symbolication
0x0000000000a78000 	/System/Library/PrivateFrameworks/AppleFSCompression.framework/Versions/A/AppleFSCompression
0x0000000000a78000 	/System/Library/PrivateFrameworks/SpeechRecognitionCore.framework/Versions/A/SpeechRecognitionCore
0x0000000000a78000 	/System/Library/PrivateFrameworks/ChunkingLibrary.framework/Versions/A/ChunkingLibrary
0x000000010d600000 	/Library/Java/JavaVirtualMachines/jdk1.8.0_171.jdk/Contents/Home/jre/lib/server/libjvm.dylib
0x0000000000a78000 	/usr/lib/libstdc++.6.dylib
0x000000010cd08000 	/Library/Java/JavaVirtualMachines/jdk1.8.0_171.jdk/Contents/Home/jre/lib/libverify.dylib
0x000000010cd16000 	/Library/Java/JavaVirtualMachines/jdk1.8.0_171.jdk/Contents/Home/jre/lib/libjava.dylib
0x000000010cd56000 	/Library/Java/JavaVirtualMachines/jdk1.8.0_171.jdk/Contents/Home/jre/lib/libzip.dylib
0x0000000111a13000 	/Library/Java/JavaVirtualMachines/jdk1.8.0_171.jdk/Contents/Home/jre/lib/libawt.dylib
0x0000000111abd000 	/Library/Java/JavaVirtualMachines/jdk1.8.0_171.jdk/Contents/Home/jre/lib/./libmlib_image.dylib
0x0000000111b89000 	/System/Library/Frameworks/JavaVM.framework/Versions/A/Frameworks/JavaNativeFoundation.framework/Versions/A/JavaNativeFoundation
0x0000000111b9e000 	/System/Library/Frameworks/JavaVM.framework/Versions/A/Frameworks/JavaRuntimeSupport.framework/Versions/A/JavaRuntimeSupport
0x0000000111bb8000 	/System/Library/Frameworks/JavaVM.framework/Versions/A/JavaVM
0x0000000111bc5000 	/System/Library/PrivateFrameworks/JavaLaunching.framework/Versions/A/JavaLaunching
0x0000000000a78000 	/System/Library/Frameworks/Carbon.framework/Versions/A/Carbon
0x0000000000a78000 	/System/Library/Frameworks/Carbon.framework/Versions/A/Frameworks/CommonPanels.framework/Versions/A/CommonPanels
0x0000000000a78000 	/System/Library/Frameworks/Carbon.framework/Versions/A/Frameworks/Help.framework/Versions/A/Help
0x0000000000a78000 	/System/Library/Frameworks/Carbon.framework/Versions/A/Frameworks/ImageCapture.framework/Versions/A/ImageCapture
0x0000000000a78000 	/System/Library/Frameworks/Carbon.framework/Versions/A/Frameworks/OpenScripting.framework/Versions/A/OpenScripting
0x0000000000a78000 	/System/Library/Frameworks/Carbon.framework/Versions/A/Frameworks/Print.framework/Versions/A/Print
0x0000000000a78000 	/System/Library/Frameworks/Carbon.framework/Versions/A/Frameworks/SecurityHI.framework/Versions/A/SecurityHI
0x0000000111bd1000 	/Library/Java/JavaVirtualMachines/jdk1.8.0_171.jdk/Contents/Home/jre/lib/libawt_lwawt.dylib
0x0000000111c8b000 	/Library/Java/JavaVirtualMachines/jdk1.8.0_171.jdk/Contents/Home/jre/lib/./libosxapp.dylib
0x0000000000a78000 	/System/Library/Frameworks/ExceptionHandling.framework/Versions/A/ExceptionHandling
0x0000000000a78000 	/System/Library/PrivateFrameworks/CoreServicesInternal.framework/Versions/A/CoreServicesInternal
0x0000000000a78000 	/System/Library/CoreServices/RawCamera.bundle/Contents/MacOS/RawCamera
0x0000000000a78000 	/System/Library/Frameworks/Accelerate.framework/Versions/A/Frameworks/vImage.framework/Versions/A/Libraries/libCGInterfaces.dylib
0x0000000000a78000 	/System/Library/Frameworks/ApplicationServices.framework/Versions/A/Frameworks/ATS.framework/Versions/A/Resources/libTrueTypeScaler.dylib
0x000000012c676000 	/System/Library/Frameworks/OpenGL.framework/Resources/GLEngine.bundle/GLEngine
0x0000000000a78000 	/System/Library/Frameworks/OpenGL.framework/Versions/A/Libraries/libGLProgrammability.dylib
0x000000012c85b000 	/System/Library/Extensions/AppleIntelSKLGraphicsGLDriver.bundle/Contents/MacOS/AppleIntelSKLGraphicsGLDriver
0x0000000000a78000 	/System/Library/PrivateFrameworks/GPUSupport.framework/Versions/A/Libraries/libGPUSupportMercury.dylib
0x000000012d5df000 	/System/Library/Frameworks/OpenGL.framework/Resources//GLRendererFloat.bundle/GLRendererFloat
0x0000000000a78000 	/System/Library/Frameworks/OpenCL.framework/Versions/A/Libraries/libcldcpuengine.dylib
0x0000000000a78000 	/usr/lib/libcrypto.0.9.8.dylib
0x0000000000a78000 	/System/Library/PrivateFrameworks/TrustEvaluationAgent.framework/Versions/A/TrustEvaluationAgent
0x000000012d613000 	/System/Library/Extensions/AppleIntelSKLGraphicsMTLDriver.bundle/Contents/MacOS/AppleIntelSKLGraphicsMTLDriver
0x0000000000a78000 	/System/Library/PrivateFrameworks/FamilyControls.framework/Versions/A/FamilyControls
0x0000000000a78000 	/System/Library/PrivateFrameworks/CommerceKit.framework/Versions/A/Frameworks/CommerceCore.framework/Versions/A/CommerceCore
0x0000000000a78000 	/System/Library/PrivateFrameworks/SystemAdministration.framework/Versions/A/SystemAdministration
0x0000000000a78000 	/System/Library/PrivateFrameworks/AppContainer.framework/Versions/A/AppContainer
0x0000000000a78000 	/System/Library/PrivateFrameworks/SecCodeWrapper.framework/Versions/A/SecCodeWrapper
0x0000000000a78000 	/System/Library/Frameworks/DirectoryService.framework/Versions/A/DirectoryService
0x0000000000a78000 	/System/Library/PrivateFrameworks/DiskImages.framework/Versions/A/DiskImages
0x0000000000a78000 	/System/Library/PrivateFrameworks/LoginUIKit.framework/Versions/A/Frameworks/LoginUICore.framework/Versions/A/LoginUICore
0x0000000000a78000 	/usr/lib/libCoreStorage.dylib
0x0000000000a78000 	/usr/lib/libcsfde.dylib
0x0000000000a78000 	/usr/lib/libodfde.dylib
0x0000000000a78000 	/System/Library/Frameworks/DiscRecording.framework/Versions/A/DiscRecording
0x0000000000a78000 	/usr/lib/libcurl.4.dylib
0x0000000000a78000 	/System/Library/PrivateFrameworks/MediaKit.framework/Versions/A/MediaKit
0x0000000000a78000 	/System/Library/PrivateFrameworks/ProtectedCloudStorage.framework/Versions/A/ProtectedCloudStorage
0x0000000000a78000 	/System/Library/PrivateFrameworks/EFILogin.framework/Versions/A/EFILogin
0x0000000000a78000 	/usr/lib/libutil.dylib
0x0000000000a78000 	/System/Library/Frameworks/LDAP.framework/Versions/A/LDAP
0x0000000000a78000 	/usr/lib/libsasl2.2.dylib
0x0000000000a78000 	/System/Library/PrivateFrameworks/CoreDaemon.framework/Versions/B/CoreDaemon
0x0000000000a78000 	/System/Library/PrivateFrameworks/AppleSRP.framework/Versions/A/AppleSRP
0x0000000000a78000 	/System/Library/PrivateFrameworks/APFS.framework/Versions/A/APFS
0x000000012acd2000 	/Library/Java/JavaVirtualMachines/jdk1.8.0_171.jdk/Contents/Home/jre/lib/libosx.dylib
0x000000012ed86000 	/Library/Java/JavaVirtualMachines/jdk1.8.0_171.jdk/Contents/Home/jre/lib/libfontmanager.dylib
0x0000000000a78000 	/System/Library/PrivateFrameworks/ViewBridge.framework/Versions/A/ViewBridge
0x0000000000a78000 	/System/Library/PrivateFrameworks/XPCService.framework/Versions/A/XPCService
0x0000000000a78000 	/System/Library/PrivateFrameworks/AppSandbox.framework/Versions/A/AppSandbox
0x0000000000a78000 	/usr/lib/libsandbox.1.dylib
0x0000000000a78000 	/usr/lib/libMatch.1.dylib
0x000000012ace4000 	/Library/Java/JavaVirtualMachines/jdk1.8.0_171.jdk/Contents/Home/jre/lib/libosxui.dylib
0x00000001303f1000 	/Library/Java/JavaVirtualMachines/jdk1.8.0_171.jdk/Contents/Home/jre/lib/libnet.dylib
0x0000000130408000 	/Library/Java/JavaVirtualMachines/jdk1.8.0_171.jdk/Contents/Home/jre/lib/libnio.dylib
0x0000000000a78000 	/System/Library/PrivateFrameworks/CloudDocs.framework/Versions/A/CloudDocs
0x0000000000a78000 	/System/Library/Frameworks/CloudKit.framework/Versions/A/CloudKit
0x0000000000a78000 	/System/Library/PrivateFrameworks/MMCS.framework/Versions/A/MMCS
0x0000000000a78000 	/System/Library/Frameworks/CoreLocation.framework/Versions/A/CoreLocation
0x0000000000a78000 	/System/Library/PrivateFrameworks/AssetCacheServices.framework/Versions/A/AssetCacheServices
0x0000000000a78000 	/System/Library/PrivateFrameworks/GeoServices.framework/Versions/A/GeoServices
0x000000019c235000 	/Library/Java/JavaVirtualMachines/jdk1.8.0_171.jdk/Contents/Home/jre/lib/libdcpr.dylib
0x0000000000a78000 	/System/Library/PrivateFrameworks/Shortcut.framework/Versions/A/Shortcut
0x0000000000a78000 	/System/Library/PrivateFrameworks/HelpData.framework/Versions/A/HelpData

VM Arguments:
java_command: xal.app.virtualaccelerator.Main
java_class_path (initial): /Users/nataliamilas/projects/openxal/apps/virtualaccelerator/target/classes:/Users/nataliamilas/.m2/repository/org/xal/openxal.library/1.2.3-SNAPSHOT/openxal.library-1.2.3-SNAPSHOT.jar:/Users/nataliamilas/.m2/repository/org/xal/openxal.third-party-libs/1.2.3-SNAPSHOT/openxal.third-party-libs-1.2.3-SNAPSHOT.jar
Launcher Type: SUN_STANDARD

Environment Variables:
JAVA_HOME=/Library/Java/JavaVirtualMachines/jdk1.8.0_171.jdk/Contents/Home
PATH=/usr/bin:/bin:/usr/sbin:/sbin
SHELL=/bin/bash
DISPLAY=/private/tmp/com.apple.launchd.BEwxWB4aLs/org.macosforge.xquartz:0

Signal Handlers:
SIGSEGV: [libjvm.dylib+0x5b512d], sa_mask[0]=11111111011111110111111111111111, sa_flags=SA_ONSTACK|SA_RESTART|SA_SIGINFO
SIGBUS: [libjvm.dylib+0x5b512d], sa_mask[0]=11111111011111110111111111111111, sa_flags=SA_RESTART|SA_SIGINFO
SIGFPE: [libjvm.dylib+0x48aa90], sa_mask[0]=11111111011111110111111111111111, sa_flags=SA_RESTART|SA_SIGINFO
SIGPIPE: [libjvm.dylib+0x48aa90], sa_mask[0]=11111111011111110111111111111111, sa_flags=SA_RESTART|SA_SIGINFO
SIGXFSZ: [libjvm.dylib+0x48aa90], sa_mask[0]=11111111011111110111111111111111, sa_flags=SA_RESTART|SA_SIGINFO
SIGILL: [libjvm.dylib+0x48aa90], sa_mask[0]=11111111011111110111111111111111, sa_flags=SA_RESTART|SA_SIGINFO
SIGUSR1: SIG_DFL, sa_mask[0]=00000000000000000000000000000000, sa_flags=none
SIGUSR2: [libjvm.dylib+0x48a5ae], sa_mask[0]=00100000000000000000000000000000, sa_flags=SA_RESTART|SA_SIGINFO
SIGHUP: [libjvm.dylib+0x488b79], sa_mask[0]=11111111011111110111111111111111, sa_flags=SA_RESTART|SA_SIGINFO
SIGINT: SIG_IGN, sa_mask[0]=00000000000000000000000000000000, sa_flags=none
SIGTERM: [libjvm.dylib+0x488b79], sa_mask[0]=11111111011111110111111111111111, sa_flags=SA_RESTART|SA_SIGINFO
SIGQUIT: [libjvm.dylib+0x488b79], sa_mask[0]=11111111011111110111111111111111, sa_flags=SA_RESTART|SA_SIGINFO


---------------  S Y S T E M  ---------------

OS:Bsduname:Darwin 16.7.0 Darwin Kernel Version 16.7.0: Tue Jan 30 11:27:06 PST 2018; root:xnu-3789.73.11~1/RELEASE_X86_64 x86_64
rlimit: STACK 8192k, CORE 0k, NPROC 709, NOFILE 10240, AS infinity
load average:2.14 2.11 2.08

CPU:total 4 (initial active 4) (2 cores per cpu, 2 threads per core) family 6 model 78 stepping 3, cmov, cx8, fxsr, mmx, sse, sse2, sse3, ssse3, sse4.1, sse4.2, popcnt, avx, avx2, aes, clmul, erms, 3dnowpref, lzcnt, ht, tsc, tscinvbit, bmi1, bmi2, adx

Memory: 4k page, physical 16777216k(1835524k free)

/proc/meminfo:


vm_info: Java HotSpot(TM) 64-Bit Server VM (25.171-b11) for bsd-amd64 JRE (1.8.0_171-b11), built on Mar 28 2018 12:50:57 by "java_re" with gcc 4.2.1 (Based on Apple Inc. build 5658) (LLVM build 2336.11.00)

time: Mon Jun  4 15:35:13 2018
elapsed time: 36235 seconds (0d 10h 3m 55s)

