#
# A fatal error has been detected by the Java Runtime Environment:
#
#  SIGSEGV (0xb) at pc=0x000000011dc0b027, pid=6559, tid=0x000000000000e607
#
# JRE version: Java(TM) SE Runtime Environment (8.0_171-b11) (build 1.8.0_171-b11)
# Java VM: Java HotSpot(TM) 64-Bit Server VM (25.171-b11 mixed mode bsd-amd64 compressed oops)
# Problematic frame:
# C  [libawt_lwawt.dylib+0x1c027]  OGLSD_SetScratchSurface+0x49
#
# Failed to write core dump. Core dumps have been disabled. To enable core dumping, try "ulimit -c unlimited" before starting Java again
#
# If you would like to submit a bug report, please visit:
#   http://bugreport.java.com/bugreport/crash.jsp
# The crash happened outside the Java Virtual Machine in native code.
# See problematic frame for where to report the bug.
#

---------------  T H R E A D  ---------------

Current thread (0x00007f830d9cc800):  JavaThread "Java2D Queue Flusher" daemon [_thread_in_native, id=58887, stack(0x000070000333f000,0x000070000343f000)]

siginfo: si_signo: 11 (SIGSEGV), si_code: 1 (SEGV_MAPERR), si_addr: 0x0000000000000002

Registers:
RAX=0x00000000ffffffff, RBX=0x0000000000000002, RCX=0x0000000000000047, RDX=0x000000011dc2cb14
RSP=0x000070000343e760, RBP=0x000070000343e780, RSI=0x00007f8315857f50, RDI=0x00007f830d9cc9f8
R8 =0x00007f830d5ac740, R9 =0x00000000006999f9, R10=0x000000010bafd238, R11=0x00000000d800e7d7
R12=0x0000000000000000, R13=0x000000010bb11ed4, R14=0x00007f830d9cc9f8, R15=0x00007f830d9cc800
RIP=0x000000011dc0b027, EFLAGS=0x0000000000010202, ERR=0x0000000000000004
  TRAPNO=0x000000000000000e

Top of Stack: (sp=0x000070000343e760)
0x000070000343e760:   00007f8315857f50 0000000000000000
0x000070000343e770:   00007f830e108a10 00007f830d9cc800
0x000070000343e780:   000070000343e800 000000011dc2c5f2
0x000070000343e790:   000070000343e7c0 000000010113b084
0x000070000343e7a0:   0000000000000064 0000000000000000
0x000070000343e7b0:   0000000000000064 00007f830d5ac418
0x000070000343e7c0:   000070000343e820 00007f830e108a20
0x000070000343e7d0:   0000000000000005 00007f830d9cc9f8
0x000070000343e7e0:   00000006c0073ea0 0000000000000000
0x000070000343e7f0:   000070000343e818 00007f830d9cc800
0x000070000343e800:   000070000343e850 000000010bafd2aa
0x000070000343e810:   00000006c0073ea0 00007f830d9cc800
0x000070000343e820:   000070000343e870 000000010b43a3e8
0x000070000343e830:   00000006c0013ba0 000070000343e878
0x000070000343e840:   000000018c0b8490 0000000000000000
0x000070000343e850:   00000006c0073ea0 000000010b935590
0x000070000343e860:   000070000343e880 000070000343e9d0
0x000070000343e870:   000070000343e9d0 000000010be5c7c4
0x000070000343e880:   0000000000000041 000000011af27728
0x000070000343e890:   0000000000000000 0000000000000000
0x000070000343e8a0:   0000000000000000 0000000100000000
0x000070000343e8b0:   00000000000000dc 0000000000000000
0x000070000343e8c0:   000070000343e960 00007f830d9cc800
0x000070000343e8d0:   000070000343e938 000000010b0afcad
0x000070000343e8e0:   0000000100000000 00000006c0013ba0
0x000070000343e8f0:   00000006c0013ba0 0000700000000000
0x000070000343e900:   000000010be5ba50 000070000343e960
0x000070000343e910:   000000011af28c80 00000001953a0c78
0x000070000343e920:   0000000000000001 00000006c0013ba0
0x000070000343e930:   000070000343e960 000070000343e9d0
0x000070000343e940:   000000010b08e7a7 0000000000000000
0x000070000343e950:   000070000343e9d0 000000010b08e7a7 

Instructions: (pc=0x000000011dc0b027)
0x000000011dc0b007:   c0 e9 82 00 00 00 48 8b 5e 10 48 85 db 75 0e bf
0x000000011dc0b017:   01 00 00 00 48 8d 15 a8 96 03 00 eb d6 49 89 fe
0x000000011dc0b027:   4c 8b 3b 30 c0 e8 ff bc 02 00 49 8b 3f 49 89 c4
0x000000011dc0b037:   48 8b 35 02 29 06 00 30 c0 e8 4d be 02 00 48 85 

Register to memory mapping:

RAX=0x00000000ffffffff is an unknown value
RBX=0x0000000000000002 is an unknown value
RCX=0x0000000000000047 is an unknown value
RDX=0x000000011dc2cb14: Java_sun_java2d_opengl_OGLRenderQueue_flushBuffer+0xb5c in /Library/Java/JavaVirtualMachines/jdk1.8.0_171.jdk/Contents/Home/jre/lib/libawt_lwawt.dylib at 0x000000011dbef000
RSP=0x000070000343e760 is pointing into the stack for thread: 0x00007f830d9cc800
RBP=0x000070000343e780 is pointing into the stack for thread: 0x00007f830d9cc800
RSI=0x00007f8315857f50 is an unknown value
RDI=0x00007f830d9cc9f8 is an unknown value
R8 =0x00007f830d5ac740 is an unknown value
R9 =0x00000000006999f9 is an unknown value
R10=0x000000010bafd238 is at entry_point+56 in (nmethod*)0x000000010bafd090
R11=0x00000000d800e7d7 is an unknown value
R12=0x0000000000000000 is an unknown value
R13=0x000000010bb11ed4 is at entry_point+212 in (nmethod*)0x000000010bb11c90
R14=0x00007f830d9cc9f8 is an unknown value
R15=0x00007f830d9cc800 is a thread


Stack: [0x000070000333f000,0x000070000343f000],  sp=0x000070000343e760,  free space=1021k
Native frames: (J=compiled Java code, j=interpreted, Vv=VM code, C=native code)
C  [libawt_lwawt.dylib+0x1c027]  OGLSD_SetScratchSurface+0x49
C  [libawt_lwawt.dylib+0x3d5f2]  Java_sun_java2d_opengl_OGLRenderQueue_flushBuffer+0x63a
J 3710  sun.java2d.opengl.OGLRenderQueue.flushBuffer(JI)V (0 bytes) @ 0x000000010bafd2aa [0x000000010bafd200+0xaa]
J 7894 C2 sun.java2d.opengl.OGLRenderQueue.flushBuffer()V (41 bytes) @ 0x000000010b935590 [0x000000010b935540+0x50]
J 7982% C1 sun.java2d.opengl.OGLRenderQueue$QueueFlusher.run()V (234 bytes) @ 0x000000010be5c7c4 [0x000000010be5be00+0x9c4]
v  ~StubRoutines::call_stub
V  [libjvm.dylib+0x2ef1f6]
V  [libjvm.dylib+0x2ef99a]
V  [libjvm.dylib+0x2efb46]
V  [libjvm.dylib+0x34a46d]
V  [libjvm.dylib+0x56eb0f]
V  [libjvm.dylib+0x57020a]
V  [libjvm.dylib+0x48d4a6]
C  [libsystem_pthread.dylib+0x393b]  _pthread_body+0xb4
C  [libsystem_pthread.dylib+0x3887]  _pthread_body+0x0
C  [libsystem_pthread.dylib+0x308d]  thread_start+0xd
C  0x0000000000000000

Java frames: (J=compiled Java code, j=interpreted, Vv=VM code)
J 3710  sun.java2d.opengl.OGLRenderQueue.flushBuffer(JI)V (0 bytes) @ 0x000000010bafd238 [0x000000010bafd200+0x38]
J 7894 C2 sun.java2d.opengl.OGLRenderQueue.flushBuffer()V (41 bytes) @ 0x000000010b935590 [0x000000010b935540+0x50]
J 7982% C1 sun.java2d.opengl.OGLRenderQueue$QueueFlusher.run()V (234 bytes) @ 0x000000010be5c7c4 [0x000000010be5be00+0x9c4]
v  ~StubRoutines::call_stub

---------------  P R O C E S S  ---------------

Java Threads: ( => current thread )
  0x00007f8314ac0000 JavaThread "pool-140-thread-5" [_thread_blocked, id=76927, stack(0x0000700003c5d000,0x0000700003d5d000)]
  0x00007f8314abf800 JavaThread "pool-140-thread-4" [_thread_in_native, id=75599, stack(0x0000700003b5a000,0x0000700003c5a000)]
  0x00007f8314e12800 JavaThread "pool-140-thread-3" [_thread_blocked, id=78419, stack(0x0000700003a57000,0x0000700003b57000)]
  0x00007f8314abc800 JavaThread "pool-140-thread-2" [_thread_blocked, id=94679, stack(0x0000700003954000,0x0000700003a54000)]
  0x00007f8313e5c800 JavaThread "pool-140-thread-1" [_thread_blocked, id=75347, stack(0x00007000036cb000,0x00007000037cb000)]
  0x00007f830f000000 JavaThread "Thread-75" [_thread_blocked, id=4771, stack(0x0000700004e93000,0x0000700004f93000)]
  0x00007f830e6bc800 JavaThread "com.cosylab.epics.caj.util.SearchTimer" [_thread_blocked, id=95495, stack(0x00007000059b4000,0x0000700005ab4000)]
  0x00007f830e8b6800 JavaThread "DestroyJavaVM" [_thread_blocked, id=7171, stack(0x0000700002186000,0x0000700002286000)]
  0x00007f830f35f800 JavaThread "Thread-16" [_thread_blocked, id=92419, stack(0x0000700004d90000,0x0000700004e90000)]
  0x00007f830e8bb800 JavaThread "pool-2-thread-1" [_thread_blocked, id=91907, stack(0x0000700004c8d000,0x0000700004d8d000)]
  0x00007f830f361800 JavaThread "Thread-14" [_thread_blocked, id=89863, stack(0x0000700004a87000,0x0000700004b87000)]
  0x00007f830e5ab800 JavaThread "pool-3-thread-1" [_thread_blocked, id=86063, stack(0x0000700004984000,0x0000700004a84000)]
  0x00007f830f35f000 JavaThread "com.cosylab.epics.caj.util.Timer" [_thread_blocked, id=90647, stack(0x0000700004881000,0x0000700004981000)]
  0x00007f8313838800 JavaThread "pool-9-thread-5" [_thread_in_native, id=88855, stack(0x000070000477e000,0x000070000487e000)]
  0x00007f830dd0e000 JavaThread "pool-9-thread-4" [_thread_blocked, id=88659, stack(0x000070000467b000,0x000070000477b000)]
  0x00007f830e5b5000 JavaThread "pool-9-thread-3" [_thread_blocked, id=77195, stack(0x0000700004578000,0x0000700004678000)]
  0x00007f830e5aa800 JavaThread "pool-9-thread-2" [_thread_blocked, id=67847, stack(0x0000700004475000,0x0000700004575000)]
  0x00007f830e5aa000 JavaThread "pool-9-thread-1" [_thread_blocked, id=51471, stack(0x0000700004372000,0x0000700004472000)]
  0x00007f830e5a9000 JavaThread "process reaper" daemon [_thread_in_native, id=46911, stack(0x0000700003136000,0x000070000315e000)]
  0x00007f830de22000 JavaThread "Thread-10" [_thread_in_native, id=86303, stack(0x000070000426f000,0x000070000436f000)]
  0x00007f830dda4800 JavaThread "JmDNS(localhost.local.).State.Timer" daemon [_thread_blocked, id=82483, stack(0x000070000416c000,0x000070000426c000)]
  0x00007f830de0c000 JavaThread "JmDNS(localhost.local.).Timer" daemon [_thread_blocked, id=86603, stack(0x0000700004069000,0x0000700004169000)]
  0x00007f830e5ea000 JavaThread "SocketListener(localhost.local.)" daemon [_thread_in_native, id=84151, stack(0x0000700003f66000,0x0000700004066000)]
  0x00007f830d8ad800 JavaThread "Thread-5" [_thread_blocked, id=81367, stack(0x0000700003e63000,0x0000700003f63000)]
  0x00007f830e378000 JavaThread "TimerQueue" daemon [_thread_blocked, id=80155, stack(0x0000700003851000,0x0000700003951000)]
  0x00007f830dac3000 JavaThread "AWT-EventQueue-0" [_thread_blocked, id=70635, stack(0x00007000035c8000,0x00007000036c8000)]
  0x00007f830f28c800 JavaThread "Java2D Disposer" daemon [_thread_blocked, id=58651, stack(0x0000700003442000,0x0000700003542000)]
=>0x00007f830d9cc800 JavaThread "Java2D Queue Flusher" daemon [_thread_in_native, id=58887, stack(0x000070000333f000,0x000070000343f000)]
  0x00007f830e0e2000 JavaThread "Timer-0" daemon [_thread_blocked, id=49935, stack(0x000070000323c000,0x000070000333c000)]
  0x00007f830e093000 JavaThread "AWT-Shutdown" [_thread_blocked, id=30239, stack(0x0000700003033000,0x0000700003133000)]
  0x00007f830e0ad800 JavaThread "AppKit Thread" daemon [_thread_in_native, id=775, stack(0x00007fff5f0a3000,0x00007fff5f8a3000)]
  0x00007f830f00e800 JavaThread "Service Thread" daemon [_thread_blocked, id=18691, stack(0x0000700002daa000,0x0000700002eaa000)]
  0x00007f830e80b000 JavaThread "C1 CompilerThread2" daemon [_thread_blocked, id=18179, stack(0x0000700002ca7000,0x0000700002da7000)]
  0x00007f830e838800 JavaThread "C2 CompilerThread1" daemon [_thread_blocked, id=17667, stack(0x0000700002ba4000,0x0000700002ca4000)]
  0x00007f830e033800 JavaThread "C2 CompilerThread0" daemon [_thread_blocked, id=17155, stack(0x0000700002aa1000,0x0000700002ba1000)]
  0x00007f830e030800 JavaThread "Signal Dispatcher" daemon [_thread_blocked, id=16643, stack(0x000070000299e000,0x0000700002a9e000)]
  0x00007f830e015000 JavaThread "Finalizer" daemon [_thread_blocked, id=12547, stack(0x000070000289b000,0x000070000299b000)]
  0x00007f830e012000 JavaThread "Reference Handler" daemon [_thread_blocked, id=12035, stack(0x0000700002798000,0x0000700002898000)]

Other Threads:
  0x00007f830e00f800 VMThread [stack: 0x0000700002695000,0x0000700002795000] [id=11523]
  0x00007f830f00f800 WatcherThread [stack: 0x0000700002ead000,0x0000700002fad000] [id=19203]

VM state:not at safepoint (normal execution)

VM Mutex/Monitor currently owned by a thread: None

Heap:
 PSYoungGen      total 202752K, used 11530K [0x000000076ab00000, 0x0000000779a80000, 0x00000007c0000000)
  eden space 185856K, 6% used [0x000000076ab00000,0x000000076b642960,0x0000000776080000)
  from space 16896K, 0% used [0x0000000776080000,0x0000000776080000,0x0000000777100000)
  to   space 17408K, 0% used [0x0000000778980000,0x0000000778980000,0x0000000779a80000)
 ParOldGen       total 185856K, used 30633K [0x00000006c0000000, 0x00000006cb580000, 0x000000076ab00000)
  object space 185856K, 16% used [0x00000006c0000000,0x00000006c1dea480,0x00000006cb580000)
 Metaspace       used 28596K, capacity 29276K, committed 29440K, reserved 1075200K
  class space    used 3565K, capacity 3733K, committed 3840K, reserved 1048576K

Card table byte_map: [0x0000000101fa4000,0x00000001027a5000] byte_map_base: 0x00000000fe9a4000

Marking Bits: (ParMarkBitMap*) 0x00000001014f76e0
 Begin Bits: [0x0000000102cfb000, 0x0000000106cfb000)
 End Bits:   [0x0000000106cfb000, 0x000000010acfb000)

Polling page: 0x00000001003e8000

CodeCache: size=245760Kb used=22284Kb max_used=22740Kb free=223475Kb
 bounds [0x000000010b08e000, 0x000000010c7be000, 0x000000011a08e000]
 total_blobs=6850 nmethods=6152 adapters=609
 compilation: enabled

Compilation events (10 events):
Event: 948.765 Thread 0x00007f830e033800 nmethod 8118 0x000000010bb10f10 code [0x000000010bb11060, 0x000000010bb11138]
Event: 948.880 Thread 0x00007f830e838800 8119       4       sun.java2d.pipe.GlyphListPipe::drawString (202 bytes)
Event: 948.896 Thread 0x00007f830e838800 nmethod 8119 0x000000010baa6310 code [0x000000010baa6540, 0x000000010baa7440]
Event: 948.990 Thread 0x00007f830e80b000 8120       3       java.util.HashMap::remove (26 bytes)
Event: 948.991 Thread 0x00007f830e80b000 nmethod 8120 0x000000010c249c90 code [0x000000010c249e20, 0x000000010c24a238]
Event: 950.471 Thread 0x00007f830e033800 8121   !   4       sun.java2d.SunGraphics2D::drawImage (145 bytes)
Event: 950.491 Thread 0x00007f830e033800 nmethod 8121 0x000000010b634a50 code [0x000000010b634d20, 0x000000010b635be8]
Event: 951.696 Thread 0x00007f830e80b000 8122       1       java.lang.ref.Reference::clear (6 bytes)
Event: 951.696 Thread 0x00007f830e80b000 nmethod 8122 0x000000010c3fb610 code [0x000000010c3fb760, 0x000000010c3fb890]
Event: 951.702 Thread 0x00007f830e838800 8123 % !   4       java.lang.ref.Finalizer$FinalizerThread::run @ 33 (55 bytes)

GC Heap History (10 events):
Event: 950.798 GC heap before
{Heap before GC invocations=563 (full 1):
 PSYoungGen      total 181760K, used 181722K [0x000000076ab00000, 0x0000000777400000, 0x00000007c0000000)
  eden space 174080K, 100% used [0x000000076ab00000,0x0000000775500000,0x0000000775500000)
  from space 7680K, 99% used [0x0000000775a00000,0x0000000776176868,0x0000000776180000)
  to   space 15872K, 0% used [0x0000000776480000,0x0000000776480000,0x0000000777400000)
 ParOldGen       total 124928K, used 103933K [0x00000006c0000000, 0x00000006c7a00000, 0x000000076ab00000)
  object space 124928K, 83% used [0x00000006c0000000,0x00000006c657f500,0x00000006c7a00000)
 Metaspace       used 28596K, capacity 29276K, committed 29440K, reserved 1075200K
  class space    used 3565K, capacity 3733K, committed 3840K, reserved 1048576K
Event: 950.802 GC heap after
Heap after GC invocations=563 (full 1):
 PSYoungGen      total 179712K, used 8944K [0x000000076ab00000, 0x0000000776f00000, 0x00000007c0000000)
  eden space 168960K, 0% used [0x000000076ab00000,0x000000076ab00000,0x0000000775000000)
  from space 10752K, 83% used [0x0000000776480000,0x0000000776d3c318,0x0000000776f00000)
  to   space 15872K, 0% used [0x0000000775000000,0x0000000775000000,0x0000000775f80000)
 ParOldGen       total 124928K, used 103933K [0x00000006c0000000, 0x00000006c7a00000, 0x000000076ab00000)
  object space 124928K, 83% used [0x00000006c0000000,0x00000006c657f500,0x00000006c7a00000)
 Metaspace       used 28596K, capacity 29276K, committed 29440K, reserved 1075200K
  class space    used 3565K, capacity 3733K, committed 3840K, reserved 1048576K
}
Event: 951.020 GC heap before
{Heap before GC invocations=564 (full 1):
 PSYoungGen      total 179712K, used 177904K [0x000000076ab00000, 0x0000000776f00000, 0x00000007c0000000)
  eden space 168960K, 100% used [0x000000076ab00000,0x0000000775000000,0x0000000775000000)
  from space 10752K, 83% used [0x0000000776480000,0x0000000776d3c318,0x0000000776f00000)
  to   space 15872K, 0% used [0x0000000775000000,0x0000000775000000,0x0000000775f80000)
 ParOldGen       total 124928K, used 103933K [0x00000006c0000000, 0x00000006c7a00000, 0x000000076ab00000)
  object space 124928K, 83% used [0x00000006c0000000,0x00000006c657f500,0x00000006c7a00000)
 Metaspace       used 28596K, capacity 29276K, committed 29440K, reserved 1075200K
  class space    used 3565K, capacity 3733K, committed 3840K, reserved 1048576K
Event: 951.023 GC heap after
Heap after GC invocations=564 (full 1):
 PSYoungGen      total 184832K, used 8976K [0x000000076ab00000, 0x0000000778080000, 0x00000007c0000000)
  eden space 168960K, 0% used [0x000000076ab00000,0x000000076ab00000,0x0000000775000000)
  from space 15872K, 56% used [0x0000000775000000,0x00000007758c4318,0x0000000775f80000)
  to   space 15872K, 0% used [0x0000000777100000,0x0000000777100000,0x0000000778080000)
 ParOldGen       total 124928K, used 104045K [0x00000006c0000000, 0x00000006c7a00000, 0x000000076ab00000)
  object space 124928K, 83% used [0x00000006c0000000,0x00000006c659b500,0x00000006c7a00000)
 Metaspace       used 28596K, capacity 29276K, committed 29440K, reserved 1075200K
  class space    used 3565K, capacity 3733K, committed 3840K, reserved 1048576K
}
Event: 951.247 GC heap before
{Heap before GC invocations=565 (full 1):
 PSYoungGen      total 184832K, used 177936K [0x000000076ab00000, 0x0000000778080000, 0x00000007c0000000)
  eden space 168960K, 100% used [0x000000076ab00000,0x0000000775000000,0x0000000775000000)
  from space 15872K, 56% used [0x0000000775000000,0x00000007758c4318,0x0000000775f80000)
  to   space 15872K, 0% used [0x0000000777100000,0x0000000777100000,0x0000000778080000)
 ParOldGen       total 124928K, used 104045K [0x00000006c0000000, 0x00000006c7a00000, 0x000000076ab00000)
  object space 124928K, 83% used [0x00000006c0000000,0x00000006c659b500,0x00000006c7a00000)
 Metaspace       used 28596K, capacity 29276K, committed 29440K, reserved 1075200K
  class space    used 3565K, capacity 3733K, committed 3840K, reserved 1048576K
Event: 951.255 GC heap after
Heap after GC invocations=565 (full 1):
 PSYoungGen      total 201728K, used 12935K [0x000000076ab00000, 0x0000000778580000, 0x00000007c0000000)
  eden space 185856K, 0% used [0x000000076ab00000,0x000000076ab00000,0x0000000776080000)
  from space 15872K, 81% used [0x0000000777100000,0x0000000777da1ff8,0x0000000778080000)
  to   space 16896K, 0% used [0x0000000776080000,0x0000000776080000,0x0000000777100000)
 ParOldGen       total 124928K, used 104268K [0x00000006c0000000, 0x00000006c7a00000, 0x000000076ab00000)
  object space 124928K, 83% used [0x00000006c0000000,0x00000006c65d3008,0x00000006c7a00000)
 Metaspace       used 28596K, capacity 29276K, committed 29440K, reserved 1075200K
  class space    used 3565K, capacity 3733K, committed 3840K, reserved 1048576K
}
Event: 951.560 GC heap before
{Heap before GC invocations=566 (full 1):
 PSYoungGen      total 201728K, used 198791K [0x000000076ab00000, 0x0000000778580000, 0x00000007c0000000)
  eden space 185856K, 100% used [0x000000076ab00000,0x0000000776080000,0x0000000776080000)
  from space 15872K, 81% used [0x0000000777100000,0x0000000777da1ff8,0x0000000778080000)
  to   space 16896K, 0% used [0x0000000776080000,0x0000000776080000,0x0000000777100000)
 ParOldGen       total 124928K, used 104268K [0x00000006c0000000, 0x00000006c7a00000, 0x000000076ab00000)
  object space 124928K, 83% used [0x00000006c0000000,0x00000006c65d3008,0x00000006c7a00000)
 Metaspace       used 28596K, capacity 29276K, committed 29440K, reserved 1075200K
  class space    used 3565K, capacity 3733K, committed 3840K, reserved 1048576K
Event: 951.568 GC heap after
Heap after GC invocations=566 (full 1):
 PSYoungGen      total 202752K, used 352K [0x000000076ab00000, 0x0000000779a80000, 0x00000007c0000000)
  eden space 185856K, 0% used [0x000000076ab00000,0x000000076ab00000,0x0000000776080000)
  from space 16896K, 2% used [0x0000000776080000,0x00000007760d8000,0x0000000777100000)
  to   space 17408K, 0% used [0x0000000778980000,0x0000000778980000,0x0000000779a80000)
 ParOldGen       total 124928K, used 116820K [0x00000006c0000000, 0x00000006c7a00000, 0x000000076ab00000)
  object space 124928K, 93% used [0x00000006c0000000,0x00000006c7215090,0x00000006c7a00000)
 Metaspace       used 28596K, capacity 29276K, committed 29440K, reserved 1075200K
  class space    used 3565K, capacity 3733K, committed 3840K, reserved 1048576K
}
Event: 951.568 GC heap before
{Heap before GC invocations=567 (full 2):
 PSYoungGen      total 202752K, used 352K [0x000000076ab00000, 0x0000000779a80000, 0x00000007c0000000)
  eden space 185856K, 0% used [0x000000076ab00000,0x000000076ab00000,0x0000000776080000)
  from space 16896K, 2% used [0x0000000776080000,0x00000007760d8000,0x0000000777100000)
  to   space 17408K, 0% used [0x0000000778980000,0x0000000778980000,0x0000000779a80000)
 ParOldGen       total 124928K, used 116820K [0x00000006c0000000, 0x00000006c7a00000, 0x000000076ab00000)
  object space 124928K, 93% used [0x00000006c0000000,0x00000006c7215090,0x00000006c7a00000)
 Metaspace       used 28596K, capacity 29276K, committed 29440K, reserved 1075200K
  class space    used 3565K, capacity 3733K, committed 3840K, reserved 1048576K
Event: 951.695 GC heap after
Heap after GC invocations=567 (full 2):
 PSYoungGen      total 202752K, used 0K [0x000000076ab00000, 0x0000000779a80000, 0x00000007c0000000)
  eden space 185856K, 0% used [0x000000076ab00000,0x000000076ab00000,0x0000000776080000)
  from space 16896K, 0% used [0x0000000776080000,0x0000000776080000,0x0000000777100000)
  to   space 17408K, 0% used [0x0000000778980000,0x0000000778980000,0x0000000779a80000)
 ParOldGen       total 185856K, used 30633K [0x00000006c0000000, 0x00000006cb580000, 0x000000076ab00000)
  object space 185856K, 16% used [0x00000006c0000000,0x00000006c1dea480,0x00000006cb580000)
 Metaspace       used 28596K, capacity 29276K, committed 29440K, reserved 1075200K
  class space    used 3565K, capacity 3733K, committed 3840K, reserved 1048576K
}

Deoptimization events (10 events):
Event: 931.997 Thread 0x00007f830dac3000 Uncommon trap: reason=class_check action=maybe_recompile pc=0x000000010bb0ede4 method=sun.java2d.SunGraphics2D.drawImage(Ljava/awt/Image;IILjava/awt/Color;Ljava/awt/image/ImageObserver;)Z @ 101
Event: 941.001 Thread 0x00007f830dac3000 Uncommon trap: reason=class_check action=maybe_recompile pc=0x000000010b8d2b64 method=sun.java2d.pipe.PixelToParallelogramConverter.drawRectangle(Lsun/java2d/SunGraphics2D;DDDDD)V @ 353
Event: 941.002 Thread 0x00007f830dac3000 Uncommon trap: reason=class_check action=maybe_recompile pc=0x000000010b8d2b64 method=sun.java2d.pipe.PixelToParallelogramConverter.drawRectangle(Lsun/java2d/SunGraphics2D;DDDDD)V @ 353
Event: 941.066 Thread 0x00007f830dac3000 Uncommon trap: reason=class_check action=maybe_recompile pc=0x000000010bd97154 method=sun.java2d.SunGraphics2D.drawHiDPIImage(Ljava/awt/Image;IIIIIIIILjava/awt/Color;Ljava/awt/image/ImageObserver;)Z @ 311
Event: 941.090 Thread 0x00007f830dac3000 Uncommon trap: reason=class_check action=maybe_recompile pc=0x000000010b8c7f4c method=sun.java2d.pipe.ValidatePipe.scaleImage(Lsun/java2d/SunGraphics2D;Ljava/awt/Image;IIIIIIIILjava/awt/Color;Ljava/awt/image/ImageObserver;)Z @ 33
Event: 946.822 Thread 0x00007f830dac3000 Uncommon trap: reason=unstable_if action=reinterpret pc=0x000000010b90bd70 method=sun.font.GlyphList.dispose()V @ 11
Event: 946.822 Thread 0x00007f830dac3000 Uncommon trap: reason=unstable_if action=reinterpret pc=0x000000010c121eac method=sun.font.GlyphList.dispose()V @ 11
Event: 946.850 Thread 0x00007f830dac3000 Uncommon trap: reason=bimorphic action=maybe_recompile pc=0x000000010b694bd0 method=sun.java2d.pipe.ValidatePipe.drawLine(Lsun/java2d/SunGraphics2D;IIII)V @ 19
Event: 946.851 Thread 0x00007f830dac3000 Uncommon trap: reason=bimorphic action=maybe_recompile pc=0x000000010b694bd0 method=sun.java2d.pipe.ValidatePipe.drawLine(Lsun/java2d/SunGraphics2D;IIII)V @ 19
Event: 951.696 Thread 0x00007f830f28c800 Uncommon trap: reason=unstable_if action=reinterpret pc=0x000000010bdc4ee8 method=java.util.Vector.removeElementAt(I)V @ 75

Classes redefined (0 events):
No events

Internal exceptions (10 events):
Event: 248.059 Thread 0x00007f830dac3000 Exception <a 'java/lang/NullPointerException'> (0x000000076c00af28) thrown at [/Users/java_re/workspace/8-2-build-macosx-x86_64/jdk8u171/10807/hotspot/src/share/vm/interpreter/linkResolver.cpp, line 1287]
Event: 248.059 Thread 0x00007f830dac3000 Exception <a 'java/lang/NullPointerException'> (0x000000076c00ba98) thrown at [/Users/java_re/workspace/8-2-build-macosx-x86_64/jdk8u171/10807/hotspot/src/share/vm/interpreter/linkResolver.cpp, line 1287]
Event: 248.059 Thread 0x00007f830dac3000 Exception <a 'java/lang/NullPointerException'> (0x000000076c00c608) thrown at [/Users/java_re/workspace/8-2-build-macosx-x86_64/jdk8u171/10807/hotspot/src/share/vm/interpreter/linkResolver.cpp, line 1287]
Event: 248.059 Thread 0x00007f830dac3000 Exception <a 'java/lang/NullPointerException'> (0x000000076c00d150) thrown at [/Users/java_re/workspace/8-2-build-macosx-x86_64/jdk8u171/10807/hotspot/src/share/vm/interpreter/linkResolver.cpp, line 1287]
Event: 289.824 Thread 0x00007f830e0ad800 Implicit null exception at 0x000000010c24f976 to 0x000000010c251ca9
Event: 290.201 Thread 0x00007f830dac3000 Implicit null exception at 0x000000010bb672cc to 0x000000010bb6741d
Event: 290.241 Thread 0x00007f830dac3000 Implicit null exception at 0x000000010c34dd07 to 0x000000010c34e591
Event: 290.411 Thread 0x00007f830dac3000 Implicit null exception at 0x000000010c3b58b4 to 0x000000010c3b5b81
Event: 923.469 Thread 0x00007f830dac3000 Implicit null exception at 0x000000010c14e424 to 0x000000010c1503ed
Event: 923.707 Thread 0x00007f830dac3000 Implicit null exception at 0x000000010bb2c58e to 0x000000010bb2da55

Events (10 events):
Event: 951.708 Thread 0x00007f830dd0c800 Thread exited: 0x00007f830dd0c800
Event: 951.708 Thread 0x00007f830d8df800 Thread exited: 0x00007f830d8df800
Event: 951.708 Thread 0x00007f830e375000 Thread exited: 0x00007f830e375000
Event: 951.708 Thread 0x00007f8315191000 Thread exited: 0x00007f8315191000
Event: 951.708 Thread 0x00007f8314c15800 Thread exited: 0x00007f8314c15800
Event: 951.708 Thread 0x00007f8314abb800 Thread exited: 0x00007f8314abb800
Event: 951.708 Thread 0x00007f8314ff0800 Thread exited: 0x00007f8314ff0800
Event: 951.708 Thread 0x00007f830e6e6800 Thread exited: 0x00007f830e6e6800
Event: 951.708 Thread 0x00007f830dcb3800 Thread exited: 0x00007f830dcb3800
Event: 951.708 Thread 0x00007f830e6ce000 Thread exited: 0x00007f830e6ce000


Dynamic libraries:
0x0000000000a78000 	/System/Library/Frameworks/Cocoa.framework/Versions/A/Cocoa
0x0000000000a78000 	/System/Library/Frameworks/Security.framework/Versions/A/Security
0x0000000000a78000 	/System/Library/Frameworks/ApplicationServices.framework/Versions/A/ApplicationServices
0x0000000000a78000 	/usr/lib/libz.1.dylib
0x0000000000a78000 	/usr/lib/libSystem.B.dylib
0x0000000000a78000 	/usr/lib/libobjc.A.dylib
0x0000000000a78000 	/System/Library/Frameworks/CoreFoundation.framework/Versions/A/CoreFoundation
0x0000000000a78000 	/System/Library/Frameworks/Foundation.framework/Versions/C/Foundation
0x0000000000a78000 	/System/Library/Frameworks/AppKit.framework/Versions/C/AppKit
0x0000000000a78000 	/System/Library/Frameworks/CoreData.framework/Versions/A/CoreData
0x0000000000a78000 	/System/Library/PrivateFrameworks/RemoteViewServices.framework/Versions/A/RemoteViewServices
0x0000000000a78000 	/System/Library/PrivateFrameworks/UIFoundation.framework/Versions/A/UIFoundation
0x0000000000a78000 	/System/Library/PrivateFrameworks/DFRFoundation.framework/Versions/A/DFRFoundation
0x0000000000a78000 	/usr/lib/libenergytrace.dylib
0x0000000000a78000 	/System/Library/PrivateFrameworks/SkyLight.framework/Versions/A/SkyLight
0x0000000000a78000 	/System/Library/Frameworks/CoreGraphics.framework/Versions/A/CoreGraphics
0x0000000000a78000 	/usr/lib/libScreenReader.dylib
0x0000000000a78000 	/System/Library/Frameworks/Accelerate.framework/Versions/A/Accelerate
0x0000000000a78000 	/System/Library/Frameworks/IOSurface.framework/Versions/A/IOSurface
0x0000000000a78000 	/System/Library/Frameworks/AudioToolbox.framework/Versions/A/AudioToolbox
0x0000000000a78000 	/System/Library/Frameworks/AudioUnit.framework/Versions/A/AudioUnit
0x0000000000a78000 	/System/Library/PrivateFrameworks/DataDetectorsCore.framework/Versions/A/DataDetectorsCore
0x0000000000a78000 	/System/Library/PrivateFrameworks/DesktopServicesPriv.framework/Versions/A/DesktopServicesPriv
0x0000000000a78000 	/System/Library/Frameworks/Carbon.framework/Versions/A/Frameworks/HIToolbox.framework/Versions/A/HIToolbox
0x0000000000a78000 	/usr/lib/libicucore.A.dylib
0x0000000000a78000 	/System/Library/Frameworks/QuartzCore.framework/Versions/A/QuartzCore
0x0000000000a78000 	/System/Library/Frameworks/Carbon.framework/Versions/A/Frameworks/SpeechRecognition.framework/Versions/A/SpeechRecognition
0x0000000000a78000 	/usr/lib/libauto.dylib
0x0000000000a78000 	/usr/lib/libxml2.2.dylib
0x0000000000a78000 	/System/Library/PrivateFrameworks/CoreUI.framework/Versions/A/CoreUI
0x0000000000a78000 	/System/Library/Frameworks/CoreAudio.framework/Versions/A/CoreAudio
0x0000000000a78000 	/System/Library/Frameworks/DiskArbitration.framework/Versions/A/DiskArbitration
0x0000000000a78000 	/usr/lib/liblangid.dylib
0x0000000000a78000 	/System/Library/PrivateFrameworks/MultitouchSupport.framework/Versions/A/MultitouchSupport
0x0000000000a78000 	/System/Library/Frameworks/IOKit.framework/Versions/A/IOKit
0x0000000000a78000 	/usr/lib/libDiagnosticMessagesClient.dylib
0x0000000000a78000 	/System/Library/Frameworks/CoreServices.framework/Versions/A/CoreServices
0x0000000000a78000 	/System/Library/PrivateFrameworks/PerformanceAnalysis.framework/Versions/A/PerformanceAnalysis
0x0000000000a78000 	/System/Library/PrivateFrameworks/GenerationalStorage.framework/Versions/A/GenerationalStorage
0x0000000000a78000 	/System/Library/Frameworks/OpenGL.framework/Versions/A/OpenGL
0x0000000000a78000 	/System/Library/Frameworks/CoreImage.framework/Versions/A/CoreImage
0x0000000000a78000 	/System/Library/Frameworks/CoreText.framework/Versions/A/CoreText
0x0000000000a78000 	/System/Library/Frameworks/ImageIO.framework/Versions/A/ImageIO
0x0000000000a78000 	/System/Library/PrivateFrameworks/Backup.framework/Versions/A/Backup
0x0000000000a78000 	/usr/lib/libarchive.2.dylib
0x0000000000a78000 	/System/Library/Frameworks/CFNetwork.framework/Versions/A/CFNetwork
0x0000000000a78000 	/System/Library/Frameworks/SystemConfiguration.framework/Versions/A/SystemConfiguration
0x0000000000a78000 	/usr/lib/libCRFSuite.dylib
0x0000000000a78000 	/usr/lib/libc++.1.dylib
0x0000000000a78000 	/usr/lib/libc++abi.dylib
0x0000000000a78000 	/usr/lib/system/libcache.dylib
0x0000000000a78000 	/usr/lib/system/libcommonCrypto.dylib
0x0000000000a78000 	/usr/lib/system/libcompiler_rt.dylib
0x0000000000a78000 	/usr/lib/system/libcopyfile.dylib
0x0000000000a78000 	/usr/lib/system/libcorecrypto.dylib
0x0000000000a78000 	/usr/lib/system/libdispatch.dylib
0x0000000000a78000 	/usr/lib/system/libdyld.dylib
0x0000000000a78000 	/usr/lib/system/libkeymgr.dylib
0x0000000000a78000 	/usr/lib/system/liblaunch.dylib
0x0000000000a78000 	/usr/lib/system/libmacho.dylib
0x0000000000a78000 	/usr/lib/system/libquarantine.dylib
0x0000000000a78000 	/usr/lib/system/libremovefile.dylib
0x0000000000a78000 	/usr/lib/system/libsystem_asl.dylib
0x0000000000a78000 	/usr/lib/system/libsystem_blocks.dylib
0x0000000000a78000 	/usr/lib/system/libsystem_c.dylib
0x0000000000a78000 	/usr/lib/system/libsystem_configuration.dylib
0x0000000000a78000 	/usr/lib/system/libsystem_coreservices.dylib
0x0000000000a78000 	/usr/lib/system/libsystem_coretls.dylib
0x0000000000a78000 	/usr/lib/system/libsystem_dnssd.dylib
0x0000000000a78000 	/usr/lib/system/libsystem_info.dylib
0x0000000000a78000 	/usr/lib/system/libsystem_kernel.dylib
0x0000000000a78000 	/usr/lib/system/libsystem_m.dylib
0x0000000000a78000 	/usr/lib/system/libsystem_malloc.dylib
0x0000000000a78000 	/usr/lib/system/libsystem_network.dylib
0x0000000000a78000 	/usr/lib/system/libsystem_networkextension.dylib
0x0000000000a78000 	/usr/lib/system/libsystem_notify.dylib
0x0000000000a78000 	/usr/lib/system/libsystem_platform.dylib
0x0000000000a78000 	/usr/lib/system/libsystem_pthread.dylib
0x0000000000a78000 	/usr/lib/system/libsystem_sandbox.dylib
0x0000000000a78000 	/usr/lib/system/libsystem_secinit.dylib
0x0000000000a78000 	/usr/lib/system/libsystem_symptoms.dylib
0x0000000000a78000 	/usr/lib/system/libsystem_trace.dylib
0x0000000000a78000 	/usr/lib/system/libunwind.dylib
0x0000000000a78000 	/usr/lib/system/libxpc.dylib
0x0000000000a78000 	/usr/lib/libbsm.0.dylib
0x0000000000a78000 	/usr/lib/system/libkxld.dylib
0x0000000000a78000 	/usr/lib/libcoretls.dylib
0x0000000000a78000 	/usr/lib/libcoretls_cfhelpers.dylib
0x0000000000a78000 	/usr/lib/libOpenScriptingUtil.dylib
0x0000000000a78000 	/usr/lib/libpam.2.dylib
0x0000000000a78000 	/usr/lib/libsqlite3.dylib
0x0000000000a78000 	/usr/lib/libxar.1.dylib
0x0000000000a78000 	/usr/lib/libbz2.1.0.dylib
0x0000000000a78000 	/usr/lib/liblzma.5.dylib
0x0000000000a78000 	/usr/lib/libnetwork.dylib
0x0000000000a78000 	/usr/lib/libpcap.A.dylib
0x0000000000a78000 	/System/Library/Frameworks/CoreServices.framework/Versions/A/Frameworks/FSEvents.framework/Versions/A/FSEvents
0x0000000000a78000 	/System/Library/Frameworks/CoreServices.framework/Versions/A/Frameworks/CarbonCore.framework/Versions/A/CarbonCore
0x0000000000a78000 	/System/Library/Frameworks/CoreServices.framework/Versions/A/Frameworks/Metadata.framework/Versions/A/Metadata
0x0000000000a78000 	/System/Library/Frameworks/CoreServices.framework/Versions/A/Frameworks/OSServices.framework/Versions/A/OSServices
0x0000000000a78000 	/System/Library/Frameworks/CoreServices.framework/Versions/A/Frameworks/SearchKit.framework/Versions/A/SearchKit
0x0000000000a78000 	/System/Library/Frameworks/CoreServices.framework/Versions/A/Frameworks/AE.framework/Versions/A/AE
0x0000000000a78000 	/System/Library/Frameworks/CoreServices.framework/Versions/A/Frameworks/LaunchServices.framework/Versions/A/LaunchServices
0x0000000000a78000 	/System/Library/Frameworks/CoreServices.framework/Versions/A/Frameworks/DictionaryServices.framework/Versions/A/DictionaryServices
0x0000000000a78000 	/System/Library/Frameworks/CoreServices.framework/Versions/A/Frameworks/SharedFileList.framework/Versions/A/SharedFileList
0x0000000000a78000 	/System/Library/Frameworks/NetFS.framework/Versions/A/NetFS
0x0000000000a78000 	/System/Library/PrivateFrameworks/NetAuth.framework/Versions/A/NetAuth
0x0000000000a78000 	/System/Library/PrivateFrameworks/login.framework/Versions/A/Frameworks/loginsupport.framework/Versions/A/loginsupport
0x0000000000a78000 	/System/Library/PrivateFrameworks/TCC.framework/Versions/A/TCC
0x0000000000a78000 	/usr/lib/libmecabra.dylib
0x0000000000a78000 	/System/Library/Frameworks/ApplicationServices.framework/Versions/A/Frameworks/ATS.framework/Versions/A/ATS
0x0000000000a78000 	/System/Library/Frameworks/ApplicationServices.framework/Versions/A/Frameworks/ColorSync.framework/Versions/A/ColorSync
0x0000000000a78000 	/System/Library/Frameworks/ApplicationServices.framework/Versions/A/Frameworks/HIServices.framework/Versions/A/HIServices
0x0000000000a78000 	/System/Library/Frameworks/ApplicationServices.framework/Versions/A/Frameworks/LangAnalysis.framework/Versions/A/LangAnalysis
0x0000000000a78000 	/System/Library/Frameworks/ApplicationServices.framework/Versions/A/Frameworks/PrintCore.framework/Versions/A/PrintCore
0x0000000000a78000 	/System/Library/Frameworks/ApplicationServices.framework/Versions/A/Frameworks/QD.framework/Versions/A/QD
0x0000000000a78000 	/System/Library/Frameworks/ApplicationServices.framework/Versions/A/Frameworks/SpeechSynthesis.framework/Versions/A/SpeechSynthesis
0x0000000000a78000 	/System/Library/Frameworks/Accelerate.framework/Versions/A/Frameworks/vImage.framework/Versions/A/vImage
0x0000000000a78000 	/System/Library/Frameworks/Accelerate.framework/Versions/A/Frameworks/vecLib.framework/Versions/A/vecLib
0x0000000000a78000 	/System/Library/Frameworks/Accelerate.framework/Versions/A/Frameworks/vecLib.framework/Versions/A/libvDSP.dylib
0x0000000000a78000 	/System/Library/Frameworks/Accelerate.framework/Versions/A/Frameworks/vecLib.framework/Versions/A/libBNNS.dylib
0x0000000000a78000 	/System/Library/Frameworks/Accelerate.framework/Versions/A/Frameworks/vecLib.framework/Versions/A/libQuadrature.dylib
0x0000000000a78000 	/System/Library/Frameworks/Accelerate.framework/Versions/A/Frameworks/vecLib.framework/Versions/A/libvMisc.dylib
0x0000000000a78000 	/System/Library/Frameworks/Accelerate.framework/Versions/A/Frameworks/vecLib.framework/Versions/A/libLAPACK.dylib
0x0000000000a78000 	/System/Library/Frameworks/Accelerate.framework/Versions/A/Frameworks/vecLib.framework/Versions/A/libBLAS.dylib
0x0000000000a78000 	/System/Library/Frameworks/Accelerate.framework/Versions/A/Frameworks/vecLib.framework/Versions/A/libLinearAlgebra.dylib
0x0000000000a78000 	/System/Library/Frameworks/Accelerate.framework/Versions/A/Frameworks/vecLib.framework/Versions/A/libSparseBLAS.dylib
0x0000000000a78000 	/System/Library/Frameworks/ApplicationServices.framework/Versions/A/Frameworks/ATS.framework/Versions/A/Resources/libFontParser.dylib
0x0000000000a78000 	/System/Library/Frameworks/ApplicationServices.framework/Versions/A/Frameworks/ATS.framework/Versions/A/Resources/libFontRegistry.dylib
0x0000000000a78000 	/System/Library/Frameworks/ImageIO.framework/Versions/A/Resources/libJPEG.dylib
0x0000000000a78000 	/System/Library/Frameworks/ImageIO.framework/Versions/A/Resources/libTIFF.dylib
0x0000000000a78000 	/System/Library/Frameworks/ImageIO.framework/Versions/A/Resources/libPng.dylib
0x0000000000a78000 	/System/Library/Frameworks/ImageIO.framework/Versions/A/Resources/libGIF.dylib
0x0000000000a78000 	/System/Library/Frameworks/ImageIO.framework/Versions/A/Resources/libJP2.dylib
0x0000000000a78000 	/System/Library/Frameworks/ImageIO.framework/Versions/A/Resources/libRadiance.dylib
0x0000000000a78000 	/usr/lib/libcompression.dylib
0x0000000000a78000 	/System/Library/PrivateFrameworks/AppleJPEG.framework/Versions/A/AppleJPEG
0x0000000000a78000 	/usr/lib/libcups.2.dylib
0x0000000000a78000 	/System/Library/Frameworks/Kerberos.framework/Versions/A/Kerberos
0x0000000000a78000 	/System/Library/Frameworks/GSS.framework/Versions/A/GSS
0x0000000000a78000 	/usr/lib/libresolv.9.dylib
0x0000000000a78000 	/usr/lib/libiconv.2.dylib
0x0000000000a78000 	/System/Library/PrivateFrameworks/Heimdal.framework/Versions/A/Heimdal
0x0000000000a78000 	/usr/lib/libheimdal-asn1.dylib
0x0000000000a78000 	/System/Library/Frameworks/OpenDirectory.framework/Versions/A/OpenDirectory
0x0000000000a78000 	/System/Library/PrivateFrameworks/CommonAuth.framework/Versions/A/CommonAuth
0x0000000000a78000 	/System/Library/Frameworks/OpenDirectory.framework/Versions/A/Frameworks/CFOpenDirectory.framework/Versions/A/CFOpenDirectory
0x0000000000a78000 	/System/Library/Frameworks/SecurityFoundation.framework/Versions/A/SecurityFoundation
0x0000000000a78000 	/System/Library/PrivateFrameworks/LanguageModeling.framework/Versions/A/LanguageModeling
0x0000000000a78000 	/usr/lib/libmarisa.dylib
0x0000000000a78000 	/usr/lib/libChineseTokenizer.dylib
0x0000000000a78000 	/usr/lib/libcmph.dylib
0x0000000000a78000 	/System/Library/PrivateFrameworks/CoreEmoji.framework/Versions/A/CoreEmoji
0x0000000000a78000 	/System/Library/Frameworks/ServiceManagement.framework/Versions/A/ServiceManagement
0x0000000000a78000 	/usr/lib/libxslt.1.dylib
0x0000000000a78000 	/System/Library/Frameworks/Carbon.framework/Versions/A/Frameworks/Ink.framework/Versions/A/Ink
0x0000000000a78000 	/System/Library/PrivateFrameworks/TextureIO.framework/Versions/A/TextureIO
0x0000000000a78000 	/System/Library/Frameworks/Metal.framework/Versions/A/Metal
0x0000000000a78000 	/usr/lib/libate.dylib
0x0000000000a78000 	/System/Library/PrivateFrameworks/GPUCompiler.framework/libmetal_timestamp.dylib
0x0000000000a78000 	/System/Library/Frameworks/OpenGL.framework/Versions/A/Libraries/libCoreFSCache.dylib
0x0000000000a78000 	/System/Library/PrivateFrameworks/IOAccelerator.framework/Versions/A/IOAccelerator
0x0000000000a78000 	/System/Library/Frameworks/CoreVideo.framework/Versions/A/CoreVideo
0x0000000000a78000 	/usr/lib/libFosl_dynamic.dylib
0x0000000000a78000 	/System/Library/PrivateFrameworks/MetalPerformanceShaders.framework/Versions/A/MetalPerformanceShaders
0x0000000000a78000 	/System/Library/PrivateFrameworks/FaceCore.framework/Versions/A/FaceCore
0x0000000000a78000 	/System/Library/Frameworks/OpenCL.framework/Versions/A/OpenCL
0x0000000000a78000 	/System/Library/Frameworks/OpenGL.framework/Versions/A/Libraries/libGLU.dylib
0x0000000000a78000 	/System/Library/Frameworks/OpenGL.framework/Versions/A/Libraries/libGFXShared.dylib
0x0000000000a78000 	/System/Library/Frameworks/OpenGL.framework/Versions/A/Libraries/libGL.dylib
0x0000000000a78000 	/System/Library/Frameworks/OpenGL.framework/Versions/A/Libraries/libGLImage.dylib
0x0000000000a78000 	/System/Library/Frameworks/OpenGL.framework/Versions/A/Libraries/libCVMSPluginSupport.dylib
0x0000000000a78000 	/System/Library/Frameworks/OpenGL.framework/Versions/A/Libraries/libCoreVMClient.dylib
0x0000000000a78000 	/System/Library/PrivateFrameworks/CrashReporterSupport.framework/Versions/A/CrashReporterSupport
0x0000000000a78000 	/System/Library/PrivateFrameworks/Sharing.framework/Versions/A/Sharing
0x0000000000a78000 	/System/Library/PrivateFrameworks/IconServices.framework/Versions/A/IconServices
0x0000000000a78000 	/System/Library/PrivateFrameworks/ProtocolBuffer.framework/Versions/A/ProtocolBuffer
0x0000000000a78000 	/System/Library/PrivateFrameworks/Apple80211.framework/Versions/A/Apple80211
0x0000000000a78000 	/System/Library/Frameworks/CoreWLAN.framework/Versions/A/CoreWLAN
0x0000000000a78000 	/System/Library/PrivateFrameworks/CoreUtils.framework/Versions/A/CoreUtils
0x0000000000a78000 	/System/Library/Frameworks/IOBluetooth.framework/Versions/A/IOBluetooth
0x0000000000a78000 	/System/Library/PrivateFrameworks/CoreWiFi.framework/Versions/A/CoreWiFi
0x0000000000a78000 	/System/Library/Frameworks/CoreBluetooth.framework/Versions/A/CoreBluetooth
0x0000000000a78000 	/System/Library/Frameworks/CoreDisplay.framework/Versions/A/CoreDisplay
0x0000000000a78000 	/System/Library/PrivateFrameworks/IOPresentment.framework/Versions/A/IOPresentment
0x0000000000a78000 	/System/Library/PrivateFrameworks/DSExternalDisplay.framework/Versions/A/DSExternalDisplay
0x0000000000a78000 	/System/Library/PrivateFrameworks/DebugSymbols.framework/Versions/A/DebugSymbols
0x0000000000a78000 	/System/Library/PrivateFrameworks/CoreSymbolication.framework/Versions/A/CoreSymbolication
0x0000000000a78000 	/System/Library/PrivateFrameworks/Symbolication.framework/Versions/A/Symbolication
0x0000000000a78000 	/System/Library/PrivateFrameworks/AppleFSCompression.framework/Versions/A/AppleFSCompression
0x0000000000a78000 	/System/Library/PrivateFrameworks/SpeechRecognitionCore.framework/Versions/A/SpeechRecognitionCore
0x0000000000a78000 	/System/Library/PrivateFrameworks/ChunkingLibrary.framework/Versions/A/ChunkingLibrary
0x0000000100c00000 	/Library/Java/JavaVirtualMachines/jdk1.8.0_171.jdk/Contents/Home/jre/lib/server/libjvm.dylib
0x0000000000a78000 	/usr/lib/libstdc++.6.dylib
0x00000001003da000 	/Library/Java/JavaVirtualMachines/jdk1.8.0_171.jdk/Contents/Home/jre/lib/libverify.dylib
0x0000000101bae000 	/Library/Java/JavaVirtualMachines/jdk1.8.0_171.jdk/Contents/Home/jre/lib/libjava.dylib
0x00000001003f2000 	/Library/Java/JavaVirtualMachines/jdk1.8.0_171.jdk/Contents/Home/jre/lib/libzip.dylib
0x000000011da31000 	/Library/Java/JavaVirtualMachines/jdk1.8.0_171.jdk/Contents/Home/jre/lib/libawt.dylib
0x000000011dadb000 	/Library/Java/JavaVirtualMachines/jdk1.8.0_171.jdk/Contents/Home/jre/lib/./libmlib_image.dylib
0x000000011dba7000 	/System/Library/Frameworks/JavaVM.framework/Versions/A/Frameworks/JavaNativeFoundation.framework/Versions/A/JavaNativeFoundation
0x000000011dbbc000 	/System/Library/Frameworks/JavaVM.framework/Versions/A/Frameworks/JavaRuntimeSupport.framework/Versions/A/JavaRuntimeSupport
0x000000011dbd6000 	/System/Library/Frameworks/JavaVM.framework/Versions/A/JavaVM
0x000000011dbe3000 	/System/Library/PrivateFrameworks/JavaLaunching.framework/Versions/A/JavaLaunching
0x0000000000a78000 	/System/Library/Frameworks/Carbon.framework/Versions/A/Carbon
0x0000000000a78000 	/System/Library/Frameworks/Carbon.framework/Versions/A/Frameworks/CommonPanels.framework/Versions/A/CommonPanels
0x0000000000a78000 	/System/Library/Frameworks/Carbon.framework/Versions/A/Frameworks/Help.framework/Versions/A/Help
0x0000000000a78000 	/System/Library/Frameworks/Carbon.framework/Versions/A/Frameworks/ImageCapture.framework/Versions/A/ImageCapture
0x0000000000a78000 	/System/Library/Frameworks/Carbon.framework/Versions/A/Frameworks/OpenScripting.framework/Versions/A/OpenScripting
0x0000000000a78000 	/System/Library/Frameworks/Carbon.framework/Versions/A/Frameworks/Print.framework/Versions/A/Print
0x0000000000a78000 	/System/Library/Frameworks/Carbon.framework/Versions/A/Frameworks/SecurityHI.framework/Versions/A/SecurityHI
0x000000011dbef000 	/Library/Java/JavaVirtualMachines/jdk1.8.0_171.jdk/Contents/Home/jre/lib/libawt_lwawt.dylib
0x000000011dca9000 	/Library/Java/JavaVirtualMachines/jdk1.8.0_171.jdk/Contents/Home/jre/lib/./libosxapp.dylib
0x0000000000a78000 	/System/Library/Frameworks/ExceptionHandling.framework/Versions/A/ExceptionHandling
0x0000000000a78000 	/System/Library/PrivateFrameworks/CoreServicesInternal.framework/Versions/A/CoreServicesInternal
0x0000000000a78000 	/System/Library/CoreServices/RawCamera.bundle/Contents/MacOS/RawCamera
0x0000000000a78000 	/System/Library/Frameworks/Accelerate.framework/Versions/A/Frameworks/vImage.framework/Versions/A/Libraries/libCGInterfaces.dylib
0x0000000000a78000 	/System/Library/Frameworks/ApplicationServices.framework/Versions/A/Frameworks/ATS.framework/Versions/A/Resources/libTrueTypeScaler.dylib
0x000000011f948000 	/System/Library/Frameworks/OpenGL.framework/Resources/GLEngine.bundle/GLEngine
0x0000000000a78000 	/System/Library/Frameworks/OpenGL.framework/Versions/A/Libraries/libGLProgrammability.dylib
0x000000011fb2d000 	/System/Library/Extensions/AppleIntelSKLGraphicsGLDriver.bundle/Contents/MacOS/AppleIntelSKLGraphicsGLDriver
0x0000000000a78000 	/System/Library/PrivateFrameworks/GPUSupport.framework/Versions/A/Libraries/libGPUSupportMercury.dylib
0x00000001208b5000 	/System/Library/Frameworks/OpenGL.framework/Resources//GLRendererFloat.bundle/GLRendererFloat
0x0000000000a78000 	/System/Library/Frameworks/OpenCL.framework/Versions/A/Libraries/libcldcpuengine.dylib
0x0000000000a78000 	/usr/lib/libcrypto.0.9.8.dylib
0x0000000000a78000 	/System/Library/PrivateFrameworks/TrustEvaluationAgent.framework/Versions/A/TrustEvaluationAgent
0x00000001208e9000 	/System/Library/Extensions/AppleIntelSKLGraphicsMTLDriver.bundle/Contents/MacOS/AppleIntelSKLGraphicsMTLDriver
0x0000000000a78000 	/System/Library/PrivateFrameworks/FamilyControls.framework/Versions/A/FamilyControls
0x0000000000a78000 	/System/Library/PrivateFrameworks/CommerceKit.framework/Versions/A/Frameworks/CommerceCore.framework/Versions/A/CommerceCore
0x0000000000a78000 	/System/Library/PrivateFrameworks/SystemAdministration.framework/Versions/A/SystemAdministration
0x0000000000a78000 	/System/Library/PrivateFrameworks/AppContainer.framework/Versions/A/AppContainer
0x0000000000a78000 	/System/Library/PrivateFrameworks/SecCodeWrapper.framework/Versions/A/SecCodeWrapper
0x0000000000a78000 	/System/Library/Frameworks/DirectoryService.framework/Versions/A/DirectoryService
0x0000000000a78000 	/System/Library/PrivateFrameworks/DiskImages.framework/Versions/A/DiskImages
0x0000000000a78000 	/System/Library/PrivateFrameworks/LoginUIKit.framework/Versions/A/Frameworks/LoginUICore.framework/Versions/A/LoginUICore
0x0000000000a78000 	/usr/lib/libCoreStorage.dylib
0x0000000000a78000 	/usr/lib/libcsfde.dylib
0x0000000000a78000 	/usr/lib/libodfde.dylib
0x0000000000a78000 	/System/Library/Frameworks/DiscRecording.framework/Versions/A/DiscRecording
0x0000000000a78000 	/usr/lib/libcurl.4.dylib
0x0000000000a78000 	/System/Library/PrivateFrameworks/MediaKit.framework/Versions/A/MediaKit
0x0000000000a78000 	/System/Library/PrivateFrameworks/ProtectedCloudStorage.framework/Versions/A/ProtectedCloudStorage
0x0000000000a78000 	/System/Library/PrivateFrameworks/EFILogin.framework/Versions/A/EFILogin
0x0000000000a78000 	/usr/lib/libutil.dylib
0x0000000000a78000 	/System/Library/Frameworks/LDAP.framework/Versions/A/LDAP
0x0000000000a78000 	/usr/lib/libsasl2.2.dylib
0x0000000000a78000 	/System/Library/PrivateFrameworks/CoreDaemon.framework/Versions/B/CoreDaemon
0x0000000000a78000 	/System/Library/PrivateFrameworks/AppleSRP.framework/Versions/A/AppleSRP
0x0000000000a78000 	/System/Library/PrivateFrameworks/APFS.framework/Versions/A/APFS
0x0000000121f3a000 	/Library/Java/JavaVirtualMachines/jdk1.8.0_171.jdk/Contents/Home/jre/lib/libosx.dylib
0x0000000121f48000 	/Library/Java/JavaVirtualMachines/jdk1.8.0_171.jdk/Contents/Home/jre/lib/libfontmanager.dylib
0x000000011f93b000 	/Library/Java/JavaVirtualMachines/jdk1.8.0_171.jdk/Contents/Home/jre/lib/libosxui.dylib
0x0000000000a78000 	/System/Library/PrivateFrameworks/ViewBridge.framework/Versions/A/ViewBridge
0x0000000000a78000 	/System/Library/PrivateFrameworks/XPCService.framework/Versions/A/XPCService
0x0000000000a78000 	/System/Library/PrivateFrameworks/AppSandbox.framework/Versions/A/AppSandbox
0x0000000000a78000 	/usr/lib/libsandbox.1.dylib
0x0000000000a78000 	/usr/lib/libMatch.1.dylib
0x000000012357e000 	/Library/Java/JavaVirtualMachines/jdk1.8.0_171.jdk/Contents/Home/jre/lib/libnet.dylib
0x0000000123595000 	/Library/Java/JavaVirtualMachines/jdk1.8.0_171.jdk/Contents/Home/jre/lib/libnio.dylib
0x0000000000a78000 	/System/Library/PrivateFrameworks/CloudDocs.framework/Versions/A/CloudDocs
0x0000000000a78000 	/System/Library/Frameworks/CloudKit.framework/Versions/A/CloudKit
0x0000000000a78000 	/System/Library/PrivateFrameworks/MMCS.framework/Versions/A/MMCS
0x0000000000a78000 	/System/Library/Frameworks/CoreLocation.framework/Versions/A/CoreLocation
0x0000000000a78000 	/System/Library/PrivateFrameworks/AssetCacheServices.framework/Versions/A/AssetCacheServices
0x0000000000a78000 	/System/Library/PrivateFrameworks/GeoServices.framework/Versions/A/GeoServices
0x0000000123272000 	/Library/Java/JavaVirtualMachines/jdk1.8.0_171.jdk/Contents/Home/jre/lib/libdcpr.dylib
0x0000000000a78000 	/System/Library/PrivateFrameworks/Shortcut.framework/Versions/A/Shortcut
0x0000000000a78000 	/System/Library/PrivateFrameworks/HelpData.framework/Versions/A/HelpData

VM Arguments:
java_command: xal.app.virtualaccelerator.Main
java_class_path (initial): /Users/nataliamilas/projects/openxal/apps/virtualaccelerator/target/classes:/Users/nataliamilas/.m2/repository/org/xal/openxal.library/1.2.3-SNAPSHOT/openxal.library-1.2.3-SNAPSHOT.jar:/Users/nataliamilas/.m2/repository/org/xal/openxal.third-party-libs/1.2.3-SNAPSHOT/openxal.third-party-libs-1.2.3-SNAPSHOT.jar
Launcher Type: SUN_STANDARD

Environment Variables:
JAVA_HOME=/Library/Java/JavaVirtualMachines/jdk1.8.0_171.jdk/Contents/Home
PATH=/usr/bin:/bin:/usr/sbin:/sbin
SHELL=/bin/bash
DISPLAY=/private/tmp/com.apple.launchd.BEwxWB4aLs/org.macosforge.xquartz:0

Signal Handlers:
SIGSEGV: [libjvm.dylib+0x5b512d], sa_mask[0]=11111111011111110111111111111111, sa_flags=SA_ONSTACK|SA_RESTART|SA_SIGINFO
SIGBUS: [libjvm.dylib+0x5b512d], sa_mask[0]=11111111011111110111111111111111, sa_flags=SA_RESTART|SA_SIGINFO
SIGFPE: [libjvm.dylib+0x48aa90], sa_mask[0]=11111111011111110111111111111111, sa_flags=SA_RESTART|SA_SIGINFO
SIGPIPE: [libjvm.dylib+0x48aa90], sa_mask[0]=11111111011111110111111111111111, sa_flags=SA_RESTART|SA_SIGINFO
SIGXFSZ: [libjvm.dylib+0x48aa90], sa_mask[0]=11111111011111110111111111111111, sa_flags=SA_RESTART|SA_SIGINFO
SIGILL: [libjvm.dylib+0x48aa90], sa_mask[0]=11111111011111110111111111111111, sa_flags=SA_RESTART|SA_SIGINFO
SIGUSR1: SIG_DFL, sa_mask[0]=00000000000000000000000000000000, sa_flags=none
SIGUSR2: [libjvm.dylib+0x48a5ae], sa_mask[0]=00100000000000000000000000000000, sa_flags=SA_RESTART|SA_SIGINFO
SIGHUP: [libjvm.dylib+0x488b79], sa_mask[0]=11111111011111110111111111111111, sa_flags=SA_RESTART|SA_SIGINFO
SIGINT: SIG_IGN, sa_mask[0]=00000000000000000000000000000000, sa_flags=none
SIGTERM: [libjvm.dylib+0x488b79], sa_mask[0]=11111111011111110111111111111111, sa_flags=SA_RESTART|SA_SIGINFO
SIGQUIT: [libjvm.dylib+0x488b79], sa_mask[0]=11111111011111110111111111111111, sa_flags=SA_RESTART|SA_SIGINFO


---------------  S Y S T E M  ---------------

OS:Bsduname:Darwin 16.7.0 Darwin Kernel Version 16.7.0: Tue Jan 30 11:27:06 PST 2018; root:xnu-3789.73.11~1/RELEASE_X86_64 x86_64
rlimit: STACK 8192k, CORE 0k, NPROC 709, NOFILE 10240, AS infinity
load average:105.23 98.83 55.00

CPU:total 4 (initial active 4) (2 cores per cpu, 2 threads per core) family 6 model 78 stepping 3, cmov, cx8, fxsr, mmx, sse, sse2, sse3, ssse3, sse4.1, sse4.2, popcnt, avx, avx2, aes, clmul, erms, 3dnowpref, lzcnt, ht, tsc, tscinvbit, bmi1, bmi2, adx

Memory: 4k page, physical 16777216k(1152832k free)

/proc/meminfo:


vm_info: Java HotSpot(TM) 64-Bit Server VM (25.171-b11) for bsd-amd64 JRE (1.8.0_171-b11), built on Mar 28 2018 12:50:57 by "java_re" with gcc 4.2.1 (Based on Apple Inc. build 5658) (LLVM build 2336.11.00)

time: Wed May 30 11:19:19 2018
elapsed time: 951 seconds (0d 0h 15m 51s)

