#
# A fatal error has been detected by the Java Runtime Environment:
#
#  SIGSEGV (0xb) at pc=0x0000000108d6c027, pid=30735, tid=0x000000000001310b
#
# JRE version: Java(TM) SE Runtime Environment (8.0_181-b13) (build 1.8.0_181-b13)
# Java VM: Java HotSpot(TM) 64-Bit Server VM (25.181-b13 mixed mode bsd-amd64 compressed oops)
# Problematic frame:
# C  [libawt_lwawt.dylib+0x1c027]  OGLSD_SetScratchSurface+0x49
#
# Failed to write core dump. Core dumps have been disabled. To enable core dumping, try "ulimit -c unlimited" before starting Java again
#
# If you would like to submit a bug report, please visit:
#   http://bugreport.java.com/bugreport/crash.jsp
# The crash happened outside the Java Virtual Machine in native code.
# See problematic frame for where to report the bug.
#

---------------  T H R E A D  ---------------

Current thread (0x00007f9c46260800):  JavaThread "Java2D Queue Flusher" daemon [_thread_in_native, id=78091, stack(0x000070000e90e000,0x000070000ea0e000)]

siginfo: si_signo: 11 (SIGSEGV), si_code: 1 (SEGV_MAPERR), si_addr: 0x000000000000006c

Registers:
RAX=0x00000000ffffffff, RBX=0x000000000000006c, RCX=0x0000000000000047, RDX=0x0000000108d8db14
RSP=0x000070000ea0d7b0, RBP=0x000070000ea0d7d0, RSI=0x00007f9c4f026750, RDI=0x00007f9c462609f8
R8 =0x00007f9c4548c048, R9 =0xffffffff00000000, R10=0x000000010ab23c38, R11=0x00000000d8003930
R12=0x0000000000000000, R13=0x000070000ea0d8e0, R14=0x00007f9c462609f8, R15=0x00007f9c46260800
RIP=0x0000000108d6c027, EFLAGS=0x0000000000010206, ERR=0x0000000000000004
  TRAPNO=0x000000000000000e

Top of Stack: (sp=0x000070000ea0d7b0)
0x000070000ea0d7b0:   00007f9c4f026750 0000000000000000
0x000070000ea0d7c0:   00007f9c47188c10 00007f9c46260800
0x000070000ea0d7d0:   000070000ea0d850 0000000108d8d5f2
0x000070000ea0d7e0:   0000000000000064 0000000000000000
0x000070000ea0d7f0:   0000000000000064 00007f9c45480c38
0x000070000ea0d800:   000070000ea0d860 0000000103151a64
0x000070000ea0d810:   00007f9c00000005 00007f9c47188c20
0x000070000ea0d820:   0000000000000001 00007f9c462609f8
0x000070000ea0d830:   0000000105db9800 0000000000000000
0x000070000ea0d840:   000070000ea0d960 00007f9c46260800
0x000070000ea0d850:   000070000ea0d8a0 000000010ab23caa
0x000070000ea0d860:   00000006c001c968 000000010a6680e8
0x000070000ea0d870:   00000006c001ca40 000000010a7f6126
0x000070000ea0d880:   00000006c001ca40 0000000000000000
0x000070000ea0d890:   000070000ea0d890 0000000158b1b687
0x000070000ea0d8a0:   00000006c001c968 000000010ac0fc70
0x000070000ea0d8b0:   000070000ea0d938 000000010a4372bd
0x000070000ea0d8c0:   000070000ea0d938 000000010a4372bd
0x000070000ea0d8d0:   0000000000000064 000000010a4372bd
0x000070000ea0d8e0:   00000006c001c968 0000000000000001
0x000070000ea0d8f0:   00000006c001ca40 000070000ea0d8e8
0x000070000ea0d900:   0000000105dbd029 000070000ea0d960
0x000070000ea0d910:   0000000105dbd1c0 0000000158b18138
0x000070000ea0d920:   0000000105dbd130 000070000ea0d8e0
0x000070000ea0d930:   000070000ea0d960 000070000ea0d9d0
0x000070000ea0d940:   000000010a42f7a7 0000000000000000
0x000070000ea0d950:   0000000000000000 deaddeaf00000000
0x000070000ea0d960:   00000006c001ca40 00000006c001d7c8
0x000070000ea0d970:   0000700000001fa0 000000000000000a
0x000070000ea0d980:   00007f9c46260800 0000000000000001
0x000070000ea0d990:   000000010a42f71f 0000000105dbd130
0x000070000ea0d9a0:   000070000ea0da68 000070000ea0dd00 

Instructions: (pc=0x0000000108d6c027)
0x0000000108d6c007:   c0 e9 82 00 00 00 48 8b 5e 10 48 85 db 75 0e bf
0x0000000108d6c017:   01 00 00 00 48 8d 15 a8 96 03 00 eb d6 49 89 fe
0x0000000108d6c027:   4c 8b 3b 30 c0 e8 ff bc 02 00 49 8b 3f 49 89 c4
0x0000000108d6c037:   48 8b 35 02 29 06 00 30 c0 e8 4d be 02 00 48 85 

Register to memory mapping:

RAX=0x00000000ffffffff is an unknown value
RBX=0x000000000000006c is an unknown value
RCX=0x0000000000000047 is an unknown value
RDX=0x0000000108d8db14: Java_sun_java2d_opengl_OGLRenderQueue_flushBuffer+0xb5c in /Library/Java/JavaVirtualMachines/jdk1.8.0_181.jdk/Contents/Home/jre/lib/libawt_lwawt.dylib at 0x0000000108d50000
RSP=0x000070000ea0d7b0 is pointing into the stack for thread: 0x00007f9c46260800
RBP=0x000070000ea0d7d0 is pointing into the stack for thread: 0x00007f9c46260800
RSI=0x00007f9c4f026750 is an unknown value
RDI=0x00007f9c462609f8 is an unknown value
R8 =0x00007f9c4548c048 is an unknown value
R9 =0xffffffff00000000 is an unknown value
R10=0x000000010ab23c38 is at entry_point+56 in (nmethod*)0x000000010ab23a90
R11=0x00000000d8003930 is an unknown value
R12=0x0000000000000000 is an unknown value
R13=0x000070000ea0d8e0 is pointing into the stack for thread: 0x00007f9c46260800
R14=0x00007f9c462609f8 is an unknown value
R15=0x00007f9c46260800 is a thread


Stack: [0x000070000e90e000,0x000070000ea0e000],  sp=0x000070000ea0d7b0,  free space=1021k
Native frames: (J=compiled Java code, j=interpreted, Vv=VM code, C=native code)
C  [libawt_lwawt.dylib+0x1c027]  OGLSD_SetScratchSurface+0x49
C  [libawt_lwawt.dylib+0x3d5f2]  Java_sun_java2d_opengl_OGLRenderQueue_flushBuffer+0x63a
J 2314  sun.java2d.opengl.OGLRenderQueue.flushBuffer(JI)V (0 bytes) @ 0x000000010ab23caa [0x000000010ab23c00+0xaa]
J 6137 C2 sun.java2d.opengl.OGLRenderQueue.access$100(Lsun/java2d/opengl/OGLRenderQueue;)V (5 bytes) @ 0x000000010ac0fc70 [0x000000010ac0fc40+0x30]
j  sun.java2d.opengl.OGLRenderQueue$QueueFlusher.run()V+81
v  ~StubRoutines::call_stub
V  [libjvm.dylib+0x2efcba]  JavaCalls::call_helper(JavaValue*, methodHandle*, JavaCallArguments*, Thread*)+0x6ae
V  [libjvm.dylib+0x2f045e]  JavaCalls::call_virtual(JavaValue*, KlassHandle, Symbol*, Symbol*, JavaCallArguments*, Thread*)+0x164
V  [libjvm.dylib+0x2f060a]  JavaCalls::call_virtual(JavaValue*, Handle, KlassHandle, Symbol*, Symbol*, Thread*)+0x4a
V  [libjvm.dylib+0x34aef9]  thread_entry(JavaThread*, Thread*)+0x7c
V  [libjvm.dylib+0x56fa7f]  JavaThread::thread_main_inner()+0x9b
V  [libjvm.dylib+0x57117a]  JavaThread::run()+0x1c2
V  [libjvm.dylib+0x48e342]  java_start(Thread*)+0xf6
C  [libsystem_pthread.dylib+0x3661]  _pthread_body+0x154
C  [libsystem_pthread.dylib+0x350d]  _pthread_body+0x0
C  [libsystem_pthread.dylib+0x2bf9]  thread_start+0xd
C  0x0000000000000000

Java frames: (J=compiled Java code, j=interpreted, Vv=VM code)
J 2314  sun.java2d.opengl.OGLRenderQueue.flushBuffer(JI)V (0 bytes) @ 0x000000010ab23c38 [0x000000010ab23c00+0x38]
J 6137 C2 sun.java2d.opengl.OGLRenderQueue.access$100(Lsun/java2d/opengl/OGLRenderQueue;)V (5 bytes) @ 0x000000010ac0fc70 [0x000000010ac0fc40+0x30]
j  sun.java2d.opengl.OGLRenderQueue$QueueFlusher.run()V+81
v  ~StubRoutines::call_stub

---------------  P R O C E S S  ---------------

Java Threads: ( => current thread )
  0x00007f9c46c5a800 JavaThread "com.cosylab.epics.caj.util.SearchTimer" [_thread_blocked, id=93243, stack(0x00007000107ee000,0x00007000108ee000)]
  0x00007f9c46585000 JavaThread "Thread-16" [_thread_blocked, id=126991, stack(0x00007000101dc000,0x00007000102dc000)]
  0x00007f9c46584000 JavaThread "pool-2-thread-1" [_thread_blocked, id=62259, stack(0x00007000100d9000,0x00007000101d9000)]
  0x00007f9c462bc800 JavaThread "Thread-14" [_thread_blocked, id=126739, stack(0x000070000fed3000,0x000070000ffd3000)]
  0x00007f9c473cc800 JavaThread "pool-3-thread-1" [_thread_blocked, id=90243, stack(0x000070000fdd0000,0x000070000fed0000)]
  0x00007f9c469dd000 JavaThread "pool-8-thread-5" [_thread_blocked, id=127755, stack(0x000070000fccd000,0x000070000fdcd000)]
  0x00007f9c475dd800 JavaThread "pool-8-thread-4" [_thread_blocked, id=90895, stack(0x000070000fbca000,0x000070000fcca000)]
  0x00007f9c47513800 JavaThread "pool-8-thread-3" [_thread_blocked, id=60695, stack(0x000070000fac7000,0x000070000fbc7000)]
  0x00007f9c475dc800 JavaThread "pool-8-thread-2" [_thread_blocked, id=92259, stack(0x000070000f9c4000,0x000070000fac4000)]
  0x00007f9c461df800 JavaThread "pool-8-thread-1" [_thread_in_native, id=71203, stack(0x000070000f3b2000,0x000070000f4b2000)]
  0x00007f9c45e14800 JavaThread "DestroyJavaVM" [_thread_blocked, id=6403, stack(0x000070000d6d2000,0x000070000d7d2000)]
  0x00007f9c46ba6000 JavaThread "pool-7-thread-5" [_thread_blocked, id=63507, stack(0x000070000f2af000,0x000070000f3af000)]
  0x00007f9c46e16000 JavaThread "pool-7-thread-4" [_thread_blocked, id=29991, stack(0x000070000f1ac000,0x000070000f2ac000)]
  0x00007f9c4753c800 JavaThread "pool-7-thread-3" [_thread_blocked, id=57507, stack(0x000070000f0a9000,0x000070000f1a9000)]
  0x00007f9c46b58000 JavaThread "pool-7-thread-2" [_thread_blocked, id=63771, stack(0x000070000efa6000,0x000070000f0a6000)]
  0x00007f9c46b57000 JavaThread "pool-7-thread-1" [_thread_in_native, id=70475, stack(0x000070000ec17000,0x000070000ed17000)]
  0x00007f9c47553800 JavaThread "Thread-10" [_thread_in_native, id=90647, stack(0x000070000f8c1000,0x000070000f9c1000)]
  0x00007f9c46379000 JavaThread "JmDNS(CI0010035.local.).State.Timer" daemon [_thread_blocked, id=88387, stack(0x000070000f7be000,0x000070000f8be000)]
  0x00007f9c461e1000 JavaThread "JmDNS(CI0010035.local.).Timer" daemon [_thread_blocked, id=128267, stack(0x000070000f6bb000,0x000070000f7bb000)]
  0x00007f9c4622b800 JavaThread "SocketListener(CI0010035.local.)" daemon [_thread_in_native, id=89715, stack(0x000070000f5b8000,0x000070000f6b8000)]
  0x00007f9c476ce800 JavaThread "Thread-5" [_thread_blocked, id=62727, stack(0x000070000f4b5000,0x000070000f5b5000)]
  0x00007f9c4635a800 JavaThread "TimerQueue" daemon [_thread_blocked, id=64795, stack(0x000070000ed1a000,0x000070000ee1a000)]
  0x00007f9c4597a800 JavaThread "AWT-EventQueue-0" [_thread_blocked, id=71431, stack(0x000070000eb14000,0x000070000ec14000)]
  0x00007f9c471aa000 JavaThread "Java2D Disposer" daemon [_thread_blocked, id=52247, stack(0x000070000ea11000,0x000070000eb11000)]
=>0x00007f9c46260800 JavaThread "Java2D Queue Flusher" daemon [_thread_in_native, id=78091, stack(0x000070000e90e000,0x000070000ea0e000)]
  0x00007f9c458f4000 JavaThread "Timer-0" daemon [_thread_blocked, id=84243, stack(0x000070000e80b000,0x000070000e90b000)]
  0x00007f9c46231800 JavaThread "AWT-Shutdown" [_thread_blocked, id=37931, stack(0x000070000e57f000,0x000070000e67f000)]
  0x00007f9c460f8800 JavaThread "AppKit Thread" daemon [_thread_in_native, id=775, stack(0x00007ffeecef8000,0x00007ffeed6f8000)]
  0x00007f9c46050800 JavaThread "Service Thread" daemon [_thread_blocked, id=13827, stack(0x000070000e379000,0x000070000e479000)]
  0x00007f9c45821000 JavaThread "C1 CompilerThread2" daemon [_thread_blocked, id=13315, stack(0x000070000e276000,0x000070000e376000)]
  0x00007f9c4680e800 JavaThread "C2 CompilerThread1" daemon [_thread_blocked, id=17155, stack(0x000070000e173000,0x000070000e273000)]
  0x00007f9c4702e000 JavaThread "C2 CompilerThread0" daemon [_thread_blocked, id=17411, stack(0x000070000e070000,0x000070000e170000)]
  0x00007f9c46050000 JavaThread "Signal Dispatcher" daemon [_thread_blocked, id=17927, stack(0x000070000df6d000,0x000070000e06d000)]
  0x00007f9c46041800 JavaThread "Finalizer" daemon [_thread_blocked, id=19971, stack(0x000070000dde7000,0x000070000dee7000)]
  0x00007f9c46819800 JavaThread "Reference Handler" daemon [_thread_blocked, id=11011, stack(0x000070000dce4000,0x000070000dde4000)]

Other Threads:
  0x00007f9c46041000 VMThread [stack: 0x000070000dbe1000,0x000070000dce1000] [id=20739]
  0x00007f9c46051800 WatcherThread [stack: 0x000070000e47c000,0x000070000e57c000] [id=16899]

VM state:not at safepoint (normal execution)

VM Mutex/Monitor currently owned by a thread: None

Heap:
 PSYoungGen      total 31744K, used 5192K [0x000000076ab00000, 0x0000000789e00000, 0x00000007c0000000)
  eden space 31232K, 16% used [0x000000076ab00000,0x000000076b0121f0,0x000000076c980000)
  from space 512K, 0% used [0x0000000789d80000,0x0000000789d80000,0x0000000789e00000)
  to   space 1024K, 0% used [0x0000000789c00000,0x0000000789c00000,0x0000000789d00000)
 ParOldGen       total 111104K, used 47914K [0x00000006c0000000, 0x00000006c6c80000, 0x000000076ab00000)
  object space 111104K, 43% used [0x00000006c0000000,0x00000006c2ecaab8,0x00000006c6c80000)
 Metaspace       used 27510K, capacity 28118K, committed 28288K, reserved 1073152K
  class space    used 3470K, capacity 3634K, committed 3712K, reserved 1048576K

Card table byte_map: [0x0000000104174000,0x0000000104975000] byte_map_base: 0x0000000100b74000

Marking Bits: (ParMarkBitMap*) 0x00000001036f9cd0
 Begin Bits: [0x000000011942f000, 0x000000011d42f000)
 End Bits:   [0x000000011d42f000, 0x000000012142f000)

Polling page: 0x0000000102585000

CodeCache: size=245760Kb used=17138Kb max_used=17611Kb free=228621Kb
 bounds [0x000000010a42f000, 0x000000010b5bf000, 0x000000011942f000]
 total_blobs=5649 nmethods=4955 adapters=604
 compilation: enabled

Compilation events (10 events):
Event: 7736.579 Thread 0x00007f9c4680e800 6345 % !   4       javax.jmdns.impl.SocketListener::run @ 17 (454 bytes)
Event: 7736.893 Thread 0x00007f9c4680e800 nmethod 6345% 0x000000010b590910 code [0x000000010b5910e0, 0x000000010b596fb0]
Event: 7871.144 Thread 0x00007f9c4702e000 6346   !   4       javax.jmdns.impl.JmDNSImpl::handleQuery (229 bytes)
Event: 7871.287 Thread 0x00007f9c4702e000 nmethod 6346 0x000000010b59e9d0 code [0x000000010b59eee0, 0x000000010b5a2bf8]
Event: 7887.999 Thread 0x00007f9c4680e800 6347   !   4       javax.jmdns.impl.tasks.Responder::run (497 bytes)
Event: 7888.282 Thread 0x00007f9c4680e800 nmethod 6347 0x000000010b5a7d10 code [0x000000010b5a84e0, 0x000000010b5af910]
Event: 8333.366 Thread 0x00007f9c4702e000 6348       4       javax.jmdns.impl.DNSQuestion$AllRecords::iAmTheOnlyOne (46 bytes)
Event: 8333.384 Thread 0x00007f9c4702e000 nmethod 6348 0x000000010adfd190 code [0x000000010adfd340, 0x000000010adfdae8]
Event: 8679.273 Thread 0x00007f9c45821000 6349       3       javax.jmdns.impl.DNSQuestion$DNS6Address::iAmTheOnlyOne (46 bytes)
Event: 8679.273 Thread 0x00007f9c45821000 nmethod 6349 0x000000010a5fc7d0 code [0x000000010a5fc9a0, 0x000000010a5fd198]

GC Heap History (10 events):
Event: 8810.342 GC heap before
{Heap before GC invocations=3052 (full 9):
 PSYoungGen      total 32256K, used 31808K [0x000000076ab00000, 0x0000000789f00000, 0x00000007c0000000)
  eden space 31232K, 100% used [0x000000076ab00000,0x000000076c980000,0x000000076c980000)
  from space 1024K, 56% used [0x0000000789e00000,0x0000000789e90000,0x0000000789f00000)
  to   space 1536K, 0% used [0x0000000789c00000,0x0000000789c00000,0x0000000789d80000)
 ParOldGen       total 134144K, used 133781K [0x00000006c0000000, 0x00000006c8300000, 0x000000076ab00000)
  object space 134144K, 99% used [0x00000006c0000000,0x00000006c82a56d8,0x00000006c8300000)
 Metaspace       used 27535K, capacity 28166K, committed 28288K, reserved 1073152K
  class space    used 3476K, capacity 3646K, committed 3712K, reserved 1048576K
Event: 8810.349 GC heap after
Heap after GC invocations=3052 (full 9):
 PSYoungGen      total 32768K, used 672K [0x000000076ab00000, 0x0000000789e80000, 0x00000007c0000000)
  eden space 31232K, 0% used [0x000000076ab00000,0x000000076ab00000,0x000000076c980000)
  from space 1536K, 43% used [0x0000000789c00000,0x0000000789ca8000,0x0000000789d80000)
  to   space 1024K, 0% used [0x0000000789d80000,0x0000000789d80000,0x0000000789e80000)
 ParOldGen       total 134144K, used 133789K [0x00000006c0000000, 0x00000006c8300000, 0x000000076ab00000)
  object space 134144K, 99% used [0x00000006c0000000,0x00000006c82a76d8,0x00000006c8300000)
 Metaspace       used 27535K, capacity 28166K, committed 28288K, reserved 1073152K
  class space    used 3476K, capacity 3646K, committed 3712K, reserved 1048576K
}
Event: 8818.332 GC heap before
{Heap before GC invocations=3053 (full 9):
 PSYoungGen      total 32768K, used 31904K [0x000000076ab00000, 0x0000000789e80000, 0x00000007c0000000)
  eden space 31232K, 100% used [0x000000076ab00000,0x000000076c980000,0x000000076c980000)
  from space 1536K, 43% used [0x0000000789c00000,0x0000000789ca8000,0x0000000789d80000)
  to   space 1024K, 0% used [0x0000000789d80000,0x0000000789d80000,0x0000000789e80000)
 ParOldGen       total 134144K, used 133789K [0x00000006c0000000, 0x00000006c8300000, 0x000000076ab00000)
  object space 134144K, 99% used [0x00000006c0000000,0x00000006c82a76d8,0x00000006c8300000)
 Metaspace       used 27535K, capacity 28166K, committed 28288K, reserved 1073152K
  class space    used 3476K, capacity 3646K, committed 3712K, reserved 1048576K
Event: 8818.336 GC heap after
Heap after GC invocations=3053 (full 9):
 PSYoungGen      total 32256K, used 704K [0x000000076ab00000, 0x0000000789e80000, 0x00000007c0000000)
  eden space 31232K, 0% used [0x000000076ab00000,0x000000076ab00000,0x000000076c980000)
  from space 1024K, 68% used [0x0000000789d80000,0x0000000789e30000,0x0000000789e80000)
  to   space 1024K, 0% used [0x0000000789c80000,0x0000000789c80000,0x0000000789d80000)
 ParOldGen       total 134144K, used 133805K [0x00000006c0000000, 0x00000006c8300000, 0x000000076ab00000)
  object space 134144K, 99% used [0x00000006c0000000,0x00000006c82ab6d8,0x00000006c8300000)
 Metaspace       used 27535K, capacity 28166K, committed 28288K, reserved 1073152K
  class space    used 3476K, capacity 3646K, committed 3712K, reserved 1048576K
}
Event: 8824.339 GC heap before
{Heap before GC invocations=3054 (full 9):
 PSYoungGen      total 32256K, used 31936K [0x000000076ab00000, 0x0000000789e80000, 0x00000007c0000000)
  eden space 31232K, 100% used [0x000000076ab00000,0x000000076c980000,0x000000076c980000)
  from space 1024K, 68% used [0x0000000789d80000,0x0000000789e30000,0x0000000789e80000)
  to   space 1024K, 0% used [0x0000000789c80000,0x0000000789c80000,0x0000000789d80000)
 ParOldGen       total 134144K, used 133805K [0x00000006c0000000, 0x00000006c8300000, 0x000000076ab00000)
  object space 134144K, 99% used [0x00000006c0000000,0x00000006c82ab6d8,0x00000006c8300000)
 Metaspace       used 27535K, capacity 28166K, committed 28288K, reserved 1073152K
  class space    used 3476K, capacity 3646K, committed 3712K, reserved 1048576K
Event: 8824.345 GC heap after
Heap after GC invocations=3054 (full 9):
 PSYoungGen      total 32256K, used 608K [0x000000076ab00000, 0x0000000789e00000, 0x00000007c0000000)
  eden space 31232K, 0% used [0x000000076ab00000,0x000000076ab00000,0x000000076c980000)
  from space 1024K, 59% used [0x0000000789c80000,0x0000000789d18000,0x0000000789d80000)
  to   space 512K, 0% used [0x0000000789d80000,0x0000000789d80000,0x0000000789e00000)
 ParOldGen       total 134144K, used 133925K [0x00000006c0000000, 0x00000006c8300000, 0x000000076ab00000)
  object space 134144K, 99% used [0x00000006c0000000,0x00000006c82c96d8,0x00000006c8300000)
 Metaspace       used 27535K, capacity 28166K, committed 28288K, reserved 1073152K
  class space    used 3476K, capacity 3646K, committed 3712K, reserved 1048576K
}
Event: 8831.333 GC heap before
{Heap before GC invocations=3055 (full 9):
 PSYoungGen      total 32256K, used 31840K [0x000000076ab00000, 0x0000000789e00000, 0x00000007c0000000)
  eden space 31232K, 100% used [0x000000076ab00000,0x000000076c980000,0x000000076c980000)
  from space 1024K, 59% used [0x0000000789c80000,0x0000000789d18000,0x0000000789d80000)
  to   space 512K, 0% used [0x0000000789d80000,0x0000000789d80000,0x0000000789e00000)
 ParOldGen       total 134144K, used 133925K [0x00000006c0000000, 0x00000006c8300000, 0x000000076ab00000)
  object space 134144K, 99% used [0x00000006c0000000,0x00000006c82c96d8,0x00000006c8300000)
 Metaspace       used 27535K, capacity 28166K, committed 28288K, reserved 1073152K
  class space    used 3476K, capacity 3646K, committed 3712K, reserved 1048576K
Event: 8831.337 GC heap after
Heap after GC invocations=3055 (full 9):
 PSYoungGen      total 31744K, used 512K [0x000000076ab00000, 0x0000000789e00000, 0x00000007c0000000)
  eden space 31232K, 0% used [0x000000076ab00000,0x000000076ab00000,0x000000076c980000)
  from space 512K, 100% used [0x0000000789d80000,0x0000000789e00000,0x0000000789e00000)
  to   space 1024K, 0% used [0x0000000789c00000,0x0000000789c00000,0x0000000789d00000)
 ParOldGen       total 134144K, used 134069K [0x00000006c0000000, 0x00000006c8300000, 0x000000076ab00000)
  object space 134144K, 99% used [0x00000006c0000000,0x00000006c82ed6d8,0x00000006c8300000)
 Metaspace       used 27535K, capacity 28166K, committed 28288K, reserved 1073152K
  class space    used 3476K, capacity 3646K, committed 3712K, reserved 1048576K
}
Event: 8831.337 GC heap before
{Heap before GC invocations=3056 (full 10):
 PSYoungGen      total 31744K, used 512K [0x000000076ab00000, 0x0000000789e00000, 0x00000007c0000000)
  eden space 31232K, 0% used [0x000000076ab00000,0x000000076ab00000,0x000000076c980000)
  from space 512K, 100% used [0x0000000789d80000,0x0000000789e00000,0x0000000789e00000)
  to   space 1024K, 0% used [0x0000000789c00000,0x0000000789c00000,0x0000000789d00000)
 ParOldGen       total 134144K, used 134069K [0x00000006c0000000, 0x00000006c8300000, 0x000000076ab00000)
  object space 134144K, 99% used [0x00000006c0000000,0x00000006c82ed6d8,0x00000006c8300000)
 Metaspace       used 27535K, capacity 28166K, committed 28288K, reserved 1073152K
  class space    used 3476K, capacity 3646K, committed 3712K, reserved 1048576K
Event: 8831.636 GC heap after
Heap after GC invocations=3056 (full 10):
 PSYoungGen      total 31744K, used 0K [0x000000076ab00000, 0x0000000789e00000, 0x00000007c0000000)
  eden space 31232K, 0% used [0x000000076ab00000,0x000000076ab00000,0x000000076c980000)
  from space 512K, 0% used [0x0000000789d80000,0x0000000789d80000,0x0000000789e00000)
  to   space 1024K, 0% used [0x0000000789c00000,0x0000000789c00000,0x0000000789d00000)
 ParOldGen       total 111104K, used 47914K [0x00000006c0000000, 0x00000006c6c80000, 0x000000076ab00000)
  object space 111104K, 43% used [0x00000006c0000000,0x00000006c2ecaab8,0x00000006c6c80000)
 Metaspace       used 27508K, capacity 28118K, committed 28288K, reserved 1073152K
  class space    used 3470K, capacity 3634K, committed 3712K, reserved 1048576K
}

Deoptimization events (10 events):
Event: 3986.372 Thread 0x00007f9c4597a800 Uncommon trap: reason=class_check action=maybe_recompile pc=0x000000010b01497c method=java.awt.EventQueue.coalesceEvent(Ljava/awt/AWTEvent;I)Z @ 77
Event: 3986.373 Thread 0x00007f9c4597a800 Uncommon trap: reason=class_check action=maybe_recompile pc=0x000000010b164eac method=java.awt.EventQueue.setCurrentEventAndMostRecentTimeImpl(Ljava/awt/AWTEvent;)V @ 53
Event: 3986.373 Thread 0x00007f9c4597a800 Uncommon trap: reason=class_check action=maybe_recompile pc=0x000000010b164eac method=java.awt.EventQueue.setCurrentEventAndMostRecentTimeImpl(Ljava/awt/AWTEvent;)V @ 53
Event: 4423.524 Thread 0x00007f9c475dd800 Uncommon trap: reason=class_check action=maybe_recompile pc=0x000000010b32c668 method=java.util.concurrent.ThreadPoolExecutor.runWorker(Ljava/util/concurrent/ThreadPoolExecutor$Worker;)V @ 95
Event: 6327.155 Thread 0x00007f9c475dd800 Uncommon trap: reason=class_check action=maybe_recompile pc=0x000000010b32c668 method=java.util.concurrent.ThreadPoolExecutor.runWorker(Ljava/util/concurrent/ThreadPoolExecutor$Worker;)V @ 95
Event: 7580.210 Thread 0x00007f9c4622b800 Uncommon trap: reason=unstable_if action=reinterpret pc=0x000000010b3f73ec method=javax.jmdns.impl.DNSIncoming.<init>(Ljava/net/DatagramPacket;)V @ 10
Event: 7580.210 Thread 0x00007f9c4622b800 Uncommon trap: reason=unstable_if action=reinterpret pc=0x000000010b58a984 method=javax.jmdns.impl.DNSMessage.getId()I @ 4
Event: 7580.261 Thread 0x00007f9c461e1000 Uncommon trap: reason=unstable_if action=reinterpret pc=0x000000010b27c764 method=javax.jmdns.impl.tasks.Responder.run()V @ 119
Event: 8302.644 Thread 0x00007f9c475dd800 Uncommon trap: reason=class_check action=maybe_recompile pc=0x000000010b32c668 method=java.util.concurrent.ThreadPoolExecutor.runWorker(Ljava/util/concurrent/ThreadPoolExecutor$Worker;)V @ 95
Event: 8831.665 Thread 0x00007f9c46260800 Uncommon trap: reason=unstable_if action=reinterpret pc=0x000000010b5450b8 method=sun.java2d.opengl.OGLRenderQueue$QueueFlusher.run()V @ 88

Classes redefined (0 events):
No events

Internal exceptions (10 events):
Event: 18.349 Thread 0x00007f9c4597a800 Exception <a 'java/lang/NullPointerException'> (0x000000076cf4bc58) thrown at [/Users/java_re/workspace/8-2-build-macosx-x86_64/jdk8u181/11358/hotspot/src/share/vm/interpreter/linkResolver.cpp, line 1287]
Event: 18.349 Thread 0x00007f9c4597a800 Exception <a 'java/lang/NullPointerException'> (0x000000076cf4c7d8) thrown at [/Users/java_re/workspace/8-2-build-macosx-x86_64/jdk8u181/11358/hotspot/src/share/vm/interpreter/linkResolver.cpp, line 1287]
Event: 18.349 Thread 0x00007f9c4597a800 Exception <a 'java/lang/NullPointerException'> (0x000000076cf4d348) thrown at [/Users/java_re/workspace/8-2-build-macosx-x86_64/jdk8u181/11358/hotspot/src/share/vm/interpreter/linkResolver.cpp, line 1287]
Event: 18.349 Thread 0x00007f9c4597a800 Exception <a 'java/lang/NullPointerException'> (0x000000076cf4deb8) thrown at [/Users/java_re/workspace/8-2-build-macosx-x86_64/jdk8u181/11358/hotspot/src/share/vm/interpreter/linkResolver.cpp, line 1287]
Event: 18.349 Thread 0x00007f9c4597a800 Exception <a 'java/lang/NullPointerException'> (0x000000076cf4ea00) thrown at [/Users/java_re/workspace/8-2-build-macosx-x86_64/jdk8u181/11358/hotspot/src/share/vm/interpreter/linkResolver.cpp, line 1287]
Event: 39.499 Thread 0x00007f9c469dd000 Exception <a 'java/lang/ClassCastException': com.cosylab.epics.caj.impl.BroadcastTransport cannot be cast to com.cosylab.epics.caj.impl.CATransport> (0x000000076c6fda58) thrown at [/Users/java_re/workspace/8-2-build-macosx-x86_64/jdk8u181/11358/hotspot/sr
Event: 633.370 Thread 0x00007f9c475dd800 Exception <a 'java/lang/ClassCastException': com.cosylab.epics.caj.impl.BroadcastTransport cannot be cast to com.cosylab.epics.caj.impl.CATransport> (0x000000076b220d68) thrown at [/Users/java_re/workspace/8-2-build-macosx-x86_64/jdk8u181/11358/hotspot/sr
Event: 813.760 Thread 0x00007f9c47513800 Exception <a 'java/lang/ClassCastException': com.cosylab.epics.caj.impl.BroadcastTransport cannot be cast to com.cosylab.epics.caj.impl.CATransport> (0x000000076b3b0da8) thrown at [/Users/java_re/workspace/8-2-build-macosx-x86_64/jdk8u181/11358/hotspot/sr
Event: 2083.000 Thread 0x00007f9c460f8800 Implicit null exception at 0x000000010b0bb60a to 0x000000010b0bc8ad
Event: 2084.335 Thread 0x00007f9c4597a800 Implicit null exception at 0x000000010b4b2d21 to 0x000000010b4b4cd5

Events (10 events):
Event: 8831.678 Thread 0x00007f9c46e27800 Thread exited: 0x00007f9c46e27800
Event: 8831.678 Thread 0x00007f9c4e514000 Thread exited: 0x00007f9c4e514000
Event: 8831.678 Thread 0x00007f9c4e87b800 Thread exited: 0x00007f9c4e87b800
Event: 8831.678 Thread 0x00007f9c4e8b6000 Thread exited: 0x00007f9c4e8b6000
Event: 8831.678 Thread 0x00007f9c46b3b000 Thread exited: 0x00007f9c46b3b000
Event: 8831.678 Thread 0x00007f9c472f9000 Thread exited: 0x00007f9c472f9000
Event: 8831.679 Executing VM operation: RevokeBias
Event: 8831.679 Executing VM operation: RevokeBias done
Event: 8831.679 Executing VM operation: RevokeBias
Event: 8831.679 Executing VM operation: RevokeBias done


Dynamic libraries:
0x00007fff4d7af000 	/System/Library/Frameworks/Cocoa.framework/Versions/A/Cocoa
0x00007fff59dc8000 	/System/Library/Frameworks/Security.framework/Versions/A/Security
0x00007fff4c3f1000 	/System/Library/Frameworks/ApplicationServices.framework/Versions/A/ApplicationServices
0x00007fff75c0c000 	/usr/lib/libz.1.dylib
0x00007fff73b3d000 	/usr/lib/libSystem.B.dylib
0x00007fff751f6000 	/usr/lib/libobjc.A.dylib
0x00007fff4df62000 	/System/Library/Frameworks/CoreFoundation.framework/Versions/A/CoreFoundation
0x00007fff500c3000 	/System/Library/Frameworks/Foundation.framework/Versions/C/Foundation
0x00007fff4b541000 	/System/Library/Frameworks/AppKit.framework/Versions/C/AppKit
0x00007fff4db27000 	/System/Library/Frameworks/CoreData.framework/Versions/A/CoreData
0x00007fff6d482000 	/System/Library/PrivateFrameworks/RemoteViewServices.framework/Versions/A/RemoteViewServices
0x00007fff71be2000 	/System/Library/PrivateFrameworks/UIFoundation.framework/Versions/A/UIFoundation
0x00007fff62290000 	/System/Library/PrivateFrameworks/DFRFoundation.framework/Versions/A/DFRFoundation
0x00007fff5272f000 	/System/Library/Frameworks/Metal.framework/Versions/A/Metal
0x00007fff6242d000 	/System/Library/PrivateFrameworks/DesktopServicesPriv.framework/Versions/A/DesktopServicesPriv
0x00007fff74743000 	/usr/lib/libenergytrace.dylib
0x00007fff6fc4d000 	/System/Library/PrivateFrameworks/SkyLight.framework/Versions/A/SkyLight
0x00007fff4e405000 	/System/Library/Frameworks/CoreGraphics.framework/Versions/A/CoreGraphics
0x00007fff73b38000 	/usr/lib/libScreenReader.dylib
0x00007fff4a4db000 	/System/Library/Frameworks/Accelerate.framework/Versions/A/Accelerate
0x00007fff5083d000 	/System/Library/Frameworks/IOSurface.framework/Versions/A/IOSurface
0x00007fff4c93b000 	/System/Library/Frameworks/AudioToolbox.framework/Versions/A/AudioToolbox
0x00007fff4cbcb000 	/System/Library/Frameworks/AudioUnit.framework/Versions/A/AudioUnit
0x00007fff62328000 	/System/Library/PrivateFrameworks/DataDetectorsCore.framework/Versions/A/DataDetectorsCore
0x00007fff4d2a2000 	/System/Library/Frameworks/Carbon.framework/Versions/A/Frameworks/HIToolbox.framework/Versions/A/HIToolbox
0x00007fff7489d000 	/usr/lib/libicucore.A.dylib
0x00007fff59347000 	/System/Library/Frameworks/QuartzCore.framework/Versions/A/QuartzCore
0x00007fff6ef04000 	/System/Library/PrivateFrameworks/SignpostNotification.framework/Versions/A/SignpostNotification
0x00007fff4d688000 	/System/Library/Frameworks/Carbon.framework/Versions/A/Frameworks/SpeechRecognition.framework/Versions/A/SpeechRecognition
0x00007fff73c99000 	/usr/lib/libauto.dylib
0x00007fff75afb000 	/usr/lib/libxml2.2.dylib
0x00007fff61ee1000 	/System/Library/PrivateFrameworks/CoreUI.framework/Versions/A/CoreUI
0x00007fff4da03000 	/System/Library/Frameworks/CoreAudio.framework/Versions/A/CoreAudio
0x00007fff4fefd000 	/System/Library/Frameworks/DiskArbitration.framework/Versions/A/DiskArbitration
0x00007fff74b11000 	/usr/lib/liblangid.dylib
0x00007fff6998c000 	/System/Library/PrivateFrameworks/MultitouchSupport.framework/Versions/A/MultitouchSupport
0x00007fff507a0000 	/System/Library/Frameworks/IOKit.framework/Versions/A/IOKit
0x00007fff737c7000 	/usr/lib/libDiagnosticMessagesClient.dylib
0x00007fff4f0db000 	/System/Library/Frameworks/CoreServices.framework/Versions/A/CoreServices
0x00007fff6b4be000 	/System/Library/PrivateFrameworks/PerformanceAnalysis.framework/Versions/A/PerformanceAnalysis
0x00007fff584e9000 	/System/Library/Frameworks/OpenGL.framework/Versions/A/OpenGL
0x00007fff4d7bd000 	/System/Library/Frameworks/ColorSync.framework/Versions/A/ColorSync
0x00007fff4ea17000 	/System/Library/Frameworks/CoreImage.framework/Versions/A/CoreImage
0x00007fff4fa6b000 	/System/Library/Frameworks/CoreText.framework/Versions/A/CoreText
0x00007fff5089b000 	/System/Library/Frameworks/ImageIO.framework/Versions/A/ImageIO
0x00007fff5ebd8000 	/System/Library/PrivateFrameworks/Backup.framework/Versions/A/Backup
0x00007fff73be9000 	/usr/lib/libarchive.2.dylib
0x00007fff4ceee000 	/System/Library/Frameworks/CFNetwork.framework/Versions/A/CFNetwork
0x00007fff5a55b000 	/System/Library/Frameworks/SystemConfiguration.framework/Versions/A/SystemConfiguration
0x00007fff736f0000 	/usr/lib/libCRFSuite.dylib
0x00007fff73d72000 	/usr/lib/libc++.1.dylib
0x00007fff73dc9000 	/usr/lib/libc++abi.dylib
0x00007fff75cba000 	/usr/lib/system/libcache.dylib
0x00007fff75cbf000 	/usr/lib/system/libcommonCrypto.dylib
0x00007fff75cca000 	/usr/lib/system/libcompiler_rt.dylib
0x00007fff75cd2000 	/usr/lib/system/libcopyfile.dylib
0x00007fff75cdc000 	/usr/lib/system/libcorecrypto.dylib
0x00007fff75de9000 	/usr/lib/system/libdispatch.dylib
0x00007fff75e23000 	/usr/lib/system/libdyld.dylib
0x00007fff75e41000 	/usr/lib/system/libkeymgr.dylib
0x00007fff75e4f000 	/usr/lib/system/liblaunch.dylib
0x00007fff75e50000 	/usr/lib/system/libmacho.dylib
0x00007fff75e55000 	/usr/lib/system/libquarantine.dylib
0x00007fff75e58000 	/usr/lib/system/libremovefile.dylib
0x00007fff75e5a000 	/usr/lib/system/libsystem_asl.dylib
0x00007fff75e72000 	/usr/lib/system/libsystem_blocks.dylib
0x00007fff75e73000 	/usr/lib/system/libsystem_c.dylib
0x00007fff75efd000 	/usr/lib/system/libsystem_configuration.dylib
0x00007fff75f01000 	/usr/lib/system/libsystem_coreservices.dylib
0x00007fff75f05000 	/usr/lib/system/libsystem_darwin.dylib
0x00007fff75f07000 	/usr/lib/system/libsystem_dnssd.dylib
0x00007fff75f0e000 	/usr/lib/system/libsystem_info.dylib
0x00007fff75f7f000 	/usr/lib/system/libsystem_m.dylib
0x00007fff75fcb000 	/usr/lib/system/libsystem_malloc.dylib
0x00007fff75feb000 	/usr/lib/system/libsystem_network.dylib
0x00007fff7611c000 	/usr/lib/system/libsystem_networkextension.dylib
0x00007fff76127000 	/usr/lib/system/libsystem_notify.dylib
0x00007fff76145000 	/usr/lib/system/libsystem_sandbox.dylib
0x00007fff76149000 	/usr/lib/system/libsystem_secinit.dylib
0x00007fff75f58000 	/usr/lib/system/libsystem_kernel.dylib
0x00007fff76131000 	/usr/lib/system/libsystem_platform.dylib
0x00007fff76139000 	/usr/lib/system/libsystem_pthread.dylib
0x00007fff7614b000 	/usr/lib/system/libsystem_symptoms.dylib
0x00007fff76153000 	/usr/lib/system/libsystem_trace.dylib
0x00007fff76168000 	/usr/lib/system/libunwind.dylib
0x00007fff7616e000 	/usr/lib/system/libxpc.dylib
0x00007fff73603000 	/usr/lib/closure/libclosured.dylib
0x00007fff73d53000 	/usr/lib/libbsm.0.dylib
0x00007fff75e42000 	/usr/lib/system/libkxld.dylib
0x00007fff73a01000 	/usr/lib/libOpenScriptingUtil.dylib
0x00007fff740c2000 	/usr/lib/libcoretls.dylib
0x00007fff740db000 	/usr/lib/libcoretls_cfhelpers.dylib
0x00007fff755f7000 	/usr/lib/libpam.2.dylib
0x00007fff7571e000 	/usr/lib/libsqlite3.dylib
0x00007fff75aea000 	/usr/lib/libxar.1.dylib
0x00007fff73d64000 	/usr/lib/libbz2.1.0.dylib
0x00007fff74b13000 	/usr/lib/liblzma.5.dylib
0x00007fff74ff4000 	/usr/lib/libnetwork.dylib
0x00007fff73bd2000 	/usr/lib/libapple_nghttp2.dylib
0x00007fff755fe000 	/usr/lib/libpcap.A.dylib
0x00007fff73c9a000 	/usr/lib/libboringssl.dylib
0x00007fff75a85000 	/usr/lib/libusrtcp.dylib
0x00007fff73bd1000 	/usr/lib/libapple_crypto.dylib
0x00007fff4f45e000 	/System/Library/Frameworks/CoreServices.framework/Versions/A/Frameworks/FSEvents.framework/Versions/A/FSEvents
0x00007fff4f151000 	/System/Library/Frameworks/CoreServices.framework/Versions/A/Frameworks/CarbonCore.framework/Versions/A/CarbonCore
0x00007fff4f625000 	/System/Library/Frameworks/CoreServices.framework/Versions/A/Frameworks/Metadata.framework/Versions/A/Metadata
0x00007fff4f6d6000 	/System/Library/Frameworks/CoreServices.framework/Versions/A/Frameworks/OSServices.framework/Versions/A/OSServices
0x00007fff4f737000 	/System/Library/Frameworks/CoreServices.framework/Versions/A/Frameworks/SearchKit.framework/Versions/A/SearchKit
0x00007fff4f0dc000 	/System/Library/Frameworks/CoreServices.framework/Versions/A/Frameworks/AE.framework/Versions/A/AE
0x00007fff4f467000 	/System/Library/Frameworks/CoreServices.framework/Versions/A/Frameworks/LaunchServices.framework/Versions/A/LaunchServices
0x00007fff4f429000 	/System/Library/Frameworks/CoreServices.framework/Versions/A/Frameworks/DictionaryServices.framework/Versions/A/DictionaryServices
0x00007fff4f7a6000 	/System/Library/Frameworks/CoreServices.framework/Versions/A/Frameworks/SharedFileList.framework/Versions/A/SharedFileList
0x00007fff53965000 	/System/Library/Frameworks/NetFS.framework/Versions/A/NetFS
0x00007fff69c1d000 	/System/Library/PrivateFrameworks/NetAuth.framework/Versions/A/NetAuth
0x00007fff7349a000 	/System/Library/PrivateFrameworks/login.framework/Versions/A/Frameworks/loginsupport.framework/Versions/A/loginsupport
0x00007fff7185f000 	/System/Library/PrivateFrameworks/TCC.framework/Versions/A/TCC
0x00007fff74bf4000 	/usr/lib/libmecabra.dylib
0x00007fff4c3f2000 	/System/Library/Frameworks/ApplicationServices.framework/Versions/A/Frameworks/ATS.framework/Versions/A/ATS
0x00007fff4c7a0000 	/System/Library/Frameworks/ApplicationServices.framework/Versions/A/Frameworks/ColorSyncLegacy.framework/Versions/A/ColorSyncLegacy
0x00007fff4c844000 	/System/Library/Frameworks/ApplicationServices.framework/Versions/A/Frameworks/HIServices.framework/Versions/A/HIServices
0x00007fff4c897000 	/System/Library/Frameworks/ApplicationServices.framework/Versions/A/Frameworks/LangAnalysis.framework/Versions/A/LangAnalysis
0x00007fff4c8a6000 	/System/Library/Frameworks/ApplicationServices.framework/Versions/A/Frameworks/PrintCore.framework/Versions/A/PrintCore
0x00007fff4c8f3000 	/System/Library/Frameworks/ApplicationServices.framework/Versions/A/Frameworks/QD.framework/Versions/A/QD
0x00007fff4c92e000 	/System/Library/Frameworks/ApplicationServices.framework/Versions/A/Frameworks/SpeechSynthesis.framework/Versions/A/SpeechSynthesis
0x00007fff4de7e000 	/System/Library/Frameworks/CoreDisplay.framework/Versions/A/CoreDisplay
0x00007fff4a4f3000 	/System/Library/Frameworks/Accelerate.framework/Versions/A/Frameworks/vImage.framework/Versions/A/vImage
0x00007fff4b24d000 	/System/Library/Frameworks/Accelerate.framework/Versions/A/Frameworks/vecLib.framework/Versions/A/vecLib
0x00007fff4afed000 	/System/Library/Frameworks/Accelerate.framework/Versions/A/Frameworks/vecLib.framework/Versions/A/libvDSP.dylib
0x00007fff4ab4d000 	/System/Library/Frameworks/Accelerate.framework/Versions/A/Frameworks/vecLib.framework/Versions/A/libBNNS.dylib
0x00007fff4af52000 	/System/Library/Frameworks/Accelerate.framework/Versions/A/Frameworks/vecLib.framework/Versions/A/libQuadrature.dylib
0x00007fff4b19b000 	/System/Library/Frameworks/Accelerate.framework/Versions/A/Frameworks/vecLib.framework/Versions/A/libvMisc.dylib
0x00007fff4ab7c000 	/System/Library/Frameworks/Accelerate.framework/Versions/A/Frameworks/vecLib.framework/Versions/A/libLAPACK.dylib
0x00007fff4a9f2000 	/System/Library/Frameworks/Accelerate.framework/Versions/A/Frameworks/vecLib.framework/Versions/A/libBLAS.dylib
0x00007fff4af3c000 	/System/Library/Frameworks/Accelerate.framework/Versions/A/Frameworks/vecLib.framework/Versions/A/libLinearAlgebra.dylib
0x00007fff4af58000 	/System/Library/Frameworks/Accelerate.framework/Versions/A/Frameworks/vecLib.framework/Versions/A/libSparse.dylib
0x00007fff4afd9000 	/System/Library/Frameworks/Accelerate.framework/Versions/A/Frameworks/vecLib.framework/Versions/A/libSparseBLAS.dylib
0x00007fff66a6c000 	/System/Library/PrivateFrameworks/GPUWrangler.framework/Versions/A/GPUWrangler
0x00007fff681fd000 	/System/Library/PrivateFrameworks/IOAccelerator.framework/Versions/A/IOAccelerator
0x00007fff68208000 	/System/Library/PrivateFrameworks/IOPresentment.framework/Versions/A/IOPresentment
0x00007fff622a2000 	/System/Library/PrivateFrameworks/DSExternalDisplay.framework/Versions/A/DSExternalDisplay
0x00007fff57968000 	/System/Library/Frameworks/OpenGL.framework/Versions/A/Libraries/libCoreFSCache.dylib
0x00007fff4fbbc000 	/System/Library/Frameworks/CoreVideo.framework/Versions/A/CoreVideo
0x00007fff677e7000 	/System/Library/PrivateFrameworks/GraphVisualizer.framework/Versions/A/GraphVisualizer
0x00007fff52966000 	/System/Library/Frameworks/MetalPerformanceShaders.framework/Versions/A/MetalPerformanceShaders
0x00007fff737ff000 	/usr/lib/libFosl_dynamic.dylib
0x00007fff63376000 	/System/Library/PrivateFrameworks/FaceCore.framework/Versions/A/FaceCore
0x00007fff56763000 	/System/Library/Frameworks/OpenCL.framework/Versions/A/OpenCL
0x00007fff73e00000 	/usr/lib/libcompression.dylib
0x00007fff4c4f1000 	/System/Library/Frameworks/ApplicationServices.framework/Versions/A/Frameworks/ATS.framework/Versions/A/Resources/libFontParser.dylib
0x00007fff4c614000 	/System/Library/Frameworks/ApplicationServices.framework/Versions/A/Frameworks/ATS.framework/Versions/A/Resources/libFontRegistry.dylib
0x00007fff50b03000 	/System/Library/Frameworks/ImageIO.framework/Versions/A/Resources/libJPEG.dylib
0x00007fff50e2c000 	/System/Library/Frameworks/ImageIO.framework/Versions/A/Resources/libTIFF.dylib
0x00007fff50e02000 	/System/Library/Frameworks/ImageIO.framework/Versions/A/Resources/libPng.dylib
0x00007fff50a16000 	/System/Library/Frameworks/ImageIO.framework/Versions/A/Resources/libGIF.dylib
0x00007fff50a1b000 	/System/Library/Frameworks/ImageIO.framework/Versions/A/Resources/libJP2.dylib
0x00007fff50e29000 	/System/Library/Frameworks/ImageIO.framework/Versions/A/Resources/libRadiance.dylib
0x00007fff5e303000 	/System/Library/PrivateFrameworks/AppleJPEG.framework/Versions/A/AppleJPEG
0x00007fff527cd000 	/System/Library/Frameworks/MetalPerformanceShaders.framework/Frameworks/MPSCore.framework/Versions/A/MPSCore
0x00007fff527e9000 	/System/Library/Frameworks/MetalPerformanceShaders.framework/Frameworks/MPSImage.framework/Versions/A/MPSImage
0x00007fff5287e000 	/System/Library/Frameworks/MetalPerformanceShaders.framework/Frameworks/MPSNeuralNetwork.framework/Versions/A/MPSNeuralNetwork
0x00007fff52859000 	/System/Library/Frameworks/MetalPerformanceShaders.framework/Frameworks/MPSMatrix.framework/Versions/A/MPSMatrix
0x00007fff696fe000 	/System/Library/PrivateFrameworks/MetalTools.framework/Versions/A/MetalTools
0x00007fff57b33000 	/System/Library/Frameworks/OpenGL.framework/Versions/A/Libraries/libGLU.dylib
0x00007fff57973000 	/System/Library/Frameworks/OpenGL.framework/Versions/A/Libraries/libGFXShared.dylib
0x00007fff5797d000 	/System/Library/Frameworks/OpenGL.framework/Versions/A/Libraries/libGL.dylib
0x00007fff57989000 	/System/Library/Frameworks/OpenGL.framework/Versions/A/Libraries/libGLImage.dylib
0x00007fff57965000 	/System/Library/Frameworks/OpenGL.framework/Versions/A/Libraries/libCVMSPluginSupport.dylib
0x00007fff5796e000 	/System/Library/Frameworks/OpenGL.framework/Versions/A/Libraries/libCoreVMClient.dylib
0x00007fff745ad000 	/usr/lib/libcups.2.dylib
0x00007fff51d34000 	/System/Library/Frameworks/Kerberos.framework/Versions/A/Kerberos
0x00007fff504fa000 	/System/Library/Frameworks/GSS.framework/Versions/A/GSS
0x00007fff756b1000 	/usr/lib/libresolv.9.dylib
0x00007fff747ab000 	/usr/lib/libiconv.2.dylib
0x00007fff67879000 	/System/Library/PrivateFrameworks/Heimdal.framework/Versions/A/Heimdal
0x00007fff7477a000 	/usr/lib/libheimdal-asn1.dylib
0x00007fff567db000 	/System/Library/Frameworks/OpenDirectory.framework/Versions/A/OpenDirectory
0x00007fff60619000 	/System/Library/PrivateFrameworks/CommonAuth.framework/Versions/A/CommonAuth
0x00007fff567be000 	/System/Library/Frameworks/OpenDirectory.framework/Versions/A/Frameworks/CFOpenDirectory.framework/Versions/A/CFOpenDirectory
0x00007fff5a0f4000 	/System/Library/Frameworks/SecurityFoundation.framework/Versions/A/SecurityFoundation
0x00007fff5d4c8000 	/System/Library/PrivateFrameworks/APFS.framework/Versions/A/APFS
0x00007fff75ae6000 	/usr/lib/libutil.dylib
0x00007fff5e386000 	/System/Library/PrivateFrameworks/AppleSauce.framework/Versions/A/AppleSauce
0x00007fff689e5000 	/System/Library/PrivateFrameworks/LinguisticData.framework/Versions/A/LinguisticData
0x00007fff74b2d000 	/usr/lib/libmarisa.dylib
0x00007fff6899f000 	/System/Library/PrivateFrameworks/Lexicon.framework/Versions/A/Lexicon
0x00007fff7372a000 	/usr/lib/libChineseTokenizer.dylib
0x00007fff73def000 	/usr/lib/libcmph.dylib
0x00007fff688a9000 	/System/Library/PrivateFrameworks/LanguageModeling.framework/Versions/A/LanguageModeling
0x00007fff61128000 	/System/Library/PrivateFrameworks/CoreEmoji.framework/Versions/A/CoreEmoji
0x00007fff5a1b2000 	/System/Library/Frameworks/ServiceManagement.framework/Versions/A/ServiceManagement
0x00007fff5ebd0000 	/System/Library/PrivateFrameworks/BackgroundTaskManagement.framework/Versions/A/BackgroundTaskManagement
0x00007fff75be3000 	/usr/lib/libxslt.1.dylib
0x00007fff4d5b2000 	/System/Library/Frameworks/Carbon.framework/Versions/A/Frameworks/Ink.framework/Versions/A/Ink
0x00007fff71a74000 	/System/Library/PrivateFrameworks/TextureIO.framework/Versions/A/TextureIO
0x00007fff73c14000 	/usr/lib/libate.dylib
0x00007fff62202000 	/System/Library/PrivateFrameworks/CrashReporterSupport.framework/Versions/A/CrashReporterSupport
0x00007fff6edc4000 	/System/Library/PrivateFrameworks/Sharing.framework/Versions/A/Sharing
0x00007fff685ea000 	/System/Library/PrivateFrameworks/IconServices.framework/Versions/A/IconServices
0x00007fff5e800000 	/System/Library/PrivateFrameworks/AuthKit.framework/Versions/A/AuthKit
0x00007fff5e186000 	/System/Library/PrivateFrameworks/Apple80211.framework/Versions/A/Apple80211
0x00007fff62017000 	/System/Library/PrivateFrameworks/CoreUtils.framework/Versions/A/CoreUtils
0x00007fff4fbf7000 	/System/Library/Frameworks/CoreWLAN.framework/Versions/A/CoreWLAN
0x00007fff5063c000 	/System/Library/Frameworks/IOBluetooth.framework/Versions/A/IOBluetooth
0x00007fff6d28d000 	/System/Library/PrivateFrameworks/ProtocolBuffer.framework/Versions/A/ProtocolBuffer
0x00007fff698e7000 	/System/Library/PrivateFrameworks/MobileKeyBag.framework/Versions/A/MobileKeyBag
0x00007fff618cc000 	/System/Library/PrivateFrameworks/CorePhoneNumbers.framework/Versions/A/CorePhoneNumbers
0x00007fff5e2be000 	/System/Library/PrivateFrameworks/AppleIDAuthSupport.framework/Versions/A/AppleIDAuthSupport
0x00007fff68895000 	/System/Library/PrivateFrameworks/KeychainCircle.framework/Versions/A/KeychainCircle
0x00007fff6219d000 	/System/Library/PrivateFrameworks/CoreWiFi.framework/Versions/A/CoreWiFi
0x00007fff4dafd000 	/System/Library/Frameworks/CoreBluetooth.framework/Versions/A/CoreBluetooth
0x00007fff623ec000 	/System/Library/PrivateFrameworks/DebugSymbols.framework/Versions/A/DebugSymbols
0x00007fff61dcd000 	/System/Library/PrivateFrameworks/CoreSymbolication.framework/Versions/A/CoreSymbolication
0x00007fff71265000 	/System/Library/PrivateFrameworks/Symbolication.framework/Versions/A/Symbolication
0x00007fff5e1b0000 	/System/Library/PrivateFrameworks/AppleFSCompression.framework/Versions/A/AppleFSCompression
0x00007fff706b2000 	/System/Library/PrivateFrameworks/SpeechRecognitionCore.framework/Versions/A/SpeechRecognitionCore
0x0000000102e00000 	/Library/Java/JavaVirtualMachines/jdk1.8.0_181.jdk/Contents/Home/jre/lib/server/libjvm.dylib
0x00007fff759b3000 	/usr/lib/libstdc++.6.0.9.dylib
0x0000000102541000 	/Library/Java/JavaVirtualMachines/jdk1.8.0_181.jdk/Contents/Home/jre/lib/libverify.dylib
0x000000010254f000 	/Library/Java/JavaVirtualMachines/jdk1.8.0_181.jdk/Contents/Home/jre/lib/libjava.dylib
0x00000001025cf000 	/Library/Java/JavaVirtualMachines/jdk1.8.0_181.jdk/Contents/Home/jre/lib/libzip.dylib
0x0000000108bda000 	/Library/Java/JavaVirtualMachines/jdk1.8.0_181.jdk/Contents/Home/jre/lib/libawt.dylib
0x0000000108c84000 	/Library/Java/JavaVirtualMachines/jdk1.8.0_181.jdk/Contents/Home/jre/lib/./libmlib_image.dylib
0x00007fff51d1d000 	/System/Library/Frameworks/JavaVM.framework/Versions/A/Frameworks/JavaNativeFoundation.framework/Versions/A/JavaNativeFoundation
0x00007fff51d26000 	/System/Library/Frameworks/JavaVM.framework/Versions/A/Frameworks/JavaRuntimeSupport.framework/Versions/A/JavaRuntimeSupport
0x00007fff51d2f000 	/System/Library/Frameworks/JavaVM.framework/Versions/A/JavaVM
0x00007fff687ab000 	/System/Library/PrivateFrameworks/JavaLaunching.framework/Versions/A/JavaLaunching
0x00007fff4d29d000 	/System/Library/Frameworks/Carbon.framework/Versions/A/Carbon
0x00007fff4d29e000 	/System/Library/Frameworks/Carbon.framework/Versions/A/Frameworks/CommonPanels.framework/Versions/A/CommonPanels
0x00007fff4d5a8000 	/System/Library/Frameworks/Carbon.framework/Versions/A/Frameworks/Help.framework/Versions/A/Help
0x00007fff4d5ac000 	/System/Library/Frameworks/Carbon.framework/Versions/A/Frameworks/ImageCapture.framework/Versions/A/ImageCapture
0x00007fff4d648000 	/System/Library/Frameworks/Carbon.framework/Versions/A/Frameworks/OpenScripting.framework/Versions/A/OpenScripting
0x00007fff4d683000 	/System/Library/Frameworks/Carbon.framework/Versions/A/Frameworks/Print.framework/Versions/A/Print
0x00007fff4d685000 	/System/Library/Frameworks/Carbon.framework/Versions/A/Frameworks/SecurityHI.framework/Versions/A/SecurityHI
0x0000000108d50000 	/Library/Java/JavaVirtualMachines/jdk1.8.0_181.jdk/Contents/Home/jre/lib/libawt_lwawt.dylib
0x0000000108e0a000 	/Library/Java/JavaVirtualMachines/jdk1.8.0_181.jdk/Contents/Home/jre/lib/./libosxapp.dylib
0x00007fff5009c000 	/System/Library/Frameworks/ExceptionHandling.framework/Versions/A/ExceptionHandling
0x00007fff61a5f000 	/System/Library/PrivateFrameworks/CoreServicesInternal.framework/Versions/A/CoreServicesInternal
0x00007fff46519000 	/System/Library/CoreServices/RawCamera.bundle/Contents/MacOS/RawCamera
0x00007fff69770000 	/System/Library/PrivateFrameworks/MobileAsset.framework/Versions/A/MobileAsset
0x00007fff70b6c000 	/System/Library/PrivateFrameworks/StreamingZip.framework/Versions/A/StreamingZip
0x00007fff520c3000 	/System/Library/Frameworks/MediaToolbox.framework/Versions/A/MediaToolbox
0x00007fff60d67000 	/System/Library/PrivateFrameworks/CoreAVCHD.framework/Versions/A/CoreAVCHD
0x00007fff5200c000 	/System/Library/Frameworks/MediaAccessibility.framework/Versions/A/MediaAccessibility
0x00007fff691eb000 	/System/Library/PrivateFrameworks/Mangrove.framework/Versions/A/Mangrove
0x00007fff4ef95000 	/System/Library/Frameworks/CoreMedia.framework/Versions/A/CoreMedia
0x00007fff5a780000 	/System/Library/Frameworks/VideoToolbox.framework/Versions/A/VideoToolbox
0x00007fff6095e000 	/System/Library/PrivateFrameworks/CoreAUC.framework/Versions/A/CoreAUC
0x00007fff7571c000 	/usr/lib/libspindump.dylib
0x00007fff5e47b000 	/System/Library/PrivateFrameworks/AppleVA.framework/Versions/A/AppleVA
0x00007fff4a4dc000 	/System/Library/Frameworks/Accelerate.framework/Versions/A/Frameworks/vImage.framework/Versions/A/Libraries/libCGInterfaces.dylib
0x00007fff4c703000 	/System/Library/Frameworks/ApplicationServices.framework/Versions/A/Frameworks/ATS.framework/Versions/A/Resources/libTrueTypeScaler.dylib
0x00007fff480e8000 	/System/Library/Extensions/AppleIntelSKLGraphicsMTLDriver.bundle/Contents/MacOS/AppleIntelSKLGraphicsMTLDriver
0x00007fff65400000 	/System/Library/PrivateFrameworks/GPUCompiler.framework/Versions/3802/Libraries/libmetal_timestamp.dylib
0x00007fff637ae000 	/System/Library/PrivateFrameworks/FamilyControls.framework/Versions/A/FamilyControls
0x00007fff6060c000 	/System/Library/PrivateFrameworks/CommerceKit.framework/Versions/A/Frameworks/CommerceCore.framework/Versions/A/CommerceCore
0x00007fff715b4000 	/System/Library/PrivateFrameworks/SystemAdministration.framework/Versions/A/SystemAdministration
0x00007fff5e139000 	/System/Library/PrivateFrameworks/AppContainer.framework/Versions/A/AppContainer
0x00007fff6ec7c000 	/System/Library/PrivateFrameworks/SecCodeWrapper.framework/Versions/A/SecCodeWrapper
0x00007fff6273a000 	/System/Library/PrivateFrameworks/DiskManagement.framework/Versions/A/DiskManagement
0x00007fff4fe10000 	/System/Library/Frameworks/DirectoryService.framework/Versions/A/DirectoryService
0x00007fff62667000 	/System/Library/PrivateFrameworks/DiskImages.framework/Versions/A/DiskImages
0x00007fff68adc000 	/System/Library/PrivateFrameworks/LoginUIKit.framework/Versions/A/Frameworks/LoginUICore.framework/Versions/A/LoginUICore
0x00007fff73736000 	/usr/lib/libCoreStorage.dylib
0x00007fff745a1000 	/usr/lib/libcsfde.dylib
0x00007fff755e5000 	/usr/lib/libodfde.dylib
0x00007fff6930a000 	/System/Library/PrivateFrameworks/MediaKit.framework/Versions/A/MediaKit
0x00007fff4fe1c000 	/System/Library/Frameworks/DiscRecording.framework/Versions/A/DiscRecording
0x00007fff628b6000 	/System/Library/PrivateFrameworks/EFILogin.framework/Versions/A/EFILogin
0x00007fff6d235000 	/System/Library/PrivateFrameworks/ProtectedCloudStorage.framework/Versions/A/ProtectedCloudStorage
0x00007fff7462e000 	/usr/lib/libcurl.4.dylib
0x00007fff74275000 	/usr/lib/libcrypto.35.dylib
0x00007fff7590d000 	/usr/lib/libssl.35.dylib
0x00007fff51d4e000 	/System/Library/Frameworks/LDAP.framework/Versions/A/LDAP
0x00007fff71bdb000 	/System/Library/PrivateFrameworks/TrustEvaluationAgent.framework/Versions/A/TrustEvaluationAgent
0x00007fff75709000 	/usr/lib/libsasl2.2.dylib
0x00007fff60fb1000 	/System/Library/PrivateFrameworks/CoreDaemon.framework/Versions/B/CoreDaemon
0x00007fff5e37d000 	/System/Library/PrivateFrameworks/AppleSRP.framework/Versions/A/AppleSRP
0x00007fff584f9000 	/System/Library/Frameworks/OpenGL.framework/Versions/A/Resources/GLEngine.bundle/GLEngine
0x00007fff579c5000 	/System/Library/Frameworks/OpenGL.framework/Versions/A/Libraries/libGLProgrammability.dylib
0x0000000122bd9000 	/System/Library/Extensions/AppleIntelSKLGraphicsGLDriver.bundle/Contents/MacOS/AppleIntelSKLGraphicsGLDriver
0x00007fff66a60000 	/System/Library/PrivateFrameworks/GPUSupport.framework/Versions/A/Libraries/libGPUSupportMercury.dylib
0x00007fff58691000 	/System/Library/Frameworks/OpenGL.framework/Versions/A/Resources/GLRendererFloat.bundle/GLRendererFloat
0x00007fff5675a000 	/System/Library/Frameworks/OpenCL.framework/Versions/A/Libraries/libcldcpuengine.dylib
0x000000010a383000 	/Library/Java/JavaVirtualMachines/jdk1.8.0_181.jdk/Contents/Home/jre/lib/libosx.dylib
0x00000001242b1000 	/Library/Java/JavaVirtualMachines/jdk1.8.0_181.jdk/Contents/Home/jre/lib/libfontmanager.dylib
0x0000000124318000 	/Library/Java/JavaVirtualMachines/jdk1.8.0_181.jdk/Contents/Home/jre/lib/libosxui.dylib
0x00007fff72a66000 	/System/Library/PrivateFrameworks/ViewBridge.framework/Versions/A/ViewBridge
0x0000000125bf5000 	/Library/Java/JavaVirtualMachines/jdk1.8.0_181.jdk/Contents/Home/jre/lib/libnet.dylib
0x0000000125c54000 	/Library/Java/JavaVirtualMachines/jdk1.8.0_181.jdk/Contents/Home/jre/lib/libnio.dylib
0x00007fff5fa97000 	/System/Library/PrivateFrameworks/CloudDocs.framework/Versions/A/CloudDocs
0x00007fff637d7000 	/System/Library/PrivateFrameworks/FileProvider.framework/Versions/A/FileProvider
0x00007fff70771000 	/System/Library/PrivateFrameworks/SpotlightIndex.framework/Versions/A/SpotlightIndex
0x00007fff712ff000 	/System/Library/PrivateFrameworks/SymptomDiagnosticReporter.framework/Versions/A/SymptomDiagnosticReporter
0x00007fff66e25000 	/System/Library/PrivateFrameworks/GenerationalStorage.framework/Versions/A/GenerationalStorage
0x00007fff5fa41000 	/System/Library/PrivateFrameworks/ChunkingLibrary.framework/Versions/A/ChunkingLibrary
0x00007fff6159b000 	/System/Library/PrivateFrameworks/CoreNLP.framework/Versions/A/CoreNLP
0x00007fff74b44000 	/usr/lib/libmecab.1.0.0.dylib
0x00007fff74775000 	/usr/lib/libgermantok.dylib
0x00007fff73bbd000 	/usr/lib/libThaiTokenizer.dylib
0x000000015404a000 	/Library/Java/JavaVirtualMachines/jdk1.8.0_181.jdk/Contents/Home/jre/lib/libdcpr.dylib
0x00007fff6eeda000 	/System/Library/PrivateFrameworks/Shortcut.framework/Versions/A/Shortcut
0x00007fff678ee000 	/System/Library/PrivateFrameworks/HelpData.framework/Versions/A/HelpData

VM Arguments:
java_command: xal.app.virtualaccelerator.Main
java_class_path (initial): /Users/nataliamilas/projects/openxal/apps/virtualaccelerator/target/classes:/Users/nataliamilas/.m2/repository/org/xal/openxal.library/1.2.4-SNAPSHOT/openxal.library-1.2.4-SNAPSHOT.jar:/Users/nataliamilas/.m2/repository/org/xal/openxal.third-party-libs/1.2.4-SNAPSHOT/openxal.third-party-libs-1.2.4-SNAPSHOT.jar
Launcher Type: SUN_STANDARD

Environment Variables:
JAVA_HOME=/Library/Java/JavaVirtualMachines/jdk1.8.0_181.jdk/Contents/Home
PATH=/usr/bin:/bin:/usr/sbin:/sbin
SHELL=/bin/bash
DISPLAY=/private/tmp/com.apple.launchd.nnX8dkShqb/org.macosforge.xquartz:0

Signal Handlers:
SIGSEGV: [libjvm.dylib+0x5b6029], sa_mask[0]=11111111011111110111111111111111, sa_flags=SA_ONSTACK|SA_RESTART|SA_SIGINFO
SIGBUS: [libjvm.dylib+0x5b6029], sa_mask[0]=11111111011111110111111111111111, sa_flags=SA_RESTART|SA_SIGINFO
SIGFPE: [libjvm.dylib+0x48b934], sa_mask[0]=11111111011111110111111111111111, sa_flags=SA_RESTART|SA_SIGINFO
SIGPIPE: [libjvm.dylib+0x48b934], sa_mask[0]=11111111011111110111111111111111, sa_flags=SA_RESTART|SA_SIGINFO
SIGXFSZ: [libjvm.dylib+0x48b934], sa_mask[0]=11111111011111110111111111111111, sa_flags=SA_RESTART|SA_SIGINFO
SIGILL: [libjvm.dylib+0x48b934], sa_mask[0]=11111111011111110111111111111111, sa_flags=SA_RESTART|SA_SIGINFO
SIGUSR1: SIG_DFL, sa_mask[0]=00000000000000000000000000000000, sa_flags=none
SIGUSR2: [libjvm.dylib+0x48b452], sa_mask[0]=00100000000000000000000000000000, sa_flags=SA_RESTART|SA_SIGINFO
SIGHUP: [libjvm.dylib+0x489a1d], sa_mask[0]=11111111011111110111111111111111, sa_flags=SA_RESTART|SA_SIGINFO
SIGINT: SIG_IGN, sa_mask[0]=00000000000000000000000000000000, sa_flags=none
SIGTERM: [libjvm.dylib+0x489a1d], sa_mask[0]=11111111011111110111111111111111, sa_flags=SA_RESTART|SA_SIGINFO
SIGQUIT: [libjvm.dylib+0x489a1d], sa_mask[0]=11111111011111110111111111111111, sa_flags=SA_RESTART|SA_SIGINFO


---------------  S Y S T E M  ---------------

OS:Bsduname:Darwin 17.7.0 Darwin Kernel Version 17.7.0: Thu Jun 21 22:53:14 PDT 2018; root:xnu-4570.71.2~1/RELEASE_X86_64 x86_64
rlimit: STACK 8192k, CORE 0k, NPROC 1418, NOFILE 10240, AS infinity
load average:3.09 2.78 2.71

CPU:total 4 (initial active 4) (2 cores per cpu, 2 threads per core) family 6 model 78 stepping 3, cmov, cx8, fxsr, mmx, sse, sse2, sse3, ssse3, sse4.1, sse4.2, popcnt, avx, avx2, aes, clmul, erms, 3dnowpref, lzcnt, ht, tsc, tscinvbit, bmi1, bmi2, adx

Memory: 4k page, physical 16777216k(642840k free)

/proc/meminfo:


vm_info: Java HotSpot(TM) 64-Bit Server VM (25.181-b13) for bsd-amd64 JRE (1.8.0_181-b13), built on Jul  7 2018 01:02:31 by "java_re" with gcc 4.2.1 (Based on Apple Inc. build 5658) (LLVM build 2336.11.00)

time: Mon Sep 17 10:49:38 2018
elapsed time: 8831 seconds (0d 2h 27m 11s)

